<?xml version="1.0" encoding="UTF-8"?>
<robot generator="Robot 6.0.1 (Python 3.8.10 on linux)" generated="20221214 12:35:24.112" rpa="false" schemaversion="3">
<suite id="s1" name="Counts" source="/home/marcelo/estudos/devnet/robot_framework/robot_lab/2-ospf/counts.robot">
<test id="s1-t1" name="Initialize" line="16">
<kw name="use genie testbed &quot;${testbed}&quot;" library="genie.libs.robot.GenieRobot" sourcename="use genie testbed &quot;${testbed}&quot;">
<doc>*DEPRECATED* Please use the "use testbed "${testbed}" keyword instead.</doc>
<msg timestamp="20221214 12:35:25.089" level="WARN">Keyword 'genie.libs.robot.GenieRobot.use genie testbed "${testbed}"' is deprecated. Please use the "use testbed "${testbed}" keyword instead.</msg>
<msg timestamp="20221214 12:35:25.092" level="WARN">Using the default YAML encoding key since no key was specified in configuration.
THIS IS A SHARED KEY AND IS NOT SECURE, PLEASE RUN `pyats secret keygen` AND ADD TO YOUR pyats.conf FILE BEFORE ENCODING ANY VALUES.</msg>
<msg timestamp="20221214 12:35:25.145" level="INFO">+------------------------------------------------------------------------------+
|                            Genie datafiles used:                             |
+------------------------------------------------------------------------------+</msg>
<msg timestamp="20221214 12:35:25.145" level="INFO">Trigger datafile          | </msg>
<msg timestamp="20221214 12:35:25.146" level="INFO">Verification  datafile    | </msg>
<msg timestamp="20221214 12:35:25.146" level="INFO">Pts datafile              | /home/marcelo/estudos/venv_estudos/lib/python3.8/site-packages/genie/libs/sdk/genie_yamls/pts_datafile.yaml</msg>
<msg timestamp="20221214 12:35:25.146" level="INFO">Subsection datafile       | /home/marcelo/estudos/venv_estudos/lib/python3.8/site-packages/genie/libs/sdk/genie_yamls/subsection_datafile.yaml</msg>
<msg timestamp="20221214 12:35:25.146" level="INFO">Config datafile           | None</msg>
<msg timestamp="20221214 12:35:25.170" level="WARN">Could not load the trigger datafile correctly, did you specify 'uut' device alias?</msg>
<status status="PASS" starttime="20221214 12:35:25.089" endtime="20221214 12:35:25.171"/>
</kw>
<kw name="connect to device &quot;NXOS&quot;" library="ats.robot.pyATSRobot" sourcename="connect to device &quot;${device:[^&quot;]+}&quot;">
<doc>Connect to device connection as defined in testbed.yaml</doc>
<msg timestamp="20221214 12:35:25.173" level="INFO">Connecting to device 'Device NXOS, type nxos'</msg>
<msg timestamp="20221214 12:35:25.173" level="INFO">kwargs: {}</msg>
<msg timestamp="20221214 12:35:27.615" level="INFO">2022-12-14 12:35:25,176: %UNICON-INFO: +++ NXOS logfile /tmp/NXOS-cli-20221214T123525175.log +++

2022-12-14 12:35:25,176: %UNICON-INFO: +++ Unicon plugin nxos (unicon.plugins.nxos) +++
User Access Verification


2022-12-14 12:35:25,966: %UNICON-INFO: +++ connection to spawn: ssh -l admin 192.168.15.212, id: 140679176185648 +++

2022-12-14 12:35:25,966: %UNICON-INFO: connection to NXOS
Password: 

Cisco NX-OS Software
Copyright (c) 2002-2018, Cisco Systems, Inc. All rights reserved.
Nexus 9000v software ("Nexus 9000v Software") and related documentation,
files or other reference materials ("Documentation") are
the proprietary property and confidential information of Cisco
Systems, Inc. ("Cisco") and are protected, without limitation,
pursuant to United States and International copyright and trademark
laws in the applicable jurisdiction which provide civil and criminal
penalties for copying or distribution without Cisco's authorization.

Any use or disclosure, in whole or in part, of the Nexus 9000v Software
or Documentation to any third party for any purposes is expressly
prohibited except as otherwise authorized by Cisco in writing.
The copyrights to certain works contained herein are owned by other
third parties and are used and distributed under license. Some parts
of this software may be covered under the GNU Public License or the
GNU Lesser General Public License. A copy of each such license is
available at
http://www.gnu.org/licenses/gpl.html and
http://www.gnu.org/licenses/lgpl.html
***************************************************************************
*  Nexus 9000v is strictly limited to use for evaluation, demonstration   *
*  and NX-OS education. Any use or disclosure, in whole or in part of     *
*  the Nexus 9000v Software or Documentation to any third party for any   *
*  purposes is expressly prohibited except as otherwise authorized by     *
*  Cisco in writing.                                                      *
***************************************************************************
NXOS# 

2022-12-14 12:35:26,533: %UNICON-INFO: +++ initializing handle +++

2022-12-14 12:35:26,599: %UNICON-INFO: +++ NXOS with via 'cli': executing command 'term length 0' +++
term length 0
NXOS# 

2022-12-14 12:35:26,771: %UNICON-INFO: +++ NXOS with via 'cli': executing command 'term width 511' +++
term width 511
NXOS# 

2022-12-14 12:35:26,938: %UNICON-INFO: +++ NXOS with via 'cli': executing command 'terminal session-timeout 0' +++
terminal session-timeout 0
NXOS# 

2022-12-14 12:35:27,022: %UNICON-INFO: +++ NXOS with via 'cli': configure +++
config term
Enter configuration commands, one per line. End with CNTL/Z.
NXOS(config)# no logging console
NXOS(config)# line console
NXOS(config-console)# exec-timeout 0
NXOS(config-console)# line vty
NXOS(config-line)# exec-timeout 0
NXOS(config-line)# terminal width 511
NXOS(config-line)# end
NXOS#</msg>
<status status="PASS" starttime="20221214 12:35:25.172" endtime="20221214 12:35:27.616"/>
</kw>
<status status="PASS" starttime="20221214 12:35:25.088" endtime="20221214 12:35:27.617"/>
</test>
<test id="s1-t2" name="Verify the counts of Ospf 'full' neighbors for NXOS" line="26">
<kw name="verify count &quot;1&quot; &quot;ospf neighbors&quot; on device &quot;NXOS&quot;" library="genie.libs.robot.GenieRobot" sourcename="verify count &quot;${number:[^&quot;]+}&quot; &quot;${structure:[^&quot;]+}&quot; on device &quot;${device:[^&quot;]+}&quot;">
<doc>Verify that a specific number of &lt;...&gt; is &lt;...&gt; on a device.</doc>
<msg timestamp="20221214 12:35:29.766" level="INFO">Could not learn &lt;class 'genie.libs.parser.nxos.show_ospf.ShowIpOspfVirtualLinks'&gt;
Parser Output is empty</msg>
<msg timestamp="20221214 12:35:30.446" level="INFO">Could not learn &lt;class 'genie.libs.parser.nxos.show_ospf.ShowIpOspfShamLinks'&gt;
Invalid command has been executed</msg>
<msg timestamp="20221214 12:35:30.447" level="INFO">+====================================================================================================================================================+</msg>
<msg timestamp="20221214 12:35:30.447" level="INFO">| Commands for learning feature 'Ospf'                                                                                                               |</msg>
<msg timestamp="20221214 12:35:30.448" level="INFO">+====================================================================================================================================================+</msg>
<msg timestamp="20221214 12:35:30.448" level="INFO">| - Parsed commands                                                                                                                                  |</msg>
<msg timestamp="20221214 12:35:30.448" level="INFO">|----------------------------------------------------------------------------------------------------------------------------------------------------|</msg>
<msg timestamp="20221214 12:35:30.448" level="INFO">|   cmd: &lt;class 'genie.libs.parser.nxos.show_feature.ShowFeature'&gt;                                                                                   |</msg>
<msg timestamp="20221214 12:35:30.448" level="INFO">|   cmd: &lt;class 'genie.libs.parser.nxos.show_ospf.ShowIpOspf'&gt;, arguments: {'vrf':'all'}                                                             |</msg>
<msg timestamp="20221214 12:35:30.448" level="INFO">|   cmd: &lt;class 'genie.libs.parser.nxos.show_ospf.ShowIpOspfMplsLdpInterface'&gt;, arguments: {'interface':'','vrf':'all'}                              |</msg>
<msg timestamp="20221214 12:35:30.448" level="INFO">|   cmd: &lt;class 'genie.libs.parser.nxos.show_ospf.ShowIpOspfDatabaseRouterDetail'&gt;, arguments: {'vrf':'all'}                                         |</msg>
<msg timestamp="20221214 12:35:30.448" level="INFO">|   cmd: &lt;class 'genie.libs.parser.nxos.show_ospf.ShowIpOspfDatabaseNetworkDetail'&gt;, arguments: {'vrf':'all'}                                        |</msg>
<msg timestamp="20221214 12:35:30.448" level="INFO">|   cmd: &lt;class 'genie.libs.parser.nxos.show_ospf.ShowIpOspfDatabaseSummaryDetail'&gt;, arguments: {'vrf':'all'}                                        |</msg>
<msg timestamp="20221214 12:35:30.448" level="INFO">|   cmd: &lt;class 'genie.libs.parser.nxos.show_ospf.ShowIpOspfDatabaseExternalDetail'&gt;, arguments: {'vrf':'all'}                                       |</msg>
<msg timestamp="20221214 12:35:30.448" level="INFO">|   cmd: &lt;class 'genie.libs.parser.nxos.show_ospf.ShowIpOspfDatabaseOpaqueAreaDetail'&gt;, arguments: {'vrf':'all'}                                     |</msg>
<msg timestamp="20221214 12:35:30.448" level="INFO">|   cmd: &lt;class 'genie.libs.parser.nxos.show_ospf.ShowIpOspfInterface'&gt;, arguments: {'interface':'','vrf':'all'}                                     |</msg>
<msg timestamp="20221214 12:35:30.448" level="INFO">|   cmd: &lt;class 'genie.libs.parser.nxos.show_ospf.ShowIpOspfNeighborDetail'&gt;, arguments: {'neighbor':'','vrf':'all'}                                 |</msg>
<msg timestamp="20221214 12:35:30.448" level="INFO">|====================================================================================================================================================|</msg>
<msg timestamp="20221214 12:35:30.448" level="INFO">| - Commands not accepted on the device                                                                                                              |</msg>
<msg timestamp="20221214 12:35:30.448" level="INFO">|----------------------------------------------------------------------------------------------------------------------------------------------------|</msg>
<msg timestamp="20221214 12:35:30.449" level="INFO">|   cmd: &lt;class 'genie.libs.parser.nxos.show_ospf.ShowIpOspfShamLinks'&gt;, arguments: {'vrf':'all'}                                                    |</msg>
<msg timestamp="20221214 12:35:30.449" level="INFO">|====================================================================================================================================================|</msg>
<msg timestamp="20221214 12:35:30.449" level="INFO">| - Commands with empty output                                                                                                                       |</msg>
<msg timestamp="20221214 12:35:30.449" level="INFO">|----------------------------------------------------------------------------------------------------------------------------------------------------|</msg>
<msg timestamp="20221214 12:35:30.449" level="INFO">|   cmd: &lt;class 'genie.libs.parser.nxos.show_ospf.ShowIpOspfVirtualLinks'&gt;, arguments: {'vrf':'all'}                                                 |</msg>
<msg timestamp="20221214 12:35:30.449" level="INFO">|====================================================================================================================================================|</msg>
<msg timestamp="20221214 12:35:30.509" level="INFO">2022-12-14 12:35:28,036: %UNICON-INFO: +++ NXOS with via 'cli': executing command 'show feature' +++
show feature
Feature Name          Instance  State   
--------------------  --------  --------
Flexlink               1          disabled
analytics              1          disabled
bash-shell             1          disabled
bfd                    1          disabled
bgp                    1          enabled(not-running)
bulkstat               1          disabled
cable-management       1          disabled
catena                 1          disabled
container-tracker      1          disabled
macsec                 1          disabled
dhcp                   1          disabled
dot1x                  1          disabled
eigrp                  1          disabled
eigrp                  2          disabled
eigrp                  3          disabled
eigrp                  4          disabled
eigrp                  5          disabled
eigrp                  6          disabled
eigrp                  7          disabled
eigrp                  8          disabled
eigrp                  9          disabled
eigrp                  10         disabled
eigrp                  11         disabled
eigrp                  12         disabled
eigrp                  13         disabled
eigrp                  14         disabled
eigrp                  15         disabled
eigrp                  16         disabled
eth-port-sec           1          disabled
evb                    1          disabled
evc                    1          disabled
evmed                  1          disabled
fabric-access          1          disabled
fabric_mcast           1          disabled
grpc                   1          disabled
hardware-telemetry     1          disabled
hmm                    1          disabled
hsrp_engine            1          disabled
icam                   1          disabled
imp                    1          disabled
interface-vlan         1          disabled
isis                   1          disabled
isis                   2          disabled
isis                   3          disabled
isis                   4          disabled
isis                   5          disabled
isis                   6          disabled
isis                   7          disabled
isis                   8          disabled
isis                   9          disabled
isis                   10         disabled
isis                   11         disabled
isis                   12         disabled
isis                   13         disabled
isis                   14         disabled
isis                   15         disabled
isis                   16         disabled
itd                    1          disabled
l2vpn                  1          disabled
l3vpn                  1          disabled
lacp                   1          disabled
ldap                   1          disabled
ldp                    1          disabled
license-smart          1          disabled
lldp                   1          disabled
mpls-evpn              1          disabled
mpls_oam               1          disabled
mpls_static            1          disabled
msdp                   1          disabled
mvrp                   1          disabled
nat                    1          disabled
nbm                    1          disabled
netconf                1          disabled
ngmvpn                 1          disabled
ngoam                  1          disabled
npiv                   1          disabled
nve                    1          disabled
nxapi                  1          disabled
nxsdk_app1             1          disabled
nxsdk_app10            1          disabled
nxsdk_app11            1          disabled
nxsdk_app12            1          disabled
nxsdk_app13            1          disabled
nxsdk_app14            1          disabled
nxsdk_app15            1          disabled
nxsdk_app16            1          disabled
nxsdk_app17            1          disabled
nxsdk_app18            1          disabled
nxsdk_app19            1          disabled
nxsdk_app2             1          disabled
nxsdk_app20            1          disabled
nxsdk_app21            1          disabled
nxsdk_app22            1          disabled
nxsdk_app23            1          disabled
nxsdk_app24            1          disabled
nxsdk_app25            1          disabled
nxsdk_app26            1          disabled
nxsdk_app27            1          disabled
nxsdk_app28            1          disabled
nxsdk_app29            1          disabled
nxsdk_app3             1          disabled
nxsdk_app30            1          disabled
nxsdk_app31            1          disabled
nxsdk_app32            1          disabled
nxsdk_app4             1          disabled
nxsdk_app5             1          disabled
nxsdk_app6             1          disabled
nxsdk_app7             1          disabled
nxsdk_app8             1          disabled
nxsdk_app9             1          disabled
nxsdk_mgr              1          disabled
onep                   1          disabled
openflow               1          disabled
ospf                   1          enabled 
ospf                   2          enabled(not-running)
ospf                   3          enabled(not-running)
ospf                   4          enabled(not-running)
ospf                   5          enabled(not-running)
ospf                   6          enabled(not-running)
ospf                   7          enabled(not-running)
ospf                   8          enabled(not-running)
ospf                   9          enabled(not-running)
ospf                   10         enabled(not-running)
ospf                   11         enabled(not-running)
ospf                   12         enabled(not-running)
ospf                   13         enabled(not-running)
ospf                   14         enabled(not-running)
ospf                   15         enabled(not-running)
ospf                   16         enabled(not-running)
ospfv3                 1          disabled
ospfv3                 2          disabled
ospfv3                 3          disabled
ospfv3                 4          disabled
ospfv3                 5          disabled
ospfv3                 6          disabled
ospfv3                 7          disabled
ospfv3                 8          disabled
ospfv3                 9          disabled
ospfv3                 10         disabled
ospfv3                 11         disabled
ospfv3                 12         disabled
ospfv3                 13         disabled
ospfv3                 14         disabled
ospfv3                 15         disabled
ospfv3                 16         disabled
pbr                    1          disabled
pim                    1          disabled
pim6                   1          disabled
plb                    1          disabled
pnp                    1          disabled
poe                    1          disabled
private-vlan           1          disabled
privilege              1          disabled
ptp                    1          disabled
restconf               1          disabled
rip                    1          disabled
rip                    2          disabled
rip                    3          disabled
rip                    4          disabled
rise                   1          disabled
scheduler              1          disabled
scpServer              1          disabled
segment-routing        1          disabled
sflow                  1          disabled
sftpServer             1          disabled
sla_responder          1          disabled
sla_sender             1          disabled
sla_twamp              1          disabled
smart-channel          1          disabled
srte                   1          disabled
sshServer              1          enabled 
tacacs                 1          disabled
telemetry              1          disabled
telnetServer           1          disabled
tunnel                 1          disabled
udld                   1          disabled
vmtracker              1          disabled
vni                    1          disabled
vnseg_vlan             1          disabled
vpc                    1          disabled
vrrp                   1          disabled
vrrpv3                 1          disabled
vtp                    1          disabled
NXOS# 

2022-12-14 12:35:28,262: %UNICON-INFO: +++ NXOS with via 'cli': executing command 'show ip ospf vrf all' +++
show ip ospf vrf all

 Routing Process 100 with ID 40.0.0.1 VRF default
 Routing Process Instance Number 1
 Stateful High Availability enabled
 Graceful-restart is configured
   Grace period: 60 state: Inactive 
   Last graceful restart exit status: None
 Supports only single TOS(TOS0) routes
 Supports opaque LSA
 Administrative distance 110
 Reference Bandwidth is 40000 Mbps
 SPF throttling delay time of 200.000 msecs,
   SPF throttling hold time of 1000.000 msecs, 
   SPF throttling maximum wait time of 5000.000 msecs
 LSA throttling start time of 0.000 msecs,
   LSA throttling hold interval of 5000.000 msecs, 
   LSA throttling maximum wait time of 5000.000 msecs
 Minimum LSA arrival 1000.000 msec
 LSA group pacing timer 10 secs
 Maximum paths to destination 8
 Number of external LSAs 0, checksum sum 0
 Number of opaque AS LSAs 0, checksum sum 0
 Number of areas is 1, 1 normal, 0 stub, 0 nssa
 Number of active areas is 1, 1 normal, 0 stub, 0 nssa
 Install discard route for summarized external routes.
 Install discard route for summarized internal routes.
   Area BACKBONE(0.0.0.0) 
        Area has existed for 03:42:15
        Interfaces in this area: 2 Active interfaces: 1
        Passive interfaces: 0  Loopback interfaces: 0
        No authentication available
        SPF calculation has run 11 times
         Last SPF ran for 0.000403s
        Area ranges are
        Number of LSAs: 3, checksum sum 0x20cf3
NXOS# 

2022-12-14 12:35:28,446: %UNICON-INFO: +++ NXOS with via 'cli': executing command 'show ip ospf mpls ldp interface vrf all' +++
show ip ospf mpls ldp interface vrf all
Ethernet1/1 - Process ID 100 VRF default, area 0.0.0.0
    LDP Autoconfig not enabled
    LDP Sync not enabled, not required
    State BDR, Network type BROADCAST
Ethernet1/2 - Process ID 100 VRF default, area 0.0.0.0
    LDP Autoconfig not enabled
    LDP Sync not enabled, not required
    State DOWN, Network type BROADCAST
NXOS# 

2022-12-14 12:35:28,614: %UNICON-INFO: +++ NXOS with via 'cli': executing command 'show ip ospf database router detail vrf all' +++
show ip ospf database router detail vrf all
        OSPF Router with ID (40.0.0.1) (Process ID 100 VRF default)

                Router Link States (Area 0.0.0.0)

   LS age: 963
   Options: 0x22 (No TOS-capability, DC)
   LS Type: Router Links
   Link State ID: 20.0.0.1 
   Advertising Router: 20.0.0.1
   LS Seq Number: 0x80000009
   Checksum: 0x93aa
   Length: 48
    Number of links: 2

     Link connected to: a Stub Network
      (Link ID) Network/Subnet Number: 20.0.0.1
      (Link Data) Network Mask: 255.255.255.255
       Number of TOS metrics: 0
         TOS   0 Metric: 1

     Link connected to: a Transit Network
      (Link ID) Designated Router address: 192.168.15.213
      (Link Data) Router Interface address: 192.168.15.213
       Number of TOS metrics: 0
         TOS   0 Metric: 1

   LS age: 389
   Options: 0x2 (No TOS-capability, No DC)
   LS Type: Router Links
   Link State ID: 40.0.0.1 
   Advertising Router: 40.0.0.1
   LS Seq Number: 0x8000000d
   Checksum: 0xf63b
   Length: 36
    Number of links: 1

     Link connected to: a Transit Network
      (Link ID) Designated Router address: 192.168.15.213
      (Link Data) Router Interface address: 192.168.15.212
       Number of TOS metrics: 0
         TOS   0 Metric: 40


NXOS# 

2022-12-14 12:35:28,837: %UNICON-INFO: +++ NXOS with via 'cli': executing command 'show ip ospf database network detail vrf all' +++
show ip ospf database network detail vrf all
        OSPF Router with ID (40.0.0.1) (Process ID 100 VRF default)

                Network Link States (Area 0.0.0.0)

   LS age: 964
   Options: 0x22 (No TOS-capability, DC)
   LS Type: Network Links
   Link State ID: 192.168.15.213 (Designated Router address)
   Advertising Router: 20.0.0.1
   LS Seq Number: 0x80000008
   Checksum: 0x830e
   Length: 32
   Network Mask: /24
         Attached Router: 20.0.0.1
         Attached Router: 40.0.0.1


NXOS# 

2022-12-14 12:35:29,024: %UNICON-INFO: +++ NXOS with via 'cli': executing command 'show ip ospf database summary detail vrf all' +++
show ip ospf database summary detail vrf all
        OSPF Router with ID (40.0.0.1) (Process ID 100 VRF default)

NXOS# 

2022-12-14 12:35:29,231: %UNICON-INFO: +++ NXOS with via 'cli': executing command 'show ip ospf database external detail vrf all' +++
show ip ospf database external detail vrf all
        OSPF Router with ID (40.0.0.1) (Process ID 100 VRF default)

NXOS# 

2022-12-14 12:35:29,428: %UNICON-INFO: +++ NXOS with via 'cli': executing command 'show ip ospf database opaque-area detail vrf all' +++
show ip ospf database opaque-area detail vrf all
        OSPF Router with ID (40.0.0.1) (Process ID 100 VRF default)

NXOS# 

2022-12-14 12:35:29,592: %UNICON-INFO: +++ NXOS with via 'cli': executing command 'show ip ospf virtual-links vrf all' +++
show ip ospf virtual-links vrf all
NXOS# 

2022-12-14 12:35:29,832: %UNICON-INFO: +++ NXOS with via 'cli': executing command 'show ip ospf interface vrf all' +++
show ip ospf interface vrf all
 Ethernet1/1 is up, line protocol is up
    IP address 192.168.15.212/24
    Process ID 100 VRF default, area 0.0.0.0
    Enabled by interface configuration
    State BDR, Network type BROADCAST, cost 40
    Index 1, Transmit delay 1 sec, Router Priority 1
    Designated Router ID: 20.0.0.1, address: 192.168.15.213
    Backup Designated Router ID: 40.0.0.1, address: 192.168.15.212
    1 Neighbors, flooding to 1, adjacent with 1
    Timer intervals: Hello 10, Dead 40, Wait 40, Retransmit 5
      Hello timer due in 00:00:07
    No authentication
    Number of opaque link LSAs: 0, checksum sum 0
 Ethernet1/2 is down, line protocol is down
    IP address 192.168.15.214/24
    Process ID 100 VRF default, area 0.0.0.0
    Enabled by interface configuration
    State DOWN, Network type BROADCAST, cost 4
    Index 2, Transmit delay 1 sec, Router Priority 1
    No designated router on this network
    No backup designated router on this network
    0 Neighbors, flooding to 0, adjacent with 0
    Timer intervals: Hello 10, Dead 40, Wait 40, Retransmit 5
    No authentication
    Number of opaque link LSAs: 0, checksum sum 0

NXOS# 

2022-12-14 12:35:30,017: %UNICON-INFO: +++ NXOS with via 'cli': executing command 'show ip ospf neighbors detail vrf all' +++
show ip ospf neighbors detail vrf all
 Neighbor 20.0.0.1, interface address 192.168.15.213
    Process ID 100 VRF default, in area 0.0.0.0 via interface Ethernet1/1
    State is FULL, 5 state changes, last change 03:39:22
    Neighbor priority is 1
    DR is 192.168.15.213 BDR is 192.168.15.212
    Hello options 0x12, dbd options 0x52
    Last non-hello packet received 00:06:28
      Dead timer due in 00:00:35

NXOS# 

2022-12-14 12:35:30,244: %UNICON-INFO: +++ NXOS with via 'cli': executing command 'show ip ospf sham-links vrf all' +++
show ip ospf sham-links vrf all
                    ^
% Invalid command at '^' marker.
NXOS#</msg>
<status status="PASS" starttime="20221214 12:35:27.618" endtime="20221214 12:35:30.509"/>
</kw>
<status status="PASS" starttime="20221214 12:35:27.617" endtime="20221214 12:35:30.509"/>
</test>
<test id="s1-t3" name="Verify the counts of Ospf 'full' neighbors for NXOS" line="30">
<kw name="verify count &quot;2&quot; &quot;ospf neighbors&quot; on device &quot;NXOS&quot;" library="genie.libs.robot.GenieRobot" sourcename="verify count &quot;${number:[^&quot;]+}&quot; &quot;${structure:[^&quot;]+}&quot; on device &quot;${device:[^&quot;]+}&quot;">
<doc>Verify that a specific number of &lt;...&gt; is &lt;...&gt; on a device.</doc>
<msg timestamp="20221214 12:35:32.496" level="INFO">Could not learn &lt;class 'genie.libs.parser.nxos.show_ospf.ShowIpOspfVirtualLinks'&gt;
Parser Output is empty</msg>
<msg timestamp="20221214 12:35:33.151" level="INFO">Could not learn &lt;class 'genie.libs.parser.nxos.show_ospf.ShowIpOspfShamLinks'&gt;
Invalid command has been executed</msg>
<msg timestamp="20221214 12:35:33.152" level="INFO">+====================================================================================================================================================+</msg>
<msg timestamp="20221214 12:35:33.152" level="INFO">| Commands for learning feature 'Ospf'                                                                                                               |</msg>
<msg timestamp="20221214 12:35:33.152" level="INFO">+====================================================================================================================================================+</msg>
<msg timestamp="20221214 12:35:33.152" level="INFO">| - Parsed commands                                                                                                                                  |</msg>
<msg timestamp="20221214 12:35:33.152" level="INFO">|----------------------------------------------------------------------------------------------------------------------------------------------------|</msg>
<msg timestamp="20221214 12:35:33.152" level="INFO">|   cmd: &lt;class 'genie.libs.parser.nxos.show_feature.ShowFeature'&gt;                                                                                   |</msg>
<msg timestamp="20221214 12:35:33.152" level="INFO">|   cmd: &lt;class 'genie.libs.parser.nxos.show_ospf.ShowIpOspf'&gt;, arguments: {'vrf':'all'}                                                             |</msg>
<msg timestamp="20221214 12:35:33.152" level="INFO">|   cmd: &lt;class 'genie.libs.parser.nxos.show_ospf.ShowIpOspfMplsLdpInterface'&gt;, arguments: {'interface':'','vrf':'all'}                              |</msg>
<msg timestamp="20221214 12:35:33.152" level="INFO">|   cmd: &lt;class 'genie.libs.parser.nxos.show_ospf.ShowIpOspfDatabaseRouterDetail'&gt;, arguments: {'vrf':'all'}                                         |</msg>
<msg timestamp="20221214 12:35:33.152" level="INFO">|   cmd: &lt;class 'genie.libs.parser.nxos.show_ospf.ShowIpOspfDatabaseNetworkDetail'&gt;, arguments: {'vrf':'all'}                                        |</msg>
<msg timestamp="20221214 12:35:33.152" level="INFO">|   cmd: &lt;class 'genie.libs.parser.nxos.show_ospf.ShowIpOspfDatabaseSummaryDetail'&gt;, arguments: {'vrf':'all'}                                        |</msg>
<msg timestamp="20221214 12:35:33.152" level="INFO">|   cmd: &lt;class 'genie.libs.parser.nxos.show_ospf.ShowIpOspfDatabaseExternalDetail'&gt;, arguments: {'vrf':'all'}                                       |</msg>
<msg timestamp="20221214 12:35:33.152" level="INFO">|   cmd: &lt;class 'genie.libs.parser.nxos.show_ospf.ShowIpOspfDatabaseOpaqueAreaDetail'&gt;, arguments: {'vrf':'all'}                                     |</msg>
<msg timestamp="20221214 12:35:33.152" level="INFO">|   cmd: &lt;class 'genie.libs.parser.nxos.show_ospf.ShowIpOspfInterface'&gt;, arguments: {'interface':'','vrf':'all'}                                     |</msg>
<msg timestamp="20221214 12:35:33.153" level="INFO">|   cmd: &lt;class 'genie.libs.parser.nxos.show_ospf.ShowIpOspfNeighborDetail'&gt;, arguments: {'neighbor':'','vrf':'all'}                                 |</msg>
<msg timestamp="20221214 12:35:33.153" level="INFO">|====================================================================================================================================================|</msg>
<msg timestamp="20221214 12:35:33.153" level="INFO">| - Commands not accepted on the device                                                                                                              |</msg>
<msg timestamp="20221214 12:35:33.153" level="INFO">|----------------------------------------------------------------------------------------------------------------------------------------------------|</msg>
<msg timestamp="20221214 12:35:33.153" level="INFO">|   cmd: &lt;class 'genie.libs.parser.nxos.show_ospf.ShowIpOspfShamLinks'&gt;, arguments: {'vrf':'all'}                                                    |</msg>
<msg timestamp="20221214 12:35:33.153" level="INFO">|====================================================================================================================================================|</msg>
<msg timestamp="20221214 12:35:33.153" level="INFO">| - Commands with empty output                                                                                                                       |</msg>
<msg timestamp="20221214 12:35:33.153" level="INFO">|----------------------------------------------------------------------------------------------------------------------------------------------------|</msg>
<msg timestamp="20221214 12:35:33.153" level="INFO">|   cmd: &lt;class 'genie.libs.parser.nxos.show_ospf.ShowIpOspfVirtualLinks'&gt;, arguments: {'vrf':'all'}                                                 |</msg>
<msg timestamp="20221214 12:35:33.153" level="INFO">|====================================================================================================================================================|</msg>
<msg timestamp="20221214 12:35:33.217" level="INFO">2022-12-14 12:35:30,591: %UNICON-INFO: +++ NXOS with via 'cli': executing command 'show feature' +++
show feature
Feature Name          Instance  State   
--------------------  --------  --------
Flexlink               1          disabled
analytics              1          disabled
bash-shell             1          disabled
bfd                    1          disabled
bgp                    1          enabled(not-running)
bulkstat               1          disabled
cable-management       1          disabled
catena                 1          disabled
container-tracker      1          disabled
macsec                 1          disabled
dhcp                   1          disabled
dot1x                  1          disabled
eigrp                  1          disabled
eigrp                  2          disabled
eigrp                  3          disabled
eigrp                  4          disabled
eigrp                  5          disabled
eigrp                  6          disabled
eigrp                  7          disabled
eigrp                  8          disabled
eigrp                  9          disabled
eigrp                  10         disabled
eigrp                  11         disabled
eigrp                  12         disabled
eigrp                  13         disabled
eigrp                  14         disabled
eigrp                  15         disabled
eigrp                  16         disabled
eth-port-sec           1          disabled
evb                    1          disabled
evc                    1          disabled
evmed                  1          disabled
fabric-access          1          disabled
fabric_mcast           1          disabled
grpc                   1          disabled
hardware-telemetry     1          disabled
hmm                    1          disabled
hsrp_engine            1          disabled
icam                   1          disabled
imp                    1          disabled
interface-vlan         1          disabled
isis                   1          disabled
isis                   2          disabled
isis                   3          disabled
isis                   4          disabled
isis                   5          disabled
isis                   6          disabled
isis                   7          disabled
isis                   8          disabled
isis                   9          disabled
isis                   10         disabled
isis                   11         disabled
isis                   12         disabled
isis                   13         disabled
isis                   14         disabled
isis                   15         disabled
isis                   16         disabled
itd                    1          disabled
l2vpn                  1          disabled
l3vpn                  1          disabled
lacp                   1          disabled
ldap                   1          disabled
ldp                    1          disabled
license-smart          1          disabled
lldp                   1          disabled
mpls-evpn              1          disabled
mpls_oam               1          disabled
mpls_static            1          disabled
msdp                   1          disabled
mvrp                   1          disabled
nat                    1          disabled
nbm                    1          disabled
netconf                1          disabled
ngmvpn                 1          disabled
ngoam                  1          disabled
npiv                   1          disabled
nve                    1          disabled
nxapi                  1          disabled
nxsdk_app1             1          disabled
nxsdk_app10            1          disabled
nxsdk_app11            1          disabled
nxsdk_app12            1          disabled
nxsdk_app13            1          disabled
nxsdk_app14            1          disabled
nxsdk_app15            1          disabled
nxsdk_app16            1          disabled
nxsdk_app17            1          disabled
nxsdk_app18            1          disabled
nxsdk_app19            1          disabled
nxsdk_app2             1          disabled
nxsdk_app20            1          disabled
nxsdk_app21            1          disabled
nxsdk_app22            1          disabled
nxsdk_app23            1          disabled
nxsdk_app24            1          disabled
nxsdk_app25            1          disabled
nxsdk_app26            1          disabled
nxsdk_app27            1          disabled
nxsdk_app28            1          disabled
nxsdk_app29            1          disabled
nxsdk_app3             1          disabled
nxsdk_app30            1          disabled
nxsdk_app31            1          disabled
nxsdk_app32            1          disabled
nxsdk_app4             1          disabled
nxsdk_app5             1          disabled
nxsdk_app6             1          disabled
nxsdk_app7             1          disabled
nxsdk_app8             1          disabled
nxsdk_app9             1          disabled
nxsdk_mgr              1          disabled
onep                   1          disabled
openflow               1          disabled
ospf                   1          enabled 
ospf                   2          enabled(not-running)
ospf                   3          enabled(not-running)
ospf                   4          enabled(not-running)
ospf                   5          enabled(not-running)
ospf                   6          enabled(not-running)
ospf                   7          enabled(not-running)
ospf                   8          enabled(not-running)
ospf                   9          enabled(not-running)
ospf                   10         enabled(not-running)
ospf                   11         enabled(not-running)
ospf                   12         enabled(not-running)
ospf                   13         enabled(not-running)
ospf                   14         enabled(not-running)
ospf                   15         enabled(not-running)
ospf                   16         enabled(not-running)
ospfv3                 1          disabled
ospfv3                 2          disabled
ospfv3                 3          disabled
ospfv3                 4          disabled
ospfv3                 5          disabled
ospfv3                 6          disabled
ospfv3                 7          disabled
ospfv3                 8          disabled
ospfv3                 9          disabled
ospfv3                 10         disabled
ospfv3                 11         disabled
ospfv3                 12         disabled
ospfv3                 13         disabled
ospfv3                 14         disabled
ospfv3                 15         disabled
ospfv3                 16         disabled
pbr                    1          disabled
pim                    1          disabled
pim6                   1          disabled
plb                    1          disabled
pnp                    1          disabled
poe                    1          disabled
private-vlan           1          disabled
privilege              1          disabled
ptp                    1          disabled
restconf               1          disabled
rip                    1          disabled
rip                    2          disabled
rip                    3          disabled
rip                    4          disabled
rise                   1          disabled
scheduler              1          disabled
scpServer              1          disabled
segment-routing        1          disabled
sflow                  1          disabled
sftpServer             1          disabled
sla_responder          1          disabled
sla_sender             1          disabled
sla_twamp              1          disabled
smart-channel          1          disabled
srte                   1          disabled
sshServer              1          enabled 
tacacs                 1          disabled
telemetry              1          disabled
telnetServer           1          disabled
tunnel                 1          disabled
udld                   1          disabled
vmtracker              1          disabled
vni                    1          disabled
vnseg_vlan             1          disabled
vpc                    1          disabled
vrrp                   1          disabled
vrrpv3                 1          disabled
vtp                    1          disabled
NXOS# 

2022-12-14 12:35:30,908: %UNICON-INFO: +++ NXOS with via 'cli': executing command 'show ip ospf vrf all' +++
show ip ospf vrf all

 Routing Process 100 with ID 40.0.0.1 VRF default
 Routing Process Instance Number 1
 Stateful High Availability enabled
 Graceful-restart is configured
   Grace period: 60 state: Inactive 
   Last graceful restart exit status: None
 Supports only single TOS(TOS0) routes
 Supports opaque LSA
 Administrative distance 110
 Reference Bandwidth is 40000 Mbps
 SPF throttling delay time of 200.000 msecs,
   SPF throttling hold time of 1000.000 msecs, 
   SPF throttling maximum wait time of 5000.000 msecs
 LSA throttling start time of 0.000 msecs,
   LSA throttling hold interval of 5000.000 msecs, 
   LSA throttling maximum wait time of 5000.000 msecs
 Minimum LSA arrival 1000.000 msec
 LSA group pacing timer 10 secs
 Maximum paths to destination 8
 Number of external LSAs 0, checksum sum 0
 Number of opaque AS LSAs 0, checksum sum 0
 Number of areas is 1, 1 normal, 0 stub, 0 nssa
 Number of active areas is 1, 1 normal, 0 stub, 0 nssa
 Install discard route for summarized external routes.
 Install discard route for summarized internal routes.
   Area BACKBONE(0.0.0.0) 
        Area has existed for 03:42:18
        Interfaces in this area: 2 Active interfaces: 1
        Passive interfaces: 0  Loopback interfaces: 0
        No authentication available
        SPF calculation has run 11 times
         Last SPF ran for 0.000403s
        Area ranges are
        Number of LSAs: 3, checksum sum 0x20cf3
NXOS# 

2022-12-14 12:35:31,172: %UNICON-INFO: +++ NXOS with via 'cli': executing command 'show ip ospf mpls ldp interface vrf all' +++
show ip ospf mpls ldp interface vrf all
Ethernet1/1 - Process ID 100 VRF default, area 0.0.0.0
    LDP Autoconfig not enabled
    LDP Sync not enabled, not required
    State BDR, Network type BROADCAST
Ethernet1/2 - Process ID 100 VRF default, area 0.0.0.0
    LDP Autoconfig not enabled
    LDP Sync not enabled, not required
    State DOWN, Network type BROADCAST
NXOS# 

2022-12-14 12:35:31,368: %UNICON-INFO: +++ NXOS with via 'cli': executing command 'show ip ospf database router detail vrf all' +++
show ip ospf database router detail vrf all
        OSPF Router with ID (40.0.0.1) (Process ID 100 VRF default)

                Router Link States (Area 0.0.0.0)

   LS age: 966
   Options: 0x22 (No TOS-capability, DC)
   LS Type: Router Links
   Link State ID: 20.0.0.1 
   Advertising Router: 20.0.0.1
   LS Seq Number: 0x80000009
   Checksum: 0x93aa
   Length: 48
    Number of links: 2

     Link connected to: a Stub Network
      (Link ID) Network/Subnet Number: 20.0.0.1
      (Link Data) Network Mask: 255.255.255.255
       Number of TOS metrics: 0
         TOS   0 Metric: 1

     Link connected to: a Transit Network
      (Link ID) Designated Router address: 192.168.15.213
      (Link Data) Router Interface address: 192.168.15.213
       Number of TOS metrics: 0
         TOS   0 Metric: 1

   LS age: 392
   Options: 0x2 (No TOS-capability, No DC)
   LS Type: Router Links
   Link State ID: 40.0.0.1 
   Advertising Router: 40.0.0.1
   LS Seq Number: 0x8000000d
   Checksum: 0xf63b
   Length: 36
    Number of links: 1

     Link connected to: a Transit Network
      (Link ID) Designated Router address: 192.168.15.213
      (Link Data) Router Interface address: 192.168.15.212
       Number of TOS metrics: 0
         TOS   0 Metric: 40


NXOS# 

2022-12-14 12:35:31,532: %UNICON-INFO: +++ NXOS with via 'cli': executing command 'show ip ospf database network detail vrf all' +++
show ip ospf database network detail vrf all
        OSPF Router with ID (40.0.0.1) (Process ID 100 VRF default)

                Network Link States (Area 0.0.0.0)

   LS age: 966
   Options: 0x22 (No TOS-capability, DC)
   LS Type: Network Links
   Link State ID: 192.168.15.213 (Designated Router address)
   Advertising Router: 20.0.0.1
   LS Seq Number: 0x80000008
   Checksum: 0x830e
   Length: 32
   Network Mask: /24
         Attached Router: 20.0.0.1
         Attached Router: 40.0.0.1


NXOS# 

2022-12-14 12:35:31,782: %UNICON-INFO: +++ NXOS with via 'cli': executing command 'show ip ospf database summary detail vrf all' +++
show ip ospf database summary detail vrf all
        OSPF Router with ID (40.0.0.1) (Process ID 100 VRF default)

NXOS# 

2022-12-14 12:35:31,972: %UNICON-INFO: +++ NXOS with via 'cli': executing command 'show ip ospf database external detail vrf all' +++
show ip ospf database external detail vrf all
        OSPF Router with ID (40.0.0.1) (Process ID 100 VRF default)

NXOS# 

2022-12-14 12:35:32,201: %UNICON-INFO: +++ NXOS with via 'cli': executing command 'show ip ospf database opaque-area detail vrf all' +++
show ip ospf database opaque-area detail vrf all
        OSPF Router with ID (40.0.0.1) (Process ID 100 VRF default)

NXOS# 

2022-12-14 12:35:32,405: %UNICON-INFO: +++ NXOS with via 'cli': executing command 'show ip ospf virtual-links vrf all' +++
show ip ospf virtual-links vrf all
NXOS# 

2022-12-14 12:35:32,564: %UNICON-INFO: +++ NXOS with via 'cli': executing command 'show ip ospf interface vrf all' +++
show ip ospf interface vrf all
 Ethernet1/1 is up, line protocol is up
    IP address 192.168.15.212/24
    Process ID 100 VRF default, area 0.0.0.0
    Enabled by interface configuration
    State BDR, Network type BROADCAST, cost 40
    Index 1, Transmit delay 1 sec, Router Priority 1
    Designated Router ID: 20.0.0.1, address: 192.168.15.213
    Backup Designated Router ID: 40.0.0.1, address: 192.168.15.212
    1 Neighbors, flooding to 1, adjacent with 1
    Timer intervals: Hello 10, Dead 40, Wait 40, Retransmit 5
      Hello timer due in 00:00:04
    No authentication
    Number of opaque link LSAs: 0, checksum sum 0
 Ethernet1/2 is down, line protocol is down
    IP address 192.168.15.214/24
    Process ID 100 VRF default, area 0.0.0.0
    Enabled by interface configuration
    State DOWN, Network type BROADCAST, cost 4
    Index 2, Transmit delay 1 sec, Router Priority 1
    No designated router on this network
    No backup designated router on this network
    0 Neighbors, flooding to 0, adjacent with 0
    Timer intervals: Hello 10, Dead 40, Wait 40, Retransmit 5
    No authentication
    Number of opaque link LSAs: 0, checksum sum 0

NXOS# 

2022-12-14 12:35:32,803: %UNICON-INFO: +++ NXOS with via 'cli': executing command 'show ip ospf neighbors detail vrf all' +++
show ip ospf neighbors detail vrf all
 Neighbor 20.0.0.1, interface address 192.168.15.213
    Process ID 100 VRF default, in area 0.0.0.0 via interface Ethernet1/1
    State is FULL, 5 state changes, last change 03:39:25
    Neighbor priority is 1
    DR is 192.168.15.213 BDR is 192.168.15.212
    Hello options 0x12, dbd options 0x52
    Last non-hello packet received 00:06:31
      Dead timer due in 00:00:32

NXOS# 

2022-12-14 12:35:32,967: %UNICON-INFO: +++ NXOS with via 'cli': executing command 'show ip ospf sham-links vrf all' +++
show ip ospf sham-links vrf all
                    ^
% Invalid command at '^' marker.
NXOS#</msg>
<msg timestamp="20221214 12:35:33.217" level="FAIL">Expected '2', but found '1'</msg>
<status status="FAIL" starttime="20221214 12:35:30.510" endtime="20221214 12:35:33.218"/>
</kw>
<status status="FAIL" starttime="20221214 12:35:30.510" endtime="20221214 12:35:33.218">Expected '2', but found '1'</status>
</test>
<test id="s1-t4" name="Verify the counts of 'up' Interace for NXOS" line="34">
<kw name="verify count &quot;7&quot; &quot;interface up&quot; on device &quot;NXOS&quot;" library="genie.libs.robot.GenieRobot" sourcename="verify count &quot;${number:[^&quot;]+}&quot; &quot;${structure:[^&quot;]+}&quot; on device &quot;${device:[^&quot;]+}&quot;">
<doc>Verify that a specific number of &lt;...&gt; is &lt;...&gt; on a device.</doc>
<msg timestamp="20221214 12:35:39.102" level="INFO">Could not learn &lt;class 'genie.libs.parser.nxos.show_interface.ShowIpv6InterfaceVrfAll'&gt;
Parser Output is empty</msg>
<msg timestamp="20221214 12:35:39.386" level="INFO">Could not learn &lt;class 'genie.libs.parser.nxos.show_routing.ShowRoutingIpv6VrfAll'&gt;
Parser Output is empty</msg>
<msg timestamp="20221214 12:35:39.387" level="INFO">+====================================================================================================================================================+</msg>
<msg timestamp="20221214 12:35:39.387" level="INFO">| Commands for learning feature 'Interface'                                                                                                          |</msg>
<msg timestamp="20221214 12:35:39.387" level="INFO">+====================================================================================================================================================+</msg>
<msg timestamp="20221214 12:35:39.387" level="INFO">| - Parsed commands                                                                                                                                  |</msg>
<msg timestamp="20221214 12:35:39.387" level="INFO">|----------------------------------------------------------------------------------------------------------------------------------------------------|</msg>
<msg timestamp="20221214 12:35:39.387" level="INFO">|   cmd: &lt;class 'genie.libs.parser.nxos.show_interface.ShowVrfAllInterface'&gt;, arguments: {'interface':'','vrf':''}                                   |</msg>
<msg timestamp="20221214 12:35:39.387" level="INFO">|   cmd: &lt;class 'genie.libs.parser.nxos.show_interface.ShowInterface'&gt;, arguments: {'interface':''}                                                  |</msg>
<msg timestamp="20221214 12:35:39.388" level="INFO">|   cmd: &lt;class 'genie.libs.parser.nxos.show_interface.ShowInterfaceSwitchport'&gt;, arguments: {'interface':''}                                        |</msg>
<msg timestamp="20221214 12:35:39.388" level="INFO">|   cmd: &lt;class 'genie.libs.parser.nxos.show_interface.ShowIpInterfaceVrfAll'&gt;, arguments: {'interface':'','vrf':''}                                 |</msg>
<msg timestamp="20221214 12:35:39.388" level="INFO">|   cmd: &lt;class 'genie.libs.parser.nxos.show_routing.ShowRoutingVrfAll'&gt;, arguments: {'vrf':''}                                                      |</msg>
<msg timestamp="20221214 12:35:39.388" level="INFO">|====================================================================================================================================================|</msg>
<msg timestamp="20221214 12:35:39.388" level="INFO">| - Commands with empty output                                                                                                                       |</msg>
<msg timestamp="20221214 12:35:39.388" level="INFO">|----------------------------------------------------------------------------------------------------------------------------------------------------|</msg>
<msg timestamp="20221214 12:35:39.388" level="INFO">|   cmd: &lt;class 'genie.libs.parser.nxos.show_interface.ShowIpv6InterfaceVrfAll'&gt;, arguments: {'interface':'','vrf':''}                               |</msg>
<msg timestamp="20221214 12:35:39.388" level="INFO">|   cmd: &lt;class 'genie.libs.parser.nxos.show_routing.ShowRoutingIpv6VrfAll'&gt;, arguments: {'vrf':''}                                                  |</msg>
<msg timestamp="20221214 12:35:39.388" level="INFO">|====================================================================================================================================================|</msg>
<msg timestamp="20221214 12:35:40.300" level="INFO">2022-12-14 12:35:33,286: %UNICON-INFO: +++ NXOS with via 'cli': executing command 'show vrf all interface' +++
show vrf all interface
Interface                 VRF-Name                        VRF-ID  Site-of-Origin
loopback1                 default                              1  --
Null0                     default                              1  --
Ethernet1/1               default                              1  --
Ethernet1/2               default                              1  --
mgmt0                     management                           2  --
NXOS# 

2022-12-14 12:35:33,451: %UNICON-INFO: +++ NXOS with via 'cli': executing command 'show interface' +++
show interface
mgmt0 is down (Link not connected)
admin state is up,
  Hardware: Ethernet, address: 5095.e400.1600 (bia 5095.e400.1600)
  MTU 1500 bytes, BW 0 Kbit, DLY 10 usec
  reliability 255/255, txload 1/255, rxload 1/255
  Encapsulation ARPA, medium is broadcast
  auto-duplex, auto-speed
  Auto-Negotiation is turned on
  Auto-mdix is turned off
  EtherType is 0x0000 
  1 minute input rate 0 bits/sec, 0 packets/sec
  1 minute output rate 0 bits/sec, 0 packets/sec
  Rx
    0 input packets 0 unicast packets 0 multicast packets
    0 broadcast packets 0 bytes
  Tx
    0 output packets 0 unicast packets 0 multicast packets
    0 broadcast packets 0 bytes

Ethernet1/1 is up
admin state is up, Dedicated Interface
  Hardware: 100/1000/10000 Ethernet, address: 5095.e400.1607 (bia 5095.e400.1608)
  Internet Address is 192.168.15.212/24
  MTU 1500 bytes, BW 1000000 Kbit, DLY 10 usec
  reliability 255/255, txload 1/255, rxload 1/255
  Encapsulation ARPA, medium is broadcast
  full-duplex, 1000 Mb/s
  Beacon is turned off
  Auto-Negotiation is turned on  FEC mode is Auto
  Input flow-control is off, output flow-control is off
  Auto-mdix is turned off
  Switchport monitor is off 
  EtherType is 0x8100 
  EEE (efficient-ethernet) : n/a
  Last link flapped 03:57:13
  Last clearing of "show interface" counters never
  1 interface resets
  Load-Interval #1: 30 seconds
    30 seconds input rate 0 bits/sec, 0 packets/sec
    30 seconds output rate 0 bits/sec, 0 packets/sec
    input rate 0 bps, 0 pps; output rate 0 bps, 0 pps
  Load-Interval #2: 5 minute (300 seconds)
    300 seconds input rate 0 bits/sec, 0 packets/sec
    300 seconds output rate 0 bits/sec, 0 packets/sec
    input rate 0 bps, 0 pps; output rate 0 bps, 0 pps
  RX
    0 unicast packets  0 multicast packets  0 broadcast packets
    0 input packets  0 bytes
    0 jumbo packets  0 storm suppression packets
    0 runts  0 giants  0 CRC  0 no buffer
    0 input error  0 short frame  0 overrun   0 underrun  0 ignored
    0 watchdog  0 bad etype drop  0 bad proto drop  0 if down drop
    0 input with dribble  0 input discard
    0 Rx pause
  TX
    0 unicast packets  0 multicast packets  0 broadcast packets
    0 output packets  0 bytes
    0 jumbo packets
    0 output error  0 collision  0 deferred  0 late collision
    0 lost carrier  0 no carrier  0 babble  0 output discard
    0 Tx pause

Ethernet1/2 is down (Administratively down)
admin state is down, Dedicated Interface
  Hardware: 100/1000/10000 Ethernet, address: 507e.5800.1607 (bia 5095.e400.1609)
  Description: Hello
  Internet Address is 192.168.15.214/24
  MTU 1500 bytes, BW 10000000 Kbit, DLY 10 usec
  reliability 255/255, txload 1/255, rxload 1/255
  Encapsulation ARPA, medium is broadcast
  auto-duplex, auto-speed
  Beacon is turned off
  Auto-Negotiation is turned on  FEC mode is Auto
  Input flow-control is off, output flow-control is off
  Auto-mdix is turned off
  Switchport monitor is off 
  EtherType is 0x8100 
  EEE (efficient-ethernet) : n/a
  Last link flapped 01:07:12
  Last clearing of "show interface" counters never
  4 interface resets
  Load-Interval #1: 30 seconds
    30 seconds input rate 0 bits/sec, 0 packets/sec
    30 seconds output rate 0 bits/sec, 0 packets/sec
    input rate 0 bps, 0 pps; output rate 0 bps, 0 pps
  Load-Interval #2: 5 minute (300 seconds)
    300 seconds input rate 0 bits/sec, 0 packets/sec
    300 seconds output rate 0 bits/sec, 0 packets/sec
    input rate 0 bps, 0 pps; output rate 0 bps, 0 pps
  RX
    0 unicast packets  0 multicast packets  0 broadcast packets
    0 input packets  0 bytes
    0 jumbo packets  0 storm suppression packets
    0 runts  0 giants  0 CRC  0 no buffer
    0 input error  0 short frame  0 overrun   0 underrun  0 ignored
    0 watchdog  0 bad etype drop  0 bad proto drop  0 if down drop
    0 input with dribble  0 input discard
    0 Rx pause
  TX
    0 unicast packets  0 multicast packets  0 broadcast packets
    0 output packets  0 bytes
    0 jumbo packets
    0 output error  0 collision  0 deferred  0 late collision
    0 lost carrier  0 no carrier  0 babble  0 output discard
    0 Tx pause

Ethernet1/3 is up
admin state is up, Dedicated Interface
  Hardware: 100/1000/10000 Ethernet, address: 5095.e400.160a (bia 5095.e400.160a)
  MTU 1500 bytes, BW 1000000 Kbit, DLY 10 usec
  reliability 255/255, txload 1/255, rxload 1/255
  Encapsulation ARPA, medium is broadcast
  Port mode is access
  full-duplex, auto-speed
  Beacon is turned off
  Auto-Negotiation is turned on  FEC mode is Auto
  Input flow-control is off, output flow-control is off
  Auto-mdix is turned off
  Switchport monitor is off 
  EtherType is 0x8100 
  EEE (efficient-ethernet) : n/a
  Last link flapped 03:57:11
  Last clearing of "show interface" counters never
  1 interface resets
  Load-Interval #1: 30 seconds
    30 seconds input rate 0 bits/sec, 0 packets/sec
    30 seconds output rate 0 bits/sec, 0 packets/sec
    input rate 0 bps, 0 pps; output rate 0 bps, 0 pps
  Load-Interval #2: 5 minute (300 seconds)
    300 seconds input rate 0 bits/sec, 0 packets/sec
    300 seconds output rate 0 bits/sec, 0 packets/sec
    input rate 0 bps, 0 pps; output rate 0 bps, 0 pps
  RX
    0 unicast packets  0 multicast packets  0 broadcast packets
    0 input packets  0 bytes
    0 jumbo packets  0 storm suppression packets
    0 runts  0 giants  0 CRC  0 no buffer
    0 input error  0 short frame  0 overrun   0 underrun  0 ignored
    0 watchdog  0 bad etype drop  0 bad proto drop  0 if down drop
    0 input with dribble  0 input discard
    0 Rx pause
  TX
    0 unicast packets  0 multicast packets  0 broadcast packets
    0 output packets  0 bytes
    0 jumbo packets
    0 output error  0 collision  0 deferred  0 late collision
    0 lost carrier  0 no carrier  0 babble  0 output discard
    0 Tx pause

Ethernet1/4 is up
admin state is up, Dedicated Interface
  Hardware: 100/1000/10000 Ethernet, address: 5095.e400.160b (bia 5095.e400.160b)
  MTU 1500 bytes, BW 1000000 Kbit, DLY 10 usec
  reliability 255/255, txload 1/255, rxload 1/255
  Encapsulation ARPA, medium is broadcast
  Port mode is access
  full-duplex, auto-speed
  Beacon is turned off
  Auto-Negotiation is turned on  FEC mode is Auto
  Input flow-control is off, output flow-control is off
  Auto-mdix is turned off
  Switchport monitor is off 
  EtherType is 0x8100 
  EEE (efficient-ethernet) : n/a
  Last link flapped 03:57:11
  Last clearing of "show interface" counters never
  1 interface resets
  Load-Interval #1: 30 seconds
    30 seconds input rate 0 bits/sec, 0 packets/sec
    30 seconds output rate 0 bits/sec, 0 packets/sec
    input rate 0 bps, 0 pps; output rate 0 bps, 0 pps
  Load-Interval #2: 5 minute (300 seconds)
    300 seconds input rate 0 bits/sec, 0 packets/sec
    300 seconds output rate 0 bits/sec, 0 packets/sec
    input rate 0 bps, 0 pps; output rate 0 bps, 0 pps
  RX
    0 unicast packets  0 multicast packets  0 broadcast packets
    0 input packets  0 bytes
    0 jumbo packets  0 storm suppression packets
    0 runts  0 giants  0 CRC  0 no buffer
    0 input error  0 short frame  0 overrun   0 underrun  0 ignored
    0 watchdog  0 bad etype drop  0 bad proto drop  0 if down drop
    0 input with dribble  0 input discard
    0 Rx pause
  TX
    0 unicast packets  0 multicast packets  0 broadcast packets
    0 output packets  0 bytes
    0 jumbo packets
    0 output error  0 collision  0 deferred  0 late collision
    0 lost carrier  0 no carrier  0 babble  0 output discard
    0 Tx pause

Ethernet1/5 is up
admin state is up, Dedicated Interface
  Hardware: 100/1000/10000 Ethernet, address: 5095.e400.160c (bia 5095.e400.160c)
  MTU 1500 bytes, BW 1000000 Kbit, DLY 10 usec
  reliability 255/255, txload 1/255, rxload 1/255
  Encapsulation ARPA, medium is broadcast
  Port mode is access
  full-duplex, auto-speed
  Beacon is turned off
  Auto-Negotiation is turned on  FEC mode is Auto
  Input flow-control is off, output flow-control is off
  Auto-mdix is turned off
  Switchport monitor is off 
  EtherType is 0x8100 
  EEE (efficient-ethernet) : n/a
  Last link flapped 03:57:11
  Last clearing of "show interface" counters never
  1 interface resets
  Load-Interval #1: 30 seconds
    30 seconds input rate 0 bits/sec, 0 packets/sec
    30 seconds output rate 0 bits/sec, 0 packets/sec
    input rate 0 bps, 0 pps; output rate 0 bps, 0 pps
  Load-Interval #2: 5 minute (300 seconds)
    300 seconds input rate 0 bits/sec, 0 packets/sec
    300 seconds output rate 0 bits/sec, 0 packets/sec
    input rate 0 bps, 0 pps; output rate 0 bps, 0 pps
  RX
    0 unicast packets  0 multicast packets  0 broadcast packets
    0 input packets  0 bytes
    0 jumbo packets  0 storm suppression packets
    0 runts  0 giants  0 CRC  0 no buffer
    0 input error  0 short frame  0 overrun   0 underrun  0 ignored
    0 watchdog  0 bad etype drop  0 bad proto drop  0 if down drop
    0 input with dribble  0 input discard
    0 Rx pause
  TX
    0 unicast packets  0 multicast packets  0 broadcast packets
    0 output packets  0 bytes
    0 jumbo packets
    0 output error  0 collision  0 deferred  0 late collision
    0 lost carrier  0 no carrier  0 babble  0 output discard
    0 Tx pause

Ethernet1/6 is up
admin state is up, Dedicated Interface
  Hardware: 100/1000/10000 Ethernet, address: 5095.e400.160d (bia 5095.e400.160d)
  MTU 1500 bytes, BW 1000000 Kbit, DLY 10 usec
  reliability 255/255, txload 1/255, rxload 1/255
  Encapsulation ARPA, medium is broadcast
  Port mode is access
  full-duplex, auto-speed
  Beacon is turned off
  Auto-Negotiation is turned on  FEC mode is Auto
  Input flow-control is off, output flow-control is off
  Auto-mdix is turned off
  Switchport monitor is off 
  EtherType is 0x8100 
  EEE (efficient-ethernet) : n/a
  Last link flapped 03:57:11
  Last clearing of "show interface" counters never
  1 interface resets
  Load-Interval #1: 30 seconds
    30 seconds input rate 0 bits/sec, 0 packets/sec
    30 seconds output rate 0 bits/sec, 0 packets/sec
    input rate 0 bps, 0 pps; output rate 0 bps, 0 pps
  Load-Interval #2: 5 minute (300 seconds)
    300 seconds input rate 0 bits/sec, 0 packets/sec
    300 seconds output rate 0 bits/sec, 0 packets/sec
    input rate 0 bps, 0 pps; output rate 0 bps, 0 pps
  RX
    0 unicast packets  0 multicast packets  0 broadcast packets
    0 input packets  0 bytes
    0 jumbo packets  0 storm suppression packets
    0 runts  0 giants  0 CRC  0 no buffer
    0 input error  0 short frame  0 overrun   0 underrun  0 ignored
    0 watchdog  0 bad etype drop  0 bad proto drop  0 if down drop
    0 input with dribble  0 input discard
    0 Rx pause
  TX
    0 unicast packets  0 multicast packets  0 broadcast packets
    0 output packets  0 bytes
    0 jumbo packets
    0 output error  0 collision  0 deferred  0 late collision
    0 lost carrier  0 no carrier  0 babble  0 output discard
    0 Tx pause

Ethernet1/7 is up
admin state is up, Dedicated Interface
  Hardware: 100/1000/10000 Ethernet, address: 5095.e400.160e (bia 5095.e400.160e)
  MTU 1500 bytes, BW 1000000 Kbit, DLY 10 usec
  reliability 255/255, txload 1/255, rxload 1/255
  Encapsulation ARPA, medium is broadcast
  Port mode is access
  full-duplex, auto-speed
  Beacon is turned off
  Auto-Negotiation is turned on  FEC mode is Auto
  Input flow-control is off, output flow-control is off
  Auto-mdix is turned off
  Switchport monitor is off 
  EtherType is 0x8100 
  EEE (efficient-ethernet) : n/a
  Last link flapped 03:57:11
  Last clearing of "show interface" counters never
  1 interface resets
  Load-Interval #1: 30 seconds
    30 seconds input rate 0 bits/sec, 0 packets/sec
    30 seconds output rate 0 bits/sec, 0 packets/sec
    input rate 0 bps, 0 pps; output rate 0 bps, 0 pps
  Load-Interval #2: 5 minute (300 seconds)
    300 seconds input rate 0 bits/sec, 0 packets/sec
    300 seconds output rate 0 bits/sec, 0 packets/sec
    input rate 0 bps, 0 pps; output rate 0 bps, 0 pps
  RX
    0 unicast packets  0 multicast packets  0 broadcast packets
    0 input packets  0 bytes
    0 jumbo packets  0 storm suppression packets
    0 runts  0 giants  0 CRC  0 no buffer
    0 input error  0 short frame  0 overrun   0 underrun  0 ignored
    0 watchdog  0 bad etype drop  0 bad proto drop  0 if down drop
    0 input with dribble  0 input discard
    0 Rx pause
  TX
    0 unicast packets  0 multicast packets  0 broadcast packets
    0 output packets  0 bytes
    0 jumbo packets
    0 output error  0 collision  0 deferred  0 late collision
    0 lost carrier  0 no carrier  0 babble  0 output discard
    0 Tx pause

Ethernet1/8 is down (Link not connected)
admin state is up, Dedicated Interface
  Hardware: 100/1000/10000 Ethernet, address: 5095.e400.160f (bia 5095.e400.160f)
  MTU 1500 bytes, BW 10000000 Kbit, DLY 10 usec
  reliability 255/255, txload 1/255, rxload 1/255
  Encapsulation ARPA, medium is broadcast
  Port mode is access
  auto-duplex, auto-speed
  Beacon is turned off
  Auto-Negotiation is turned on  FEC mode is Auto
  Input flow-control is off, output flow-control is off
  Auto-mdix is turned off
  Switchport monitor is off 
  EtherType is 0x8100 
  EEE (efficient-ethernet) : n/a
  Last link flapped never
  Last clearing of "show interface" counters never
  0 interface resets
  Load-Interval #1: 30 seconds
    30 seconds input rate 0 bits/sec, 0 packets/sec
    30 seconds output rate 0 bits/sec, 0 packets/sec
    input rate 0 bps, 0 pps; output rate 0 bps, 0 pps
  Load-Interval #2: 5 minute (300 seconds)
    300 seconds input rate 0 bits/sec, 0 packets/sec
    300 seconds output rate 0 bits/sec, 0 packets/sec
    input rate 0 bps, 0 pps; output rate 0 bps, 0 pps
  RX
    0 unicast packets  0 multicast packets  0 broadcast packets
    0 input packets  0 bytes
    0 jumbo packets  0 storm suppression packets
    0 runts  0 giants  0 CRC  0 no buffer
    0 input error  0 short frame  0 overrun   0 underrun  0 ignored
    0 watchdog  0 bad etype drop  0 bad proto drop  0 if down drop
    0 input with dribble  0 input discard
    0 Rx pause
  TX
    0 unicast packets  0 multicast packets  0 broadcast packets
    0 output packets  0 bytes
    0 jumbo packets
    0 output error  0 collision  0 deferred  0 late collision
    0 lost carrier  0 no carrier  0 babble  0 output discard
    0 Tx pause

Ethernet1/9 is down (Link not connected)
admin state is up, Dedicated Interface
  Hardware: 100/1000/10000 Ethernet, address: 5095.e400.1610 (bia 5095.e400.1610)
  MTU 1500 bytes, BW 10000000 Kbit, DLY 10 usec
  reliability 255/255, txload 1/255, rxload 1/255
  Encapsulation ARPA, medium is broadcast
  Port mode is access
  auto-duplex, auto-speed
  Beacon is turned off
  Auto-Negotiation is turned on  FEC mode is Auto
  Input flow-control is off, output flow-control is off
  Auto-mdix is turned off
  Switchport monitor is off 
  EtherType is 0x8100 
  EEE (efficient-ethernet) : n/a
  Last link flapped never
  Last clearing of "show interface" counters never
  0 interface resets
  Load-Interval #1: 30 seconds
    30 seconds input rate 0 bits/sec, 0 packets/sec
    30 seconds output rate 0 bits/sec, 0 packets/sec
    input rate 0 bps, 0 pps; output rate 0 bps, 0 pps
  Load-Interval #2: 5 minute (300 seconds)
    300 seconds input rate 0 bits/sec, 0 packets/sec
    300 seconds output rate 0 bits/sec, 0 packets/sec
    input rate 0 bps, 0 pps; output rate 0 bps, 0 pps
  RX
    0 unicast packets  0 multicast packets  0 broadcast packets
    0 input packets  0 bytes
    0 jumbo packets  0 storm suppression packets
    0 runts  0 giants  0 CRC  0 no buffer
    0 input error  0 short frame  0 overrun   0 underrun  0 ignored
    0 watchdog  0 bad etype drop  0 bad proto drop  0 if down drop
    0 input with dribble  0 input discard
    0 Rx pause
  TX
    0 unicast packets  0 multicast packets  0 broadcast packets
    0 output packets  0 bytes
    0 jumbo packets
    0 output error  0 collision  0 deferred  0 late collision
    0 lost carrier  0 no carrier  0 babble  0 output discard
    0 Tx pause

Ethernet1/10 is down (Link not connected)
admin state is up, Dedicated Interface
  Hardware: 100/1000/10000 Ethernet, address: 5095.e400.1611 (bia 5095.e400.1611)
  MTU 1500 bytes, BW 10000000 Kbit, DLY 10 usec
  reliability 255/255, txload 1/255, rxload 1/255
  Encapsulation ARPA, medium is broadcast
  Port mode is access
  auto-duplex, auto-speed
  Beacon is turned off
  Auto-Negotiation is turned on  FEC mode is Auto
  Input flow-control is off, output flow-control is off
  Auto-mdix is turned off
  Switchport monitor is off 
  EtherType is 0x8100 
  EEE (efficient-ethernet) : n/a
  Last link flapped never
  Last clearing of "show interface" counters never
  0 interface resets
  Load-Interval #1: 30 seconds
    30 seconds input rate 0 bits/sec, 0 packets/sec
    30 seconds output rate 0 bits/sec, 0 packets/sec
    input rate 0 bps, 0 pps; output rate 0 bps, 0 pps
  Load-Interval #2: 5 minute (300 seconds)
    300 seconds input rate 0 bits/sec, 0 packets/sec
    300 seconds output rate 0 bits/sec, 0 packets/sec
    input rate 0 bps, 0 pps; output rate 0 bps, 0 pps
  RX
    0 unicast packets  0 multicast packets  0 broadcast packets
    0 input packets  0 bytes
    0 jumbo packets  0 storm suppression packets
    0 runts  0 giants  0 CRC  0 no buffer
    0 input error  0 short frame  0 overrun   0 underrun  0 ignored
    0 watchdog  0 bad etype drop  0 bad proto drop  0 if down drop
    0 input with dribble  0 input discard
    0 Rx pause
  TX
    0 unicast packets  0 multicast packets  0 broadcast packets
    0 output packets  0 bytes
    0 jumbo packets
    0 output error  0 collision  0 deferred  0 late collision
    0 lost carrier  0 no carrier  0 babble  0 output discard
    0 Tx pause

Ethernet1/11 is down (Link not connected)
admin state is up, Dedicated Interface
  Hardware: 100/1000/10000 Ethernet, address: 5095.e400.1612 (bia 5095.e400.1612)
  MTU 1500 bytes, BW 10000000 Kbit, DLY 10 usec
  reliability 255/255, txload 1/255, rxload 1/255
  Encapsulation ARPA, medium is broadcast
  Port mode is access
  auto-duplex, auto-speed
  Beacon is turned off
  Auto-Negotiation is turned on  FEC mode is Auto
  Input flow-control is off, output flow-control is off
  Auto-mdix is turned off
  Switchport monitor is off 
  EtherType is 0x8100 
  EEE (efficient-ethernet) : n/a
  Last link flapped never
  Last clearing of "show interface" counters never
  0 interface resets
  Load-Interval #1: 30 seconds
    30 seconds input rate 0 bits/sec, 0 packets/sec
    30 seconds output rate 0 bits/sec, 0 packets/sec
    input rate 0 bps, 0 pps; output rate 0 bps, 0 pps
  Load-Interval #2: 5 minute (300 seconds)
    300 seconds input rate 0 bits/sec, 0 packets/sec
    300 seconds output rate 0 bits/sec, 0 packets/sec
    input rate 0 bps, 0 pps; output rate 0 bps, 0 pps
  RX
    0 unicast packets  0 multicast packets  0 broadcast packets
    0 input packets  0 bytes
    0 jumbo packets  0 storm suppression packets
    0 runts  0 giants  0 CRC  0 no buffer
    0 input error  0 short frame  0 overrun   0 underrun  0 ignored
    0 watchdog  0 bad etype drop  0 bad proto drop  0 if down drop
    0 input with dribble  0 input discard
    0 Rx pause
  TX
    0 unicast packets  0 multicast packets  0 broadcast packets
    0 output packets  0 bytes
    0 jumbo packets
    0 output error  0 collision  0 deferred  0 late collision
    0 lost carrier  0 no carrier  0 babble  0 output discard
    0 Tx pause

Ethernet1/12 is down (Link not connected)
admin state is up, Dedicated Interface
  Hardware: 100/1000/10000 Ethernet, address: 5095.e400.1613 (bia 5095.e400.1613)
  MTU 1500 bytes, BW 10000000 Kbit, DLY 10 usec
  reliability 255/255, txload 1/255, rxload 1/255
  Encapsulation ARPA, medium is broadcast
  Port mode is access
  auto-duplex, auto-speed
  Beacon is turned off
  Auto-Negotiation is turned on  FEC mode is Auto
  Input flow-control is off, output flow-control is off
  Auto-mdix is turned off
  Switchport monitor is off 
  EtherType is 0x8100 
  EEE (efficient-ethernet) : n/a
  Last link flapped never
  Last clearing of "show interface" counters never
  0 interface resets
  Load-Interval #1: 30 seconds
    30 seconds input rate 0 bits/sec, 0 packets/sec
    30 seconds output rate 0 bits/sec, 0 packets/sec
    input rate 0 bps, 0 pps; output rate 0 bps, 0 pps
  Load-Interval #2: 5 minute (300 seconds)
    300 seconds input rate 0 bits/sec, 0 packets/sec
    300 seconds output rate 0 bits/sec, 0 packets/sec
    input rate 0 bps, 0 pps; output rate 0 bps, 0 pps
  RX
    0 unicast packets  0 multicast packets  0 broadcast packets
    0 input packets  0 bytes
    0 jumbo packets  0 storm suppression packets
    0 runts  0 giants  0 CRC  0 no buffer
    0 input error  0 short frame  0 overrun   0 underrun  0 ignored
    0 watchdog  0 bad etype drop  0 bad proto drop  0 if down drop
    0 input with dribble  0 input discard
    0 Rx pause
  TX
    0 unicast packets  0 multicast packets  0 broadcast packets
    0 output packets  0 bytes
    0 jumbo packets
    0 output error  0 collision  0 deferred  0 late collision
    0 lost carrier  0 no carrier  0 babble  0 output discard
    0 Tx pause

Ethernet1/13 is down (Link not connected)
admin state is up, Dedicated Interface
  Hardware: 100/1000/10000 Ethernet, address: 5095.e400.1614 (bia 5095.e400.1614)
  MTU 1500 bytes, BW 10000000 Kbit, DLY 10 usec
  reliability 255/255, txload 1/255, rxload 1/255
  Encapsulation ARPA, medium is broadcast
  Port mode is access
  auto-duplex, auto-speed
  Beacon is turned off
  Auto-Negotiation is turned on  FEC mode is Auto
  Input flow-control is off, output flow-control is off
  Auto-mdix is turned off
  Switchport monitor is off 
  EtherType is 0x8100 
  EEE (efficient-ethernet) : n/a
  Last link flapped never
  Last clearing of "show interface" counters never
  0 interface resets
  Load-Interval #1: 30 seconds
    30 seconds input rate 0 bits/sec, 0 packets/sec
    30 seconds output rate 0 bits/sec, 0 packets/sec
    input rate 0 bps, 0 pps; output rate 0 bps, 0 pps
  Load-Interval #2: 5 minute (300 seconds)
    300 seconds input rate 0 bits/sec, 0 packets/sec
    300 seconds output rate 0 bits/sec, 0 packets/sec
    input rate 0 bps, 0 pps; output rate 0 bps, 0 pps
  RX
    0 unicast packets  0 multicast packets  0 broadcast packets
    0 input packets  0 bytes
    0 jumbo packets  0 storm suppression packets
    0 runts  0 giants  0 CRC  0 no buffer
    0 input error  0 short frame  0 overrun   0 underrun  0 ignored
    0 watchdog  0 bad etype drop  0 bad proto drop  0 if down drop
    0 input with dribble  0 input discard
    0 Rx pause
  TX
    0 unicast packets  0 multicast packets  0 broadcast packets
    0 output packets  0 bytes
    0 jumbo packets
    0 output error  0 collision  0 deferred  0 late collision
    0 lost carrier  0 no carrier  0 babble  0 output discard
    0 Tx pause

Ethernet1/14 is down (Link not connected)
admin state is up, Dedicated Interface
  Hardware: 100/1000/10000 Ethernet, address: 5095.e400.1615 (bia 5095.e400.1615)
  MTU 1500 bytes, BW 10000000 Kbit, DLY 10 usec
  reliability 255/255, txload 1/255, rxload 1/255
  Encapsulation ARPA, medium is broadcast
  Port mode is access
  auto-duplex, auto-speed
  Beacon is turned off
  Auto-Negotiation is turned on  FEC mode is Auto
  Input flow-control is off, output flow-control is off
  Auto-mdix is turned off
  Switchport monitor is off 
  EtherType is 0x8100 
  EEE (efficient-ethernet) : n/a
  Last link flapped never
  Last clearing of "show interface" counters never
  0 interface resets
  Load-Interval #1: 30 seconds
    30 seconds input rate 0 bits/sec, 0 packets/sec
    30 seconds output rate 0 bits/sec, 0 packets/sec
    input rate 0 bps, 0 pps; output rate 0 bps, 0 pps
  Load-Interval #2: 5 minute (300 seconds)
    300 seconds input rate 0 bits/sec, 0 packets/sec
    300 seconds output rate 0 bits/sec, 0 packets/sec
    input rate 0 bps, 0 pps; output rate 0 bps, 0 pps
  RX
    0 unicast packets  0 multicast packets  0 broadcast packets
    0 input packets  0 bytes
    0 jumbo packets  0 storm suppression packets
    0 runts  0 giants  0 CRC  0 no buffer
    0 input error  0 short frame  0 overrun   0 underrun  0 ignored
    0 watchdog  0 bad etype drop  0 bad proto drop  0 if down drop
    0 input with dribble  0 input discard
    0 Rx pause
  TX
    0 unicast packets  0 multicast packets  0 broadcast packets
    0 output packets  0 bytes
    0 jumbo packets
    0 output error  0 collision  0 deferred  0 late collision
    0 lost carrier  0 no carrier  0 babble  0 output discard
    0 Tx pause

Ethernet1/15 is down (Link not connected)
admin state is up, Dedicated Interface
  Hardware: 100/1000/10000 Ethernet, address: 5095.e400.1616 (bia 5095.e400.1616)
  MTU 1500 bytes, BW 10000000 Kbit, DLY 10 usec
  reliability 255/255, txload 1/255, rxload 1/255
  Encapsulation ARPA, medium is broadcast
  Port mode is access
  auto-duplex, auto-speed
  Beacon is turned off
  Auto-Negotiation is turned on  FEC mode is Auto
  Input flow-control is off, output flow-control is off
  Auto-mdix is turned off
  Switchport monitor is off 
  EtherType is 0x8100 
  EEE (efficient-ethernet) : n/a
  Last link flapped never
  Last clearing of "show interface" counters never
  0 interface resets
  Load-Interval #1: 30 seconds
    30 seconds input rate 0 bits/sec, 0 packets/sec
    30 seconds output rate 0 bits/sec, 0 packets/sec
    input rate 0 bps, 0 pps; output rate 0 bps, 0 pps
  Load-Interval #2: 5 minute (300 seconds)
    300 seconds input rate 0 bits/sec, 0 packets/sec
    300 seconds output rate 0 bits/sec, 0 packets/sec
    input rate 0 bps, 0 pps; output rate 0 bps, 0 pps
  RX
    0 unicast packets  0 multicast packets  0 broadcast packets
    0 input packets  0 bytes
    0 jumbo packets  0 storm suppression packets
    0 runts  0 giants  0 CRC  0 no buffer
    0 input error  0 short frame  0 overrun   0 underrun  0 ignored
    0 watchdog  0 bad etype drop  0 bad proto drop  0 if down drop
    0 input with dribble  0 input discard
    0 Rx pause
  TX
[...]
Name: Ethernet1/114
  Switchport: Enabled
  Switchport Monitor: Not enabled 
  Switchport Isolated : Not enabled 
  Switchport Block Multicast: Not enabled 
  Switchport Block Unicast: Not enabled 
  Operational Mode: access
  Access Mode VLAN: 1 (default)
  Trunking Native Mode VLAN: 1 (default)
  Trunking VLANs Allowed: 1-4094
  Voice VLAN: none
  Extended Trust State : not trusted [COS = 0]
  Administrative private-vlan primary host-association: none
  Administrative private-vlan secondary host-association: none
  Administrative private-vlan primary mapping: none
  Administrative private-vlan secondary mapping: none
  Administrative private-vlan trunk native VLAN: none
  Administrative private-vlan trunk encapsulation: dot1q
  Administrative private-vlan trunk normal VLANs: none
  Administrative private-vlan trunk private VLANs: none
  Operational private-vlan: none
Name: Ethernet1/115
  Switchport: Enabled
  Switchport Monitor: Not enabled 
  Switchport Isolated : Not enabled 
  Switchport Block Multicast: Not enabled 
  Switchport Block Unicast: Not enabled 
  Operational Mode: access
  Access Mode VLAN: 1 (default)
  Trunking Native Mode VLAN: 1 (default)
  Trunking VLANs Allowed: 1-4094
  Voice VLAN: none
  Extended Trust State : not trusted [COS = 0]
  Administrative private-vlan primary host-association: none
  Administrative private-vlan secondary host-association: none
  Administrative private-vlan primary mapping: none
  Administrative private-vlan secondary mapping: none
  Administrative private-vlan trunk native VLAN: none
  Administrative private-vlan trunk encapsulation: dot1q
  Administrative private-vlan trunk normal VLANs: none
  Administrative private-vlan trunk private VLANs: none
  Operational private-vlan: none
Name: Ethernet1/116
  Switchport: Enabled
  Switchport Monitor: Not enabled 
  Switchport Isolated : Not enabled 
  Switchport Block Multicast: Not enabled 
  Switchport Block Unicast: Not enabled 
  Operational Mode: access
  Access Mode VLAN: 1 (default)
  Trunking Native Mode VLAN: 1 (default)
  Trunking VLANs Allowed: 1-4094
  Voice VLAN: none
  Extended Trust State : not trusted [COS = 0]
  Administrative private-vlan primary host-association: none
  Administrative private-vlan secondary host-association: none
  Administrative private-vlan primary mapping: none
  Administrative private-vlan secondary mapping: none
  Administrative private-vlan trunk native VLAN: none
  Administrative private-vlan trunk encapsulation: dot1q
  Administrative private-vlan trunk normal VLANs: none
  Administrative private-vlan trunk private VLANs: none
  Operational private-vlan: none
Name: Ethernet1/117
  Switchport: Enabled
  Switchport Monitor: Not enabled 
  Switchport Isolated : Not enabled 
  Switchport Block Multicast: Not enabled 
  Switchport Block Unicast: Not enabled 
  Operational Mode: access
  Access Mode VLAN: 1 (default)
  Trunking Native Mode VLAN: 1 (default)
  Trunking VLANs Allowed: 1-4094
  Voice VLAN: none
  Extended Trust State : not trusted [COS = 0]
  Administrative private-vlan primary host-association: none
  Administrative private-vlan secondary host-association: none
  Administrative private-vlan primary mapping: none
  Administrative private-vlan secondary mapping: none
  Administrative private-vlan trunk native VLAN: none
  Administrative private-vlan trunk encapsulation: dot1q
  Administrative private-vlan trunk normal VLANs: none
  Administrative private-vlan trunk private VLANs: none
  Operational private-vlan: none
Name: Ethernet1/118
  Switchport: Enabled
  Switchport Monitor: Not enabled 
  Switchport Isolated : Not enabled 
  Switchport Block Multicast: Not enabled 
  Switchport Block Unicast: Not enabled 
  Operational Mode: access
  Access Mode VLAN: 1 (default)
  Trunking Native Mode VLAN: 1 (default)
  Trunking VLANs Allowed: 1-4094
  Voice VLAN: none
  Extended Trust State : not trusted [COS = 0]
  Administrative private-vlan primary host-association: none
  Administrative private-vlan secondary host-association: none
  Administrative private-vlan primary mapping: none
  Administrative private-vlan secondary mapping: none
  Administrative private-vlan trunk native VLAN: none
  Administrative private-vlan trunk encapsulation: dot1q
  Administrative private-vlan trunk normal VLANs: none
  Administrative private-vlan trunk private VLANs: none
  Operational private-vlan: none
Name: Ethernet1/119
  Switchport: Enabled
  Switchport Monitor: Not enabled 
  Switchport Isolated : Not enabled 
  Switchport Block Multicast: Not enabled 
  Switchport Block Unicast: Not enabled 
  Operational Mode: access
  Access Mode VLAN: 1 (default)
  Trunking Native Mode VLAN: 1 (default)
  Trunking VLANs Allowed: 1-4094
  Voice VLAN: none
  Extended Trust State : not trusted [COS = 0]
  Administrative private-vlan primary host-association: none
  Administrative private-vlan secondary host-association: none
  Administrative private-vlan primary mapping: none
  Administrative private-vlan secondary mapping: none
  Administrative private-vlan trunk native VLAN: none
  Administrative private-vlan trunk encapsulation: dot1q
  Administrative private-vlan trunk normal VLANs: none
  Administrative private-vlan trunk private VLANs: none
  Operational private-vlan: none
Name: Ethernet1/120
  Switchport: Enabled
  Switchport Monitor: Not enabled 
  Switchport Isolated : Not enabled 
  Switchport Block Multicast: Not enabled 
  Switchport Block Unicast: Not enabled 
  Operational Mode: access
  Access Mode VLAN: 1 (default)
  Trunking Native Mode VLAN: 1 (default)
  Trunking VLANs Allowed: 1-4094
  Voice VLAN: none
  Extended Trust State : not trusted [COS = 0]
  Administrative private-vlan primary host-association: none
  Administrative private-vlan secondary host-association: none
  Administrative private-vlan primary mapping: none
  Administrative private-vlan secondary mapping: none
  Administrative private-vlan trunk native VLAN: none
  Administrative private-vlan trunk encapsulation: dot1q
  Administrative private-vlan trunk normal VLANs: none
  Administrative private-vlan trunk private VLANs: none
  Operational private-vlan: none
Name: Ethernet1/121
  Switchport: Enabled
  Switchport Monitor: Not enabled 
  Switchport Isolated : Not enabled 
  Switchport Block Multicast: Not enabled 
  Switchport Block Unicast: Not enabled 
  Operational Mode: access
  Access Mode VLAN: 1 (default)
  Trunking Native Mode VLAN: 1 (default)
  Trunking VLANs Allowed: 1-4094
  Voice VLAN: none
  Extended Trust State : not trusted [COS = 0]
  Administrative private-vlan primary host-association: none
  Administrative private-vlan secondary host-association: none
  Administrative private-vlan primary mapping: none
  Administrative private-vlan secondary mapping: none
  Administrative private-vlan trunk native VLAN: none
  Administrative private-vlan trunk encapsulation: dot1q
  Administrative private-vlan trunk normal VLANs: none
  Administrative private-vlan trunk private VLANs: none
  Operational private-vlan: none
Name: Ethernet1/122
  Switchport: Enabled
  Switchport Monitor: Not enabled 
  Switchport Isolated : Not enabled 
  Switchport Block Multicast: Not enabled 
  Switchport Block Unicast: Not enabled 
  Operational Mode: access
  Access Mode VLAN: 1 (default)
  Trunking Native Mode VLAN: 1 (default)
  Trunking VLANs Allowed: 1-4094
  Voice VLAN: none
  Extended Trust State : not trusted [COS = 0]
  Administrative private-vlan primary host-association: none
  Administrative private-vlan secondary host-association: none
  Administrative private-vlan primary mapping: none
  Administrative private-vlan secondary mapping: none
  Administrative private-vlan trunk native VLAN: none
  Administrative private-vlan trunk encapsulation: dot1q
  Administrative private-vlan trunk normal VLANs: none
  Administrative private-vlan trunk private VLANs: none
  Operational private-vlan: none
Name: Ethernet1/123
  Switchport: Enabled
  Switchport Monitor: Not enabled 
  Switchport Isolated : Not enabled 
  Switchport Block Multicast: Not enabled 
  Switchport Block Unicast: Not enabled 
  Operational Mode: access
  Access Mode VLAN: 1 (default)
  Trunking Native Mode VLAN: 1 (default)
  Trunking VLANs Allowed: 1-4094
  Voice VLAN: none
  Extended Trust State : not trusted [COS = 0]
  Administrative private-vlan primary host-association: none
  Administrative private-vlan secondary host-association: none
  Administrative private-vlan primary mapping: none
  Administrative private-vlan secondary mapping: none
  Administrative private-vlan trunk native VLAN: none
  Administrative private-vlan trunk encapsulation: dot1q
  Administrative private-vlan trunk normal VLANs: none
  Administrative private-vlan trunk private VLANs: none
  Operational private-vlan: none
Name: Ethernet1/124
  Switchport: Enabled
  Switchport Monitor: Not enabled 
  Switchport Isolated : Not enabled 
  Switchport Block Multicast: Not enabled 
  Switchport Block Unicast: Not enabled 
  Operational Mode: access
  Access Mode VLAN: 1 (default)
  Trunking Native Mode VLAN: 1 (default)
  Trunking VLANs Allowed: 1-4094
  Voice VLAN: none
  Extended Trust State : not trusted [COS = 0]
  Administrative private-vlan primary host-association: none
  Administrative private-vlan secondary host-association: none
  Administrative private-vlan primary mapping: none
  Administrative private-vlan secondary mapping: none
  Administrative private-vlan trunk native VLAN: none
  Administrative private-vlan trunk encapsulation: dot1q
  Administrative private-vlan trunk normal VLANs: none
  Administrative private-vlan trunk private VLANs: none
  Operational private-vlan: none
Name: Ethernet1/125
  Switchport: Enabled
  Switchport Monitor: Not enabled 
  Switchport Isolated : Not enabled 
  Switchport Block Multicast: Not enabled 
  Switchport Block Unicast: Not enabled 
  Operational Mode: access
  Access Mode VLAN: 1 (default)
  Trunking Native Mode VLAN: 1 (default)
  Trunking VLANs Allowed: 1-4094
  Voice VLAN: none
  Extended Trust State : not trusted [COS = 0]
  Administrative private-vlan primary host-association: none
  Administrative private-vlan secondary host-association: none
  Administrative private-vlan primary mapping: none
  Administrative private-vlan secondary mapping: none
  Administrative private-vlan trunk native VLAN: none
  Administrative private-vlan trunk encapsulation: dot1q
  Administrative private-vlan trunk normal VLANs: none
  Administrative private-vlan trunk private VLANs: none
  Operational private-vlan: none
Name: Ethernet1/126
  Switchport: Enabled
  Switchport Monitor: Not enabled 
  Switchport Isolated : Not enabled 
  Switchport Block Multicast: Not enabled 
  Switchport Block Unicast: Not enabled 
  Operational Mode: access
  Access Mode VLAN: 1 (default)
  Trunking Native Mode VLAN: 1 (default)
  Trunking VLANs Allowed: 1-4094
  Voice VLAN: none
  Extended Trust State : not trusted [COS = 0]
  Administrative private-vlan primary host-association: none
  Administrative private-vlan secondary host-association: none
  Administrative private-vlan primary mapping: none
  Administrative private-vlan secondary mapping: none
  Administrative private-vlan trunk native VLAN: none
  Administrative private-vlan trunk encapsulation: dot1q
  Administrative private-vlan trunk normal VLANs: none
  Administrative private-vlan trunk private VLANs: none
  Operational private-vlan: none
Name: Ethernet1/127
  Switchport: Enabled
  Switchport Monitor: Not enabled 
  Switchport Isolated : Not enabled 
  Switchport Block Multicast: Not enabled 
  Switchport Block Unicast: Not enabled 
  Operational Mode: access
  Access Mode VLAN: 1 (default)
  Trunking Native Mode VLAN: 1 (default)
  Trunking VLANs Allowed: 1-4094
  Voice VLAN: none
  Extended Trust State : not trusted [COS = 0]
  Administrative private-vlan primary host-association: none
  Administrative private-vlan secondary host-association: none
  Administrative private-vlan primary mapping: none
  Administrative private-vlan secondary mapping: none
  Administrative private-vlan trunk native VLAN: none
  Administrative private-vlan trunk encapsulation: dot1q
  Administrative private-vlan trunk normal VLANs: none
  Administrative private-vlan trunk private VLANs: none
  Operational private-vlan: none
Name: Ethernet1/128
  Switchport: Enabled
  Switchport Monitor: Not enabled 
  Switchport Isolated : Not enabled 
  Switchport Block Multicast: Not enabled 
  Switchport Block Unicast: Not enabled 
  Operational Mode: access
  Access Mode VLAN: 1 (default)
  Trunking Native Mode VLAN: 1 (default)
  Trunking VLANs Allowed: 1-4094
  Voice VLAN: none
  Extended Trust State : not trusted [COS = 0]
  Administrative private-vlan primary host-association: none
  Administrative private-vlan secondary host-association: none
  Administrative private-vlan primary mapping: none
  Administrative private-vlan secondary mapping: none
  Administrative private-vlan trunk native VLAN: none
  Administrative private-vlan trunk encapsulation: dot1q
  Administrative private-vlan trunk normal VLANs: none
  Administrative private-vlan trunk private VLANs: none
  Operational private-vlan: none
NXOS# 

2022-12-14 12:35:44,743: %UNICON-INFO: +++ NXOS with via 'cli': executing command 'show ip interface vrf all' +++
show ip interface vrf all

IP Interface Status for VRF "default"
loopback1, Interface status: protocol-up/link-up/admin-up, iod: 134,
  IP address: 40.0.0.1, IP subnet: 40.0.0.0/24 route-preference: 0, tag: 0 
  IP broadcast address: 255.255.255.255
  IP multicast groups locally joined: none
  IP MTU: 1500 bytes (using link MTU)
  IP primary address route-preference: 0, tag: 0
  IP proxy ARP : disabled
  IP Local Proxy ARP : disabled
  IP multicast routing: disabled
  IP icmp redirects: enabled
  IP directed-broadcast: disabled 
  IP Forwarding: disabled 
  IP icmp unreachables (except port): disabled
  IP icmp port-unreachable: enabled
  IP unicast reverse path forwarding: none
  IP load sharing: none 
  IP interface statistics last reset: never
  IP interface software stats: (sent/received/forwarded/originated/consumed)
    Unicast packets    : 0/0/0/0/0
    Unicast bytes      : 0/0/0/0/0
    Multicast packets  : 0/0/0/0/0
    Multicast bytes    : 0/0/0/0/0
    Broadcast packets  : 0/0/0/0/0
    Broadcast bytes    : 0/0/0/0/0
    Labeled packets    : 0/0/0/0/0
    Labeled bytes      : 0/0/0/0/0
  WCCP Redirect outbound: disabled
  WCCP Redirect inbound: disabled
  WCCP Redirect exclude: disabled
Ethernet1/1, Interface status: protocol-up/link-up/admin-up, iod: 5,
  IP address: 192.168.15.212, IP subnet: 192.168.15.0/24 route-preference: 0, tag: 0 
  IP broadcast address: 255.255.255.255
  IP multicast groups locally joined: 
      224.0.0.6  224.0.0.5  
  IP MTU: 1500 bytes (using link MTU)
  IP primary address route-preference: 0, tag: 0
  IP proxy ARP : disabled
  IP Local Proxy ARP : disabled
  IP multicast routing: disabled
  IP icmp redirects: enabled
  IP directed-broadcast: disabled 
  IP Forwarding: disabled 
  IP icmp unreachables (except port): disabled
  IP icmp port-unreachable: enabled
  IP unicast reverse path forwarding: none
  IP load sharing: none 
  IP interface statistics last reset: never
  IP interface software stats: (sent/received/forwarded/originated/consumed)
    Unicast packets    : 10053/7480/0/10053/14960
    Unicast bytes      : 4971396/613878/0/4971396/1227756
    Multicast packets  : 1532/24272/0/1532/8045
    Multicast bytes    : 132076/15577783/0/132076/186160
    Broadcast packets  : 0/28046/0/0/2
    Broadcast bytes    : 0/10284681/0/0/544
    Labeled packets    : 0/0/0/0/0
    Labeled bytes      : 0/0/0/0/0
  WCCP Redirect outbound: disabled
  WCCP Redirect inbound: disabled
  WCCP Redirect exclude: disabled
Ethernet1/2, Interface status: protocol-down/link-down/admin-down, iod: 6,
  IP address: 192.168.15.214, IP subnet: 192.168.15.0/24 route-preference: 0, tag: 0 
  IP broadcast address: 255.255.255.255
  IP multicast groups locally joined: none
  IP MTU: 1500 bytes (using link MTU)
  IP primary address route-preference: 0, tag: 0
  IP proxy ARP : disabled
  IP Local Proxy ARP : disabled
  IP multicast routing: disabled
  IP icmp redirects: enabled
  IP directed-broadcast: disabled 
  IP Forwarding: disabled 
  IP icmp unreachables (except port): disabled
  IP icmp port-unreachable: enabled
  IP unicast reverse path forwarding: none
  IP load sharing: none 
  IP interface statistics last reset: never
  IP interface software stats: (sent/received/forwarded/originated/consumed)
    Unicast packets    : 0/0/0/0/0
    Unicast bytes      : 0/0/0/0/0
    Multicast packets  : 2/0/0/2/0
    Multicast bytes    : 164/0/0/164/0
    Broadcast packets  : 0/0/0/0/0
    Broadcast bytes    : 0/0/0/0/0
    Labeled packets    : 0/0/0/0/0
    Labeled bytes      : 0/0/0/0/0
  WCCP Redirect outbound: disabled
  WCCP Redirect inbound: disabled
  WCCP Redirect exclude: disabled

IP Interface Status for VRF "management"
NXOS# 

2022-12-14 12:35:44,961: %UNICON-INFO: +++ NXOS with via 'cli': executing command 'show routing vrf all' +++
show routing vrf all
IP Route Table for VRF "default"
'*' denotes best ucast next-hop
'**' denotes best mcast next-hop
'[x/y]' denotes [preference/metric]
'%&lt;string&gt;' in via output denotes VRF &lt;string&gt;

20.0.0.1/32, ubest/mbest: 1/0
    *via 192.168.15.213, Eth1/1, [110/41], 03:39:32, ospf-100, intra
40.0.0.0/24, ubest/mbest: 1/0, attached
    *via 40.0.0.1, Lo1, [0/0], 03:39:37, direct
40.0.0.1/32, ubest/mbest: 1/0, attached
    *via 40.0.0.1, Lo1, [0/0], 03:39:37, local
192.168.15.0/24, ubest/mbest: 1/0, attached
    *via 192.168.15.212, Eth1/1, [0/0], 03:57:24, direct
192.168.15.212/32, ubest/mbest: 1/0, attached
    *via 192.168.15.212, Eth1/1, [0/0], 03:57:24, local

NXOS# 

2022-12-14 12:35:45,123: %UNICON-INFO: +++ NXOS with via 'cli': executing command 'show ipv6 interface vrf all' +++
show ipv6 interface vrf all
IPv6 Interface Status for VRF "default"

IPv6 Interface Status for VRF "management"

NXOS# 

2022-12-14 12:35:45,400: %UNICON-INFO: +++ NXOS with via 'cli': executing command 'show routing ipv6 vrf all' +++
show routing ipv6 vrf all
IPv6 Routing Table for VRF "default"
'*' denotes best ucast next-hop
'**' denotes best mcast next-hop
'[x/y]' denotes [preference/metric]


NXOS#</msg>
<msg timestamp="20221214 12:35:46.485" level="FAIL">Expected '9', but found '7'</msg>
<status status="FAIL" starttime="20221214 12:35:40.308" endtime="20221214 12:35:46.485"/>
</kw>
<status status="FAIL" starttime="20221214 12:35:40.307" endtime="20221214 12:35:46.485">Expected '9', but found '7'</status>
</test>
<status status="FAIL" starttime="20221214 12:35:24.114" endtime="20221214 12:35:46.486"/>
</suite>
<statistics>
<total>
<stat pass="3" fail="2" skip="0">All Tests</stat>
</total>
<tag>
</tag>
<suite>
<stat pass="3" fail="2" skip="0" id="s1" name="Counts">Counts</stat>
</suite>
</statistics>
<errors>
<msg timestamp="20221214 12:35:25.089" level="WARN">Keyword 'genie.libs.robot.GenieRobot.use genie testbed "${testbed}"' is deprecated. Please use the "use testbed "${testbed}" keyword instead.</msg>
<msg timestamp="20221214 12:35:25.092" level="WARN">Using the default YAML encoding key since no key was specified in configuration.
THIS IS A SHARED KEY AND IS NOT SECURE, PLEASE RUN `pyats secret keygen` AND ADD TO YOUR pyats.conf FILE BEFORE ENCODING ANY VALUES.</msg>
<msg timestamp="20221214 12:35:25.170" level="WARN">Could not load the trigger datafile correctly, did you specify 'uut' device alias?</msg>
<msg timestamp="20221214 12:35:30.510" level="WARN">Multiple tests with name 'Verify the counts of Ospf 'full' neighbors for NXOS' executed in suite 'Counts'.</msg>
<msg timestamp="20221214 12:35:40.307" level="WARN">Multiple tests with name 'Verify the counts of 'up' Interace for NXOS' executed in suite 'Counts'.</msg>
</errors>
</robot>
