<?xml version="1.0" encoding="UTF-8"?>
<robot generator="Robot 5.0.1 (Python 3.8.10 on linux)" generated="20220630 08:10:44.115" rpa="false" schemaversion="3">
<suite id="s1" name="Test Connection" source="/home/marcelo/projetos/robot_framework/robot_2/test_connection.robot">
<test id="s1-t1" name="Connect to devices" line="12">
<kw name="use genie testbed &quot;${testbed}&quot;" library="genie.libs.robot.GenieRobot" sourcename="use genie testbed &quot;${testbed}&quot;">
<doc>*DEPRECATED* Please use the "use testbed "${testbed}" keyword instead.</doc>
<msg timestamp="20220630 08:10:44.868" level="WARN">Keyword 'genie.libs.robot.GenieRobot.use genie testbed "${testbed}"' is deprecated. Please use the "use testbed "${testbed}" keyword instead.</msg>
<msg timestamp="20220630 08:10:44.872" level="WARN">Using the default YAML encoding key since no key was specified in configuration.
THIS IS A SHARED KEY AND IS NOT SECURE, PLEASE RUN `pyats secret keygen` AND ADD TO YOUR pyats.conf FILE BEFORE ENCODING ANY VALUES.</msg>
<msg timestamp="20220630 08:10:44.904" level="INFO">+------------------------------------------------------------------------------+
|                            Genie datafiles used:                             |
+------------------------------------------------------------------------------+</msg>
<msg timestamp="20220630 08:10:44.904" level="INFO">Trigger datafile          | </msg>
<msg timestamp="20220630 08:10:44.904" level="INFO">Verification  datafile    | </msg>
<msg timestamp="20220630 08:10:44.904" level="INFO">Pts datafile              | /home/marcelo/projetos/robot_framework/env_robot/lib/python3.8/site-packages/genie/libs/sdk/genie_yamls/pts_datafile.yaml</msg>
<msg timestamp="20220630 08:10:44.904" level="INFO">Subsection datafile       | /home/marcelo/projetos/robot_framework/env_robot/lib/python3.8/site-packages/genie/libs/sdk/genie_yamls/subsection_datafile.yaml</msg>
<msg timestamp="20220630 08:10:44.904" level="INFO">Config datafile           | None</msg>
<msg timestamp="20220630 08:10:44.926" level="WARN">Could not load the trigger datafile correctly, did you specify 'uut' device alias?</msg>
<status status="PASS" starttime="20220630 08:10:44.868" endtime="20220630 08:10:44.927"/>
</kw>
<kw name="connect to device &quot;VV-DC1-EDGE-01&quot;" library="ats.robot.pyATSRobot" sourcename="connect to device &quot;${device:[^&quot;]+}&quot;">
<doc>Connect to device connection as defined in testbed.yaml</doc>
<msg timestamp="20220630 08:10:44.931" level="INFO">Connecting to device 'Device VV-DC1-EDGE-01, type junos'</msg>
<msg timestamp="20220630 08:10:44.931" level="INFO">kwargs: {}</msg>
<msg timestamp="20220630 08:10:46.280" level="INFO">2022-06-30 08:10:44,933: %UNICON-INFO: +++ VV-DC1-EDGE-01 logfile /tmp/VV-DC1-EDGE-01-cli-20220630T081044933.log +++

2022-06-30 08:10:44,933: %UNICON-INFO: +++ Unicon plugin junos (unicon.plugins.junos) +++
Password:

2022-06-30 08:10:45,311: %UNICON-INFO: +++ connection to spawn: ssh -l svc_telecom 172.30.253.44, id: 140714135610800 +++

2022-06-30 08:10:45,312: %UNICON-INFO: connection to VV-DC1-EDGE-01

Last login: Wed Jun 29 20:32:36 2022 from 172.30.253.1
--- JUNOS 20.3R1.8 built 2020-09-21 09:20:04 UTC
{master:0}
svc_telecom@VV-DC1-EDGE-01&gt; 

2022-06-30 08:10:45,830: %UNICON-INFO: +++ initializing handle +++

2022-06-30 08:10:45,900: %UNICON-INFO: +++ VV-DC1-EDGE-01 with via 'cli': executing command 'set cli screen-length 0' +++
set cli screen-length 0 
Screen length set to 0

{master:0}
svc_telecom@VV-DC1-EDGE-01&gt; 

2022-06-30 08:10:46,100: %UNICON-INFO: +++ VV-DC1-EDGE-01 with via 'cli': executing command 'set cli screen-width 0' +++
set cli screen-width 0 
Screen width set to 0

{master:0}
svc_telecom@VV-DC1-EDGE-01&gt;</msg>
<status status="PASS" starttime="20220630 08:10:44.931" endtime="20220630 08:10:46.280"/>
</kw>
<doc>Define the hosts to connect and test connection</doc>
<tag>equinix</tag>
<status status="PASS" starttime="20220630 08:10:44.868" endtime="20220630 08:10:46.281"/>
</test>
<status status="PASS" starttime="20220630 08:10:44.116" endtime="20220630 08:10:46.281"/>
</suite>
<statistics>
<total>
<stat pass="1" fail="0" skip="0">All Tests</stat>
</total>
<tag>
<stat pass="1" fail="0" skip="0">equinix</stat>
</tag>
<suite>
<stat pass="1" fail="0" skip="0" id="s1" name="Test Connection">Test Connection</stat>
</suite>
</statistics>
<errors>
<msg timestamp="20220630 08:10:44.868" level="WARN">Keyword 'genie.libs.robot.GenieRobot.use genie testbed "${testbed}"' is deprecated. Please use the "use testbed "${testbed}" keyword instead.</msg>
<msg timestamp="20220630 08:10:44.872" level="WARN">Using the default YAML encoding key since no key was specified in configuration.
THIS IS A SHARED KEY AND IS NOT SECURE, PLEASE RUN `pyats secret keygen` AND ADD TO YOUR pyats.conf FILE BEFORE ENCODING ANY VALUES.</msg>
<msg timestamp="20220630 08:10:44.926" level="WARN">Could not load the trigger datafile correctly, did you specify 'uut' device alias?</msg>
</errors>
</robot>
