<?xml version="1.0" encoding="UTF-8"?>
<robot generator="Robot 4.1.3 (Python 3.8.10 on linux)" generated="20220629 17:37:31.702" rpa="false" schemaversion="2">
<suite id="s1" name="Test Connection" source="/home/marcelo/robot_framework/test_robot/test_connection.robot">
<test id="s1-t1" name="Connect to devices">
<kw name="use genie testbed &quot;${testbed}&quot;" library="genie.libs.robot.GenieRobot" sourcename="use genie testbed &quot;${testbed}&quot;">
<doc>*DEPRECATED* Please use the "use testbed "${testbed}" keyword instead.</doc>
<msg timestamp="20220629 17:37:32.401" level="WARN">Keyword 'genie.libs.robot.GenieRobot.use genie testbed "${testbed}"' is deprecated. Please use the "use testbed "${testbed}" keyword instead.</msg>
<msg timestamp="20220629 17:37:32.405" level="WARN">Using the default YAML encoding key since no key was specified in configuration.
THIS IS A SHARED KEY AND IS NOT SECURE, PLEASE RUN `pyats secret keygen` AND ADD TO YOUR pyats.conf FILE BEFORE ENCODING ANY VALUES.</msg>
<msg timestamp="20220629 17:37:32.456" level="INFO">+------------------------------------------------------------------------------+
|                            Genie datafiles used:                             |
+------------------------------------------------------------------------------+</msg>
<msg timestamp="20220629 17:37:32.456" level="INFO">Trigger datafile          | </msg>
<msg timestamp="20220629 17:37:32.456" level="INFO">Verification  datafile    | </msg>
<msg timestamp="20220629 17:37:32.456" level="INFO">Pts datafile              | /home/marcelo/robot_framework/env_robot/lib/python3.8/site-packages/genie/libs/sdk/genie_yamls/pts_datafile.yaml</msg>
<msg timestamp="20220629 17:37:32.456" level="INFO">Subsection datafile       | /home/marcelo/robot_framework/env_robot/lib/python3.8/site-packages/genie/libs/sdk/genie_yamls/subsection_datafile.yaml</msg>
<msg timestamp="20220629 17:37:32.456" level="INFO">Config datafile           | None</msg>
<msg timestamp="20220629 17:37:32.479" level="WARN">Could not load the trigger datafile correctly, did you specify 'uut' device alias?</msg>
<status status="PASS" starttime="20220629 17:37:32.401" endtime="20220629 17:37:32.480"/>
</kw>
<kw name="connect to device &quot;VV-HOR-N9K01&quot;" library="ats.robot.pyATSRobot" sourcename="connect to device &quot;${device:[^&quot;]+}&quot;">
<doc>Connect to device connection as defined in testbed.yaml</doc>
<msg timestamp="20220629 17:37:32.480" level="INFO">Connecting to device 'Device VV-HOR-N9K01, type nxos'</msg>
<msg timestamp="20220629 17:37:32.480" level="INFO">kwargs: {}</msg>
<msg timestamp="20220629 17:37:35.644" level="INFO">2022-06-29 17:37:32,481: %UNICON-INFO: +++ VV-HOR-N9K01 logfile /tmp/VV-HOR-N9K01-cli-20220629T173732481.log +++

2022-06-29 17:37:32,481: %UNICON-INFO: +++ Unicon plugin nxos (unicon.plugins.nxos) +++
The authenticity of host '10.228.128.11 (10.228.128.11)' can't be established.
RSA key fingerprint is SHA256:Q2iELWa31TJLnlZk32snEO2a4Az2btTYjdFKDnZbRak.
Are you sure you want to continue connecting (yes/no/[fingerprint])? 

2022-06-29 17:37:32,798: %UNICON-INFO: +++ connection to spawn: ssh -l svc_telecom 10.228.128.11, id: 140401724806384 +++

2022-06-29 17:37:32,798: %UNICON-INFO: connection to VV-HOR-N9K01
yes
Warning: Permanently added '10.228.128.11' (RSA) to the list of known hosts.
Cc
* * * * * * * * * * * * * * * * * * * * * * * * * * * * * * * * * * * * * *
*                                Via Varejo.                              *
*                   Setor de Redes / Plataforma Baixa                     *
*   Aviso, qualquer uso nao autorizado do sistema e ilegal podendo ser    *
* monitorado sem aviso previo e os registros resultantes podem ser usados *
*                        como prova em tribunal.                          *
* * * * * * * * * * * * * * * * * * * * * * * * * * * * * * * * * * * * * *
Password: 

Cisco Nexus Operating System (NX-OS) Software
TAC support: http://www.cisco.com/tac
Copyright (C) 2002-2020, Cisco and/or its affiliates.
All rights reserved.
The copyrights to certain works contained in this software are
owned by other third parties and used and distributed under their own
licenses, such as open source.  This software is provided "as is," and unless
otherwise stated, there is no warranty, express or implied, including but not
limited to warranties of merchantability and fitness for a particular purpose.
Certain components of this software are licensed under
the GNU General Public License (GPL) version 2.0 or 
GNU General Public License (GPL) version 3.0  or the GNU
Lesser General Public License (LGPL) Version 2.1 or 
Lesser General Public License (LGPL) Version 2.0. 
A copy of each such license is available at
http://www.opensource.org/licenses/gpl-2.0.php and
http://opensource.org/licenses/gpl-3.0.html and
http://www.opensource.org/licenses/lgpl-2.1.php and
http://www.gnu.org/licenses/old-licenses/library.txt.
VV-HOR-N9K01# 

2022-06-29 17:37:33,789: %UNICON-INFO: +++ initializing handle +++

2022-06-29 17:37:33,855: %UNICON-INFO: +++ VV-HOR-N9K01 with via 'cli': executing command 'term length 0' +++
term length 0
VV-HOR-N9K01# 

2022-06-29 17:37:34,067: %UNICON-INFO: +++ VV-HOR-N9K01 with via 'cli': executing command 'term width 511' +++
term width 511
VV-HOR-N9K01# 

2022-06-29 17:37:34,267: %UNICON-INFO: +++ VV-HOR-N9K01 with via 'cli': executing command 'terminal session-timeout 0' +++
terminal session-timeout 0
VV-HOR-N9K01# 

2022-06-29 17:37:34,399: %UNICON-INFO: +++ VV-HOR-N9K01 with via 'cli': configure +++
config term
Enter configuration commands, one per line. End with CNTL/Z.
VV-HOR-N9K01(config)# no logging console
VV-HOR-N9K01(config)# line console
VV-HOR-N9K01(config-console)# exec-timeout 0
VV-HOR-N9K01(config-console)# line vty
VV-HOR-N9K01(config-line)# exec-timeout 0
VV-HOR-N9K01(config-line)# terminal width 511
VV-HOR-N9K01(config-line)# end
VV-HOR-N9K01#</msg>
<status status="PASS" starttime="20220629 17:37:32.480" endtime="20220629 17:37:35.644"/>
</kw>
<kw name="connect to device &quot;VV-HOR-N9K02&quot;" library="ats.robot.pyATSRobot" sourcename="connect to device &quot;${device:[^&quot;]+}&quot;">
<doc>Connect to device connection as defined in testbed.yaml</doc>
<msg timestamp="20220629 17:37:35.645" level="INFO">Connecting to device 'Device VV-HOR-N9K02, type nxos'</msg>
<msg timestamp="20220629 17:37:35.645" level="INFO">kwargs: {}</msg>
<msg timestamp="20220629 17:37:38.602" level="INFO">2022-06-29 17:37:35,647: %UNICON-INFO: +++ VV-HOR-N9K02 logfile /tmp/VV-HOR-N9K02-cli-20220629T173735646.log +++

2022-06-29 17:37:35,647: %UNICON-INFO: +++ Unicon plugin nxos (unicon.plugins.nxos) +++
The authenticity of host '10.228.128.12 (10.228.128.12)' can't be established.
RSA key fingerprint is SHA256:ZOznKE05cajWgb8BpS/9NJaEzMi6sQWKlqWUPvwxwTo.
Are you sure you want to continue connecting (yes/no/[fingerprint])? 

2022-06-29 17:37:35,855: %UNICON-INFO: +++ connection to spawn: ssh -l svc_telecom 10.228.128.12, id: 140401724475760 +++

2022-06-29 17:37:35,855: %UNICON-INFO: connection to VV-HOR-N9K02
yes
Warning: Permanently added '10.228.128.12' (RSA) to the list of known hosts.
Cc
* * * * * * * * * * * * * * * * * * * * * * * * * * * * * * * * * * * * * *
*                                Via Varejo.                              *
*                   Setor de Redes / Plataforma Baixa                     *
*   Aviso, qualquer uso nao autorizado do sistema e ilegal podendo ser    *
* monitorado sem aviso previo e os registros resultantes podem ser usados *
*                        como prova em tribunal.                          *
* * * * * * * * * * * * * * * * * * * * * * * * * * * * * * * * * * * * * *
Password: 

Cisco Nexus Operating System (NX-OS) Software
TAC support: http://www.cisco.com/tac
Copyright (C) 2002-2020, Cisco and/or its affiliates.
All rights reserved.
The copyrights to certain works contained in this software are
owned by other third parties and used and distributed under their own
licenses, such as open source.  This software is provided "as is," and unless
otherwise stated, there is no warranty, express or implied, including but not
limited to warranties of merchantability and fitness for a particular purpose.
Certain components of this software are licensed under
the GNU General Public License (GPL) version 2.0 or 
GNU General Public License (GPL) version 3.0  or the GNU
Lesser General Public License (LGPL) Version 2.1 or 
Lesser General Public License (LGPL) Version 2.0. 
A copy of each such license is available at
http://www.opensource.org/licenses/gpl-2.0.php and
http://opensource.org/licenses/gpl-3.0.html and
http://www.opensource.org/licenses/lgpl-2.1.php and
http://www.gnu.org/licenses/old-licenses/library.txt.
VV-HOR-N9K02# 

2022-06-29 17:37:36,877: %UNICON-INFO: +++ initializing handle +++

2022-06-29 17:37:36,947: %UNICON-INFO: +++ VV-HOR-N9K02 with via 'cli': executing command 'term length 0' +++
term length 0
VV-HOR-N9K02# 

2022-06-29 17:37:37,169: %UNICON-INFO: +++ VV-HOR-N9K02 with via 'cli': executing command 'term width 511' +++
term width 511
VV-HOR-N9K02# 

2022-06-29 17:37:37,392: %UNICON-INFO: +++ VV-HOR-N9K02 with via 'cli': executing command 'terminal session-timeout 0' +++
terminal session-timeout 0
VV-HOR-N9K02# 

2022-06-29 17:37:37,531: %UNICON-INFO: +++ VV-HOR-N9K02 with via 'cli': configure +++
config term
Enter configuration commands, one per line. End with CNTL/Z.
VV-HOR-N9K02(config)# no logging console
VV-HOR-N9K02(config)# line console
VV-HOR-N9K02(config-console)# exec-timeout 0
VV-HOR-N9K02(config-console)# line vty
VV-HOR-N9K02(config-line)# exec-timeout 0
VV-HOR-N9K02(config-line)# terminal width 511
VV-HOR-N9K02(config-line)# end
VV-HOR-N9K02#</msg>
<status status="PASS" starttime="20220629 17:37:35.645" endtime="20220629 17:37:38.603"/>
</kw>
<doc>Define the hosts to connect and test connection</doc>
<tag>hortolandia</tag>
<status status="PASS" starttime="20220629 17:37:32.400" endtime="20220629 17:37:38.604"/>
</test>
<status status="PASS" starttime="20220629 17:37:31.703" endtime="20220629 17:37:38.606"/>
</suite>
<statistics>
<total>
<stat pass="1" fail="0" skip="0">All Tests</stat>
</total>
<tag>
<stat pass="1" fail="0" skip="0">hortolandia</stat>
</tag>
<suite>
<stat pass="1" fail="0" skip="0" id="s1" name="Test Connection">Test Connection</stat>
</suite>
</statistics>
<errors>
<msg timestamp="20220629 17:37:32.401" level="WARN">Keyword 'genie.libs.robot.GenieRobot.use genie testbed "${testbed}"' is deprecated. Please use the "use testbed "${testbed}" keyword instead.</msg>
<msg timestamp="20220629 17:37:32.405" level="WARN">Using the default YAML encoding key since no key was specified in configuration.
THIS IS A SHARED KEY AND IS NOT SECURE, PLEASE RUN `pyats secret keygen` AND ADD TO YOUR pyats.conf FILE BEFORE ENCODING ANY VALUES.</msg>
<msg timestamp="20220629 17:37:32.479" level="WARN">Could not load the trigger datafile correctly, did you specify 'uut' device alias?</msg>
</errors>
</robot>
