<?xml version="1.0" encoding="UTF-8"?>
<robot generator="Robot 4.1.3 (Python 3.8.10 on linux)" generated="20220629 17:03:02.019" rpa="false" schemaversion="2">
<suite id="s1" name="Health Check Bartira" source="/home/marcelo/robot_framework/test_robot/health_check_bartira.robot">
<test id="s1-t1" name="Connect to devices">
<kw name="use genie testbed &quot;${testbed}&quot;" library="genie.libs.robot.GenieRobot" sourcename="use genie testbed &quot;${testbed}&quot;">
<doc>*DEPRECATED* Please use the "use testbed "${testbed}" keyword instead.</doc>
<msg timestamp="20220629 17:03:02.957" level="WARN">Keyword 'genie.libs.robot.GenieRobot.use genie testbed "${testbed}"' is deprecated. Please use the "use testbed "${testbed}" keyword instead.</msg>
<msg timestamp="20220629 17:03:02.960" level="WARN">Using the default YAML encoding key since no key was specified in configuration.
THIS IS A SHARED KEY AND IS NOT SECURE, PLEASE RUN `pyats secret keygen` AND ADD TO YOUR pyats.conf FILE BEFORE ENCODING ANY VALUES.</msg>
<msg timestamp="20220629 17:03:02.998" level="INFO">+------------------------------------------------------------------------------+
|                            Genie datafiles used:                             |
+------------------------------------------------------------------------------+</msg>
<msg timestamp="20220629 17:03:02.998" level="INFO">Trigger datafile          | </msg>
<msg timestamp="20220629 17:03:02.998" level="INFO">Verification  datafile    | </msg>
<msg timestamp="20220629 17:03:02.998" level="INFO">Pts datafile              | /home/marcelo/robot_framework/env_robot/lib/python3.8/site-packages/genie/libs/sdk/genie_yamls/pts_datafile.yaml</msg>
<msg timestamp="20220629 17:03:02.998" level="INFO">Subsection datafile       | /home/marcelo/robot_framework/env_robot/lib/python3.8/site-packages/genie/libs/sdk/genie_yamls/subsection_datafile.yaml</msg>
<msg timestamp="20220629 17:03:02.998" level="INFO">Config datafile           | None</msg>
<msg timestamp="20220629 17:03:03.019" level="WARN">Could not load the trigger datafile correctly, did you specify 'uut' device alias?</msg>
<status status="PASS" starttime="20220629 17:03:02.957" endtime="20220629 17:03:03.020"/>
</kw>
<kw name="connect to device &quot;BARTIRA-SW05&quot;" library="ats.robot.pyATSRobot" sourcename="connect to device &quot;${device:[^&quot;]+}&quot;">
<doc>Connect to device connection as defined in testbed.yaml</doc>
<msg timestamp="20220629 17:03:03.024" level="INFO">Connecting to device 'Device BARTIRA-SW05, type iosxe'</msg>
<msg timestamp="20220629 17:03:03.024" level="INFO">kwargs: {}</msg>
<msg timestamp="20220629 17:03:08.670" level="INFO">2022-06-29 17:03:03,026: %UNICON-INFO: +++ BARTIRA-SW05 logfile /tmp/BARTIRA-SW05-cli-20220629T170303026.log +++

2022-06-29 17:03:03,027: %UNICON-INFO: +++ Unicon plugin iosxe (unicon.plugins.iosxe) +++
Password:

2022-06-29 17:03:03,229: %UNICON-INFO: +++ connection to spawn: ssh -l svc_telecom 10.211.16.5, id: 139896450327552 +++

2022-06-29 17:03:03,230: %UNICON-INFO: connection to BARTIRA-SW05


BARTIRA-SW05#

2022-06-29 17:03:06,220: %UNICON-INFO: +++ initializing handle +++

2022-06-29 17:03:06,323: %UNICON-INFO: +++ BARTIRA-SW05 with via 'cli': executing command 'term length 0' +++
term length 0
BARTIRA-SW05#

2022-06-29 17:03:06,749: %UNICON-INFO: +++ BARTIRA-SW05 with via 'cli': executing command 'term width 0' +++
term width 0
BARTIRA-SW05#

2022-06-29 17:03:07,176: %UNICON-INFO: +++ BARTIRA-SW05 with via 'cli': executing command 'show version' +++
show version
Cisco IOS XE Software, Version 17.03.03
Cisco IOS Software [Amsterdam], Catalyst L3 Switch Software (CAT9K_IOSXE), Version 17.3.3, RELEASE SOFTWARE (fc7)
Technical Support: http://www.cisco.com/techsupport
Copyright (c) 1986-2021 by Cisco Systems, Inc.
Compiled Thu 04-Mar-21 12:32 by mcpre


Cisco IOS-XE software, Copyright (c) 2005-2021 by cisco Systems, Inc.
All rights reserved.  Certain components of Cisco IOS-XE software are
licensed under the GNU General Public License ("GPL") Version 2.0.  The
software code licensed under GPL Version 2.0 is free software that comes
with ABSOLUTELY NO WARRANTY.  You can redistribute and/or modify such
GPL code under the terms of GPL Version 2.0.  For more details, see the
documentation or "License Notice" file accompanying the IOS-XE software,
or the applicable URL provided on the flyer accompanying the IOS-XE
software.


ROM: IOS-XE ROMMON
BOOTLDR: System Bootstrap, Version 17.3.1r[FC2], RELEASE SOFTWARE (P)

BARTIRA-SW05 uptime is 7 weeks, 3 days, 11 hours, 27 minutes
Uptime for this control processor is 7 weeks, 3 days, 11 hours, 29 minutes
System returned to ROM by PowerOn
System restarted at 05:35:45 BRA Sun May 8 2022
System image file is "flash:/cat9k_iosxe.17.03.03.SPA.bin"
Last reload reason: PowerOn



This product contains cryptographic features and is subject to United
States and local country laws governing import, export, transfer and
use. Delivery of Cisco cryptographic products does not imply
third-party authority to import, export, distribute or use encryption.
Importers, exporters, distributors and users are responsible for
compliance with U.S. and local country laws. By using this product you
agree to comply with applicable laws and regulations. If you are unable
to comply with U.S. and local laws, return this product immediately.

A summary of U.S. laws governing Cisco cryptographic products may be found at:
http://www.cisco.com/wwl/export/crypto/tool/stqrg.html

If you require further assistance please contact us by sending email to
export@cisco.com.


Technology Package License Information: 

------------------------------------------------------------------------------
Technology-package                                     Technology-package
Current                        Type                       Next reboot  
------------------------------------------------------------------------------
network-advantage   	Smart License                 	 network-advantage   
dna-advantage       	Subscription Smart License    	 dna-advantage                 
AIR License Level: AIR DNA Advantage
Next reload AIR license Level: AIR DNA Advantage


Smart Licensing Status: Registration Not Applicable/Not Applicable

cisco C9500-48Y4C (X86) processor with 2904385K/6147K bytes of memory.
Processor board ID FDO250707E1
12 Virtual Ethernet interfaces
96 TwentyFive Gigabit Ethernet interfaces
8 Hundred Gigabit Ethernet interfaces
32768K bytes of non-volatile configuration memory.
16002876K bytes of physical memory.
11161600K bytes of Bootflash at bootflash:.
11161600K bytes of Bootflash at bootflash-2:.
1638400K bytes of Crash Files at crashinfo:.
1638400K bytes of Crash Files at crashinfo-2:.

Base Ethernet MAC Address          : f8:7a:41:79:d2:e0
Motherboard Assembly Number        : 4873
Motherboard Serial Number          : FDO250707E1
Model Revision Number              : V02
Motherboard Revision Number        : 5
Model Number                       : C9500-48Y4C         
System Serial Number               : FDO250707E1

Switch 02
---------
Base Ethernet MAC Address          : f8:a7:3a:55:59:80
Motherboard Assembly Number        : 4873
Motherboard Serial Number          : FDO25070AE3
Model Revision Number              : V02
Motherboard Revision Number        : 5
Model Number                       : C9500-48Y4C         
System Serial Number               : FDO25070AE3

BARTIRA-SW05#

2022-06-29 17:03:07,535: %UNICON-INFO: +++ BARTIRA-SW05 with via 'cli': configure +++
config term
Enter configuration commands, one per line.  End with CNTL/Z.
BARTIRA-SW05(config)#no logging console
BARTIRA-SW05(config)#line console 0
BARTIRA-SW05(config-line)#exec-timeout 0
BARTIRA-SW05(config-line)#end
BARTIRA-SW05#</msg>
<status status="PASS" starttime="20220629 17:03:03.022" endtime="20220629 17:03:08.671"/>
</kw>
<doc>Define the hosts to connect and test connection</doc>
<tag>bartira</tag>
<tag>connection</tag>
<tag>fabrica</tag>
<status status="PASS" starttime="20220629 17:03:02.957" endtime="20220629 17:03:08.671"/>
</test>
<test id="s1-t2" name="Gather Platform and Configuration information">
<kw name="Profile the system for &quot;platform;config&quot; on devices &quot;BARTIRA-SW05&quot; as &quot;./snapshots/current/current_snapshot_platform&quot;" library="genie.libs.robot.GenieRobot" sourcename="Profile the system for &quot;${feature:[^&quot;]+}&quot; on devices &quot;${device:[^&quot;]+}&quot; as &quot;${name:[^&quot;]+}&quot;">
<doc>Profile system as per the provided features on the devices</doc>
<msg timestamp="20220629 17:03:08.675" level="INFO">Start learning feature platform</msg>
<msg timestamp="20220629 17:03:18.480" level="INFO">Could not learn &lt;class 'genie.libs.parser.iosxe.show_issu.ShowIssuStateDetail'&gt;
Parser Output is empty</msg>
<msg timestamp="20220629 17:03:18.481" level="INFO">+====================================================================================================================================================+</msg>
<msg timestamp="20220629 17:03:18.481" level="INFO">| Commands for learning feature 'Platform'                                                                                                           |</msg>
<msg timestamp="20220629 17:03:18.481" level="INFO">+====================================================================================================================================================+</msg>
<msg timestamp="20220629 17:03:18.481" level="INFO">| - Parsed commands                                                                                                                                  |</msg>
<msg timestamp="20220629 17:03:18.481" level="INFO">|----------------------------------------------------------------------------------------------------------------------------------------------------|</msg>
<msg timestamp="20220629 17:03:18.481" level="INFO">|   cmd: &lt;class 'genie.libs.parser.iosxe.show_platform.ShowVersion'&gt;                                                                                 |</msg>
<msg timestamp="20220629 17:03:18.481" level="INFO">|   cmd: &lt;class 'genie.libs.parser.iosxe.show_platform.Dir'&gt;                                                                                         |</msg>
<msg timestamp="20220629 17:03:18.481" level="INFO">|   cmd: &lt;class 'genie.libs.parser.iosxe.show_platform.ShowRedundancy'&gt;                                                                              |</msg>
<msg timestamp="20220629 17:03:18.481" level="INFO">|   cmd: &lt;class 'genie.libs.parser.iosxe.show_platform.ShowInventory'&gt;                                                                               |</msg>
<msg timestamp="20220629 17:03:18.482" level="INFO">|   cmd: &lt;class 'genie.libs.parser.iosxe.show_issu.ShowIssuRollbackTimer'&gt;                                                                           |</msg>
<msg timestamp="20220629 17:03:18.482" level="INFO">|   cmd: &lt;class 'genie.libs.parser.iosxe.show_platform.ShowPlatform'&gt;                                                                                |</msg>
<msg timestamp="20220629 17:03:18.482" level="INFO">|====================================================================================================================================================|</msg>
<msg timestamp="20220629 17:03:18.482" level="INFO">| - Commands with empty output                                                                                                                       |</msg>
<msg timestamp="20220629 17:03:18.482" level="INFO">|----------------------------------------------------------------------------------------------------------------------------------------------------|</msg>
<msg timestamp="20220629 17:03:18.482" level="INFO">|   cmd: &lt;class 'genie.libs.parser.iosxe.show_issu.ShowIssuStateDetail'&gt;                                                                             |</msg>
<msg timestamp="20220629 17:03:18.482" level="INFO">|====================================================================================================================================================|</msg>
<msg timestamp="20220629 17:03:18.487" level="INFO">Start learning device configuration</msg>
<msg timestamp="20220629 17:03:19.572" level="INFO">Saved system profile as file: /home/marcelo/robot_framework/test_robot/./snapshots/current/current_snapshot_platform_BARTIRA-SW05_config_pts.json</msg>
<msg timestamp="20220629 17:03:19.573" level="INFO">2022-06-29 17:03:09,096: %UNICON-INFO: +++ BARTIRA-SW05 with via 'cli': executing command 'show version' +++
show version
Cisco IOS XE Software, Version 17.03.03
Cisco IOS Software [Amsterdam], Catalyst L3 Switch Software (CAT9K_IOSXE), Version 17.3.3, RELEASE SOFTWARE (fc7)
Technical Support: http://www.cisco.com/techsupport
Copyright (c) 1986-2021 by Cisco Systems, Inc.
Compiled Thu 04-Mar-21 12:32 by mcpre


Cisco IOS-XE software, Copyright (c) 2005-2021 by cisco Systems, Inc.
All rights reserved.  Certain components of Cisco IOS-XE software are
licensed under the GNU General Public License ("GPL") Version 2.0.  The
software code licensed under GPL Version 2.0 is free software that comes
with ABSOLUTELY NO WARRANTY.  You can redistribute and/or modify such
GPL code under the terms of GPL Version 2.0.  For more details, see the
documentation or "License Notice" file accompanying the IOS-XE software,
or the applicable URL provided on the flyer accompanying the IOS-XE
software.


ROM: IOS-XE ROMMON
BOOTLDR: System Bootstrap, Version 17.3.1r[FC2], RELEASE SOFTWARE (P)

BARTIRA-SW05 uptime is 7 weeks, 3 days, 11 hours, 27 minutes
Uptime for this control processor is 7 weeks, 3 days, 11 hours, 29 minutes
System returned to ROM by PowerOn
System restarted at 05:35:45 BRA Sun May 8 2022
System image file is "flash:/cat9k_iosxe.17.03.03.SPA.bin"
Last reload reason: PowerOn



This product contains cryptographic features and is subject to United
States and local country laws governing import, export, transfer and
use. Delivery of Cisco cryptographic products does not imply
third-party authority to import, export, distribute or use encryption.
Importers, exporters, distributors and users are responsible for
compliance with U.S. and local country laws. By using this product you
agree to comply with applicable laws and regulations. If you are unable
to comply with U.S. and local laws, return this product immediately.

A summary of U.S. laws governing Cisco cryptographic products may be found at:
http://www.cisco.com/wwl/export/crypto/tool/stqrg.html

If you require further assistance please contact us by sending email to
export@cisco.com.


Technology Package License Information: 

------------------------------------------------------------------------------
Technology-package                                     Technology-package
Current                        Type                       Next reboot  
------------------------------------------------------------------------------
network-advantage   	Smart License                 	 network-advantage   
dna-advantage       	Subscription Smart License    	 dna-advantage                 
AIR License Level: AIR DNA Advantage
Next reload AIR license Level: AIR DNA Advantage


Smart Licensing Status: Registration Not Applicable/Not Applicable

cisco C9500-48Y4C (X86) processor with 2904385K/6147K bytes of memory.
Processor board ID FDO250707E1
12 Virtual Ethernet interfaces
96 TwentyFive Gigabit Ethernet interfaces
8 Hundred Gigabit Ethernet interfaces
32768K bytes of non-volatile configuration memory.
16002876K bytes of physical memory.
11161600K bytes of Bootflash at bootflash:.
11161600K bytes of Bootflash at bootflash-2:.
1638400K bytes of Crash Files at crashinfo:.
1638400K bytes of Crash Files at crashinfo-2:.

Base Ethernet MAC Address          : f8:7a:41:79:d2:e0
Motherboard Assembly Number        : 4873
Motherboard Serial Number          : FDO250707E1
Model Revision Number              : V02
Motherboard Revision Number        : 5
Model Number                       : C9500-48Y4C         
System Serial Number               : FDO250707E1

Switch 02
---------
Base Ethernet MAC Address          : f8:a7:3a:55:59:80
Motherboard Assembly Number        : 4873
Motherboard Serial Number          : FDO25070AE3
Model Revision Number              : V02
Motherboard Revision Number        : 5
Model Number                       : C9500-48Y4C         
System Serial Number               : FDO25070AE3

BARTIRA-SW05#

2022-06-29 17:03:09,555: %UNICON-INFO: +++ BARTIRA-SW05 with via 'cli': executing command 'dir' +++
dir
Directory of bootflash:/

32456   drwx             4096   May 8 2022 05:40:00 -03:00  .installer
32501   -rw-                0   May 8 2022 05:36:09 -03:00  dope_hist
32474   -rw-            17197   May 8 2022 05:36:09 -03:00  rdope_out.txt
32475   -rw-               91   May 8 2022 05:36:07 -03:00  rdope.log
259586  -rw-             1576   May 8 2022 05:35:56 -03:00  vlan.dat
32470   -rwx             2049   May 8 2022 05:34:54 -03:00  svl_ipc.tcl
32469   -rw-           134458   May 8 2022 05:34:54 -03:00  memleak.tcl
32453   -rw-              396   May 8 2022 05:34:34 -03:00  boothelper.log
121705  drwx             4096   May 8 2022 05:34:33 -03:00  dc_profile_dir
32458   -rw-              518   May 8 2022 05:34:16 -03:00  bootloader_evt_handle.log
32466   drwx             4096  Mar 15 2022 20:56:35 -03:00  core
32467   -rw-              396  Dec 19 2021 20:45:32 -03:00  boothelper.log.old
89233   drwx             4096   Jul 5 2021 14:45:00 -03:00  .prst_sync
32450   drwx             4096   Jul 2 2021 15:03:20 -03:00  .dbpersist
235249  drwx             4096   Jul 2 2021 15:03:09 -03:00  Tbot
202801  drwx             4096   Jul 2 2021 15:02:58 -03:00  sys_report
121681  drwx             4096   Jul 2 2021 15:02:58 -03:00  tech_support
186577  drwx             4096   Jul 2 2021 15:02:57 -03:00  ss_disc
32498   -rw-          5242880   Jul 2 2021 15:02:57 -03:00  ssd
113569  drwx             4096   Jul 2 2021 15:02:57 -03:00  gs_script
32459   drwx             4096   Jul 2 2021 15:02:40 -03:00  .ssh
32477   -rw-        901741775   Jul 2 2021 14:56:45 -03:00  cat9k_iosxe.17.03.03.SPA.bin
105457  drwx             4096   Apr 9 2021 10:37:16 -03:00  .rollback_timer
32485   -rw-             7560   Apr 9 2021 10:35:35 -03:00  packages.conf
32495   -rw-         41799673   Apr 9 2021 10:35:35 -03:00  cat9k-rpboot.16.12.04.SPA.pkg
32494   -rw-             9216   Apr 9 2021 10:35:00 -03:00  cat9k-wlc.16.12.04.SPA.pkg
32493   -rw-         12907520   Apr 9 2021 10:35:00 -03:00  cat9k-webui.16.12.04.SPA.pkg
32492   -rw-         23217156   Apr 9 2021 10:35:00 -03:00  cat9k-srdriver.16.12.04.SPA.pkg
32491   -rw-         60392448   Apr 9 2021 10:35:00 -03:00  cat9k-sipspa.16.12.04.SPA.pkg
32490   -rw-         31478788   Apr 9 2021 10:35:00 -03:00  cat9k-sipbase.16.12.04.SPA.pkg
32489   -rw-        531063808   Apr 9 2021 10:35:00 -03:00  cat9k-rpbase.16.12.04.SPA.pkg
32488   -rw-          1684484   Apr 9 2021 10:34:59 -03:00  cat9k-guestshell.16.12.04.SPA.pkg
32487   -rw-         89134084   Apr 9 2021 10:34:59 -03:00  cat9k-espbase.16.12.04.SPA.pkg
32486   -rw-         14464008   Apr 9 2021 10:34:59 -03:00  cat9k-cc_srdriver.16.12.04.SPA.pkg
32476   drwx             4096   Apr 9 2021 10:30:48 -03:00  onep
32471   drwx             4096   Apr 9 2021 10:30:28 -03:00  callhome
32455   -rw-        805827585   Apr 9 2021 10:24:35 -03:00  cat9k_iosxe.16.12.04.SPA.bin

11250098176 bytes total (8058748928 bytes free)
BARTIRA-SW05#

2022-06-29 17:03:10,769: %UNICON-INFO: +++ BARTIRA-SW05 with via 'cli': executing command 'show redundancy' +++
show redundancy
Redundant System Information :
------------------------------
       Available system uptime = 7 weeks, 3 days, 11 hours, 27 minutes
Switchovers system experienced = 0
              Standby failures = 0
        Last switchover reason = none

                 Hardware Mode = Duplex
    Configured Redundancy Mode = sso
     Operating Redundancy Mode = sso
              Maintenance Mode = Disabled
                Communications = Up

Current Processor Information :
-------------------------------
               Active Location = slot 1
        Current Software state = ACTIVE
       Uptime in current state = 7 weeks, 3 days, 11 hours, 27 minutes
                 Image Version = Cisco IOS Software [Amsterdam], Catalyst L3 Switch Software (CAT9K_IOSXE), Version 17.3.3, RELEASE SOFTWARE (fc7)
Technical Support: http://www.cisco.com/techsupport
Copyright (c) 1986-2021 by Cisco Systems, Inc.
Compiled Thu 04-Mar-21 12:32 by mcpre
                          BOOT = flash:/cat9k_iosxe.17.03.03.SPA.bin;bootflash:/cat9k_iosxe.17.03.03.SPA.bin;
                   CONFIG_FILE = 

Peer Processor Information :
----------------------------
              Standby Location = slot 2
        Current Software state = STANDBY HOT 
       Uptime in current state = 7 weeks, 3 days, 11 hours, 23 minutes
                 Image Version = Cisco IOS Software [Amsterdam], Catalyst L3 Switch Software (CAT9K_IOSXE), Version 17.3.3, RELEASE SOFTWARE (fc7)
Technical Support: http://www.cisco.com/techsupport
Copyright (c) 1986-2021 by Cisco Systems, Inc.
Compiled Thu 04-Mar-21 12:32 by mcpre
                          BOOT = flash:/cat9k_iosxe.17.03.03.SPA.bin;bootflash:/cat9k_iosxe.17.03.03.SPA.bin;
                   CONFIG_FILE = 


BARTIRA-SW05#

2022-06-29 17:03:11,202: %UNICON-INFO: +++ BARTIRA-SW05 with via 'cli': executing command 'show inventory' +++
show inventory
NAME: "Switch 1 Chassis", DESCR: "Cisco Catalyst 9500 Series Chassis"
PID: C9500-48Y4C       , VID: V03  , SN: FDO250707E1

NAME: "Switch 1 Power Supply Module 0", DESCR: "Cisco Catalyst 9500 Series 650W AC Power Supply"
PID: C9K-PWR-650WAC-R  , VID: V01  , SN: DCI2504227T

NAME: "Switch 1 Power Supply Module 1", DESCR: "Cisco Catalyst 9500 Series 650W AC Power Supply"
PID: C9K-PWR-650WAC-R  , VID: V01  , SN: DCI243120RH

NAME: "Switch 1 Fan Tray 0", DESCR: "Cisco Catalyst 9500 Series Fan Tray"
PID: C9K-T1-FANTRAY    , VID:      , SN:            

NAME: "Switch 1 Fan Tray 1", DESCR: "Cisco Catalyst 9500 Series Fan Tray"
PID: C9K-T1-FANTRAY    , VID:      , SN:            

NAME: "Switch 1 Slot 1 Supervisor", DESCR: "Cisco Catalyst 9500 Series Router"
PID: C9500-48Y4C       , VID: V03  , SN: FDO250707E1

NAME: "TwentyFiveGigE1/0/1", DESCR: "SFP+ 10GBASE-SR"
PID: SFP-10G-SR-S        , VID: V01  , SN: ACW25032KDY     

NAME: "TwentyFiveGigE1/0/2", DESCR: "SFP+ 10GBASE-SR"
PID: SFP-10G-SR-S        , VID: V01  , SN: OPM2444163Z     

NAME: "TwentyFiveGigE1/0/3", DESCR: "SFP+ 10GBASE-SR"
PID: SFP-10G-SR-S        , VID: V01  , SN: OPM244315FM     

NAME: "TwentyFiveGigE1/0/4", DESCR: "SFP+ 10GBASE-SR"
PID: SFP-10G-SR-S        , VID: V01  , SN: OPM244416BF     

NAME: "TwentyFiveGigE1/0/5", DESCR: "SFP+ 10GBASE-SR"
PID: SFP-10G-SR-S        , VID: V01  , SN: OPM244315BZ     

NAME: "TwentyFiveGigE1/0/6", DESCR: "SFP+ 10GBASE-SR"
PID: SFP-10G-SR-S        , VID: V01  , SN: OPM2444163U     

NAME: "TwentyFiveGigE1/0/7", DESCR: "SFP+ 10GBASE-SR"
PID: SFP-10G-SR-S        , VID: V01  , SN: OPM244416E2     

NAME: "TwentyFiveGigE1/0/8", DESCR: "SFP+ 10GBASE-SR"
PID: SFP-10G-SR-S        , VID: V01  , SN: OPM244416EU     

NAME: "TwentyFiveGigE1/0/9", DESCR: "SFP+ 10GBASE-SR"
PID: SFP-10G-SR-S        , VID: V01  , SN: OPM244315FP     

NAME: "TwentyFiveGigE1/0/10", DESCR: "SFP+ 10GBASE-SR"
PID: SFP-10G-SR-S        , VID: V01  , SN: ACW25032KDT     

NAME: "TwentyFiveGigE1/0/11", DESCR: "SFP+ 10GBASE-SR"
PID: SFP-10G-SR-S        , VID: V01  , SN: ACW25032N25     

NAME: "TwentyFiveGigE1/0/12", DESCR: "SFP+ 10GBASE-SR"
PID: SFP-10G-SR-S        , VID: V01  , SN: OPM2444163P     

NAME: "TwentyFiveGigE1/0/13", DESCR: "SFP+ 10GBASE-SR"
PID: SFP-10G-SR-S        , VID: V01  , SN: OPM244315F4     

NAME: "TwentyFiveGigE1/0/14", DESCR: "SFP+ 10GBASE-SR"
PID: SFP-10G-SR-S        , VID: V01  , SN: OPM2444163Y     

NAME: "TwentyFiveGigE1/0/15", DESCR: "SFP+ 10GBASE-SR"
PID: SFP-10G-SR-S        , VID: V01  , SN: OPM244315FN     

NAME: "TwentyFiveGigE1/0/16", DESCR: "SFP+ 10GBASE-SR"
PID: SFP-10G-SR-S        , VID: V01  , SN: OPM244315AB     

NAME: "TwentyFiveGigE1/0/17", DESCR: "SFP+ 10GBASE-LR"
PID: SFP-10G-LR-S        , VID: V01  , SN: ACW25022U6Q     

NAME: "TwentyFiveGigE1/0/18", DESCR: "SFP+ 10GBASE-LR"
PID: SFP-10G-LR-S        , VID: V01  , SN: ACW25022U6J     

NAME: "TwentyFiveGigE1/0/19", DESCR: "SFP+ 10GBASE-SR"
PID: SFP-10G-SR-S        , VID: V01  , SN: OPM244315EE     

NAME: "TwentyFiveGigE1/0/20", DESCR: "SFP+ 10GBASE-SR"
PID: SFP-10G-SR-S        , VID: V01  , SN: ACW25032NS4     

NAME: "TwentyFiveGigE1/0/21", DESCR: "SFP+ 10GBASE-LR"
PID: SFP-10G-LR-S        , VID: V01  , SN: ACW25022TQB     

NAME: "TwentyFiveGigE1/0/22", DESCR: "SFP+ 10GBASE-SR"
PID: SFP-10G-SR-S        , VID: V01  , SN: OPM2444163T     

NAME: "TwentyFiveGigE1/0/41", DESCR: "GE T"
PID: GLC-TE              , VID: V03  , SN: MTC25070ASQ     

NAME: "TwentyFiveGigE1/0/42", DESCR: "GE T"
PID: GLC-TE              , VID: V03  , SN: MTC250707DT     

NAME: "TwentyFiveGigE1/0/43", DESCR: "GE T"
PID: GLC-TE              , VID: V03  , SN: MTC25070977     

NAME: "TwentyFiveGigE1/0/44", DESCR: "SFP+ 10GBASE-SR"
PID: SFP-10G-SR-S        , VID: V01  , SN: OPM244416B1     

NAME: "TwentyFiveGigE1/0/45", DESCR: "SFP+ 10GBASE-SR"
PID: SFP-10G-SR-S        , VID: V01  , SN: ACW25032NRL     

NAME: "TwentyFiveGigE1/0/46", DESCR: "10GE CU1M"
PID: SFP-H10GB-CU1M      , VID: V03  , SN: TED2503A0TR     

NAME: "TwentyFiveGigE1/0/47", DESCR: "10GE CU1M"
PID: SFP-H10GB-CU1M      , VID: V03  , SN: TED2503A18Z     

NAME: "TwentyFiveGigE1/0/48", DESCR: "10GE CU1M"
PID: SFP-H10GB-CU1M      , VID: V03  , SN: TED2503A12Z     

NAME: "Switch 2 Chassis", DESCR: "Cisco Catalyst 9500 Series Chassis"
PID: C9500-48Y4C       , VID: V03  , SN: FDO25070AE3

NAME: "Switch 2 Power Supply Module 0", DESCR: "Cisco Catalyst 9500 Series 650W AC Power Supply"
PID: C9K-PWR-650WAC-R  , VID: V01  , SN: DCI25042265

NAME: "Switch 2 Power Supply Module 1", DESCR: "Cisco Catalyst 9500 Series 650W AC Power Supply"
PID: C9K-PWR-650WAC-R  , VID: V01  , SN: DCI2504227V

NAME: "Switch 2 Fan Tray 0", DESCR: "Cisco Catalyst 9500 Series Fan Tray"
PID: C9K-T1-FANTRAY    , VID:      , SN:            

NAME: "Switch 2 Fan Tray 1", DESCR: "Cisco Catalyst 9500 Series Fan Tray"
PID: C9K-T1-FANTRAY    , VID:      , SN:            

NAME: "Switch 2 Slot 1 Supervisor", DESCR: "Cisco Catalyst 9500 Series Router"
PID: C9500-48Y4C       , VID: V03  , SN: FDO25070AE3

NAME: "TwentyFiveGigE2/0/1", DESCR: "SFP+ 10GBASE-SR"
PID: SFP-10G-SR-S        , VID: V01  , SN: ACW25032KD0     

NAME: "TwentyFiveGigE2/0/2", DESCR: "SFP+ 10GBASE-SR"
PID: SFP-10G-SR-S        , VID: V01  , SN: ACW25032N2M     

NAME: "TwentyFiveGigE2/0/3", DESCR: "SFP+ 10GBASE-SR"
PID: SFP-10G-SR-S        , VID: V01  , SN: ACW25032KDG     

NAME: "TwentyFiveGigE2/0/4", DESCR: "SFP+ 10GBASE-SR"
PID: SFP-10G-SR-S        , VID: V01  , SN: ACW25032P0H     

NAME: "TwentyFiveGigE2/0/5", DESCR: "SFP+ 10GBASE-SR"
PID: SFP-10G-SR-S        , VID: V01  , SN: ACW25032NRG     

NAME: "TwentyFiveGigE2/0/6", DESCR: "SFP+ 10GBASE-SR"
PID: SFP-10G-SR-S        , VID: V01  , SN: ACW25032KD1     

NAME: "TwentyFiveGigE2/0/7", DESCR: "SFP+ 10GBASE-SR"
PID: SFP-10G-SR-S        , VID: V01  , SN: ACW25032KD9     

NAME: "TwentyFiveGigE2/0/8", DESCR: "SFP+ 10GBASE-SR"
PID: SFP-10G-SR-S        , VID: V01  , SN: OPM244315A7     

NAME: "TwentyFiveGigE2/0/9", DESCR: "SFP+ 10GBASE-SR"
PID: SFP-10G-SR-S        , VID: V01  , SN: ACW25032N1K     

NAME: "TwentyFiveGigE2/0/10", DESCR: "SFP+ 10GBASE-SR"
PID: SFP-10G-SR-S        , VID: V01  , SN: OPM2444165E     

NAME: "TwentyFiveGigE2/0/11", DESCR: "SFP+ 10GBASE-SR"
PID: SFP-10G-SR-S        , VID: V01  , SN: ACW25032KE1     

NAME: "TwentyFiveGigE2/0/12", DESCR: "SFP+ 10GBASE-SR"
PID: SFP-10G-SR-S        , VID: V01  , SN: ACW25032KD8     

NAME: "TwentyFiveGigE2/0/13", DESCR: "SFP+ 10GBASE-SR"
PID: SFP-10G-SR-S        , VID: V01  , SN: ACW25032KD2     

NAME: "TwentyFiveGigE2/0/14", DESCR: "SFP+ 10GBASE-SR"
PID: SFP-10G-SR-S        , VID: V01  , SN: ACW25032NRB     

NAME: "TwentyFiveGigE2/0/15", DESCR: "SFP+ 10GBASE-SR"
PID: SFP-10G-SR-S        , VID: V01  , SN: OPM244315EF     

NAME: "TwentyFiveGigE2/0/16", DESCR: "SFP+ 10GBASE-SR"
PID: SFP-10G-SR-S        , VID: V01  , SN: OPM244416E9     

NAME: "TwentyFiveGigE2/0/17", DESCR: "SFP+ 10GBASE-LR"
PID: SFP-10G-LR-S        , VID: V01  , SN: ACW25022U6H     

NAME: "TwentyFiveGigE2/0/18", DESCR: "SFP+ 10GBASE-LR"
PID: SFP-10G-LR-S        , VID: V01  , SN: ACW25022U6G     

NAME: "TwentyFiveGigE2/0/19", DESCR: "SFP+ 10GBASE-SR"
PID: SFP-10G-SR-S        , VID: V01  , SN: ACW25032P14     

NAME: "TwentyFiveGigE2/0/20", DESCR: "SFP+ 10GBASE-SR"
PID: SFP-10G-SR-S        , VID: V01  , SN: OPM244315BL     

NAME: "TwentyFiveGigE2/0/21", DESCR: "SFP+ 10GBASE-LR"
PID: SFP-10G-LR-S        , VID: V01  , SN: ACW25022U6U     

NAME: "TwentyFiveGigE2/0/22", DESCR: "SFP+ 10GBASE-SR"
PID: SFP-10G-SR-S        , VID: V01  , SN: OPM244416EZ     

NAME: "TwentyFiveGigE2/0/41", DESCR: "GE T"
PID: GLC-TE              , VID: V03  , SN: ACW25200X02     

NAME: "TwentyFiveGigE2/0/43", DESCR: "GE T"
PID: GLC-TE              , VID: V03  , SN: MTC250709BP     

NAME: "TwentyFiveGigE2/0/44", DESCR: "SFP+ 10GBASE-SR"
PID: SFP-10G-SR-S        , VID: V01  , SN: OPM244416B3     

NAME: "TwentyFiveGigE2/0/45", DESCR: "SFP+ 10GBASE-SR"
PID: SFP-10G-SR-S        , VID: V01  , SN: OPM244315AK     

NAME: "TwentyFiveGigE2/0/46", DESCR: "10GE CU1M"
PID: SFP-H10GB-CU1M      , VID: V03  , SN: TED2503A0TR     

NAME: "TwentyFiveGigE2/0/47", DESCR: "10GE CU1M"
PID: SFP-H10GB-CU1M      , VID: V03  , SN: TED2503A18Z     

NAME: "TwentyFiveGigE2/0/48", DESCR: "10GE CU1M"
PID: SFP-H10GB-CU1M      , VID: V03  , SN: TED2503A12Z     


BARTIRA-SW05#

2022-06-29 17:03:11,685: %UNICON-INFO: +++ BARTIRA-SW05 with via 'cli': executing command 'show issu rollback-timer' +++
show issu rollback-timer
--- Starting local lock acquisition on chassis 1/R0 ---
Finished local lock acquisition on chassis 1/R0

Rollback: inactive, no ISSU operation is in progress

BARTIRA-SW05#

2022-06-29 17:03:17,098: %UNICON-INFO: +++ BARTIRA-SW05 with via 'cli': executing command 'show platform' +++
show platform
Chassis type: C9500-48Y4C         

Switch 1

Slot      Type                State                 Insert time (ago) 
--------- ------------------- --------------------- ----------------- 
1         C9500-48Y4C         ok                    7w3d          
 1/0      C9500-48Y4C         ok                    7w3d          
R0                            ok, active            7w3d          
P0        C9K-PWR-650WAC-R    ok                    7w3d          
P1        C9K-PWR-650WAC-R    ok                    7w3d          

Slot      CPLD Version        Firmware Version                        
--------- ------------------- --------------------------------------- 
1         19070421            17.3.1r[FC2]                        

Switch 2

Slot      Type                State                 Insert time (ago) 
--------- ------------------- --------------------- ----------------- 
1         C9500-48Y4C         ok                    7w3d          
 1/0      C9500-48Y4C         ok                    7w3d          
R0                            ok, standby           7w3d          
P0        C9K-PWR-650WAC-R    ok                    7w3d          
P1        C9K-PWR-650WAC-R    ok                    7w3d          

Slot      CPLD Version        Firmware Version                        
--------- ------------------- --------------------------------------- 
1         19070421            17.3.1r[FC2]                        

BARTIRA-SW05#

2022-06-29 17:03:17,528: %UNICON-INFO: +++ BARTIRA-SW05 with via 'cli': executing command 'show issu state detail' +++
show issu state detail
Current ISSU Status: Disabled       
Previous ISSU Operation: N/A        
=======================================================
System Check                        Status
-------------------------------------------------------
Platform ISSU Support               Yes
Standby Online                      Yes
Autoboot Enabled                    Yes
SSO Mode                            Yes
Install Boot                        No
Valid Boot Media                    Yes
=======================================================
No ISSU operation is in progress

BARTIRA-SW05#

2022-06-29 17:03:18,552: %UNICON-INFO: +++ BARTIRA-SW05 with via 'cli': executing command 'show running-config' +++
show running-config
Building configuration...

Current configuration : 35233 bytes
!
! Last configuration change at 17:03:08 BRA Wed Jun 29 2022 by svc_telecom
! NVRAM config last updated at 01:03:05 BRA Wed Jun 29 2022 by via\svc_telecom
!
version 17.3
service timestamps debug datetime msec
service timestamps log datetime msec
service internal
service call-home
platform punt-keepalive disable-kernel-core
!
hostname BARTIRA-SW05
!
!
vrf definition MGT
 rd 6500:10
 !
 address-family ipv4
 exit-address-family
!
vrf definition Mgmt-vrf
 !
 address-family ipv4
 exit-address-family
 !
 address-family ipv6
 exit-address-family
!
no logging console
!
aaa new-model
!
!
aaa group server tacacs+ ISE-TACACS
 server name ise002
 server name ise004
 ip vrf forwarding MGT
 ip tacacs source-interface Vlan211
!
aaa authentication login default group ISE-TACACS local
aaa authorization config-commands
aaa authorization exec default group ISE-TACACS local 
aaa authorization commands 7 default group ISE-TACACS local 
aaa authorization commands 15 default group ISE-TACACS local 
aaa accounting exec default start-stop group ISE-TACACS
aaa accounting commands 7 default start-stop group ISE-TACACS
aaa accounting commands 15 default start-stop group ISE-TACACS
!
!
!
!
!
!
aaa session-id common
clock timezone BRA -3 0
switch 1 provision c9500-48y4c
switch 2 provision c9500-48y4c
boot system flash:/cat9k_iosxe.17.03.03.SPA.bin
boot system bootflash:/cat9k_iosxe.17.03.03.SPA.bin
stackwise-virtual
 domain 100
!
ip name-server 8.8.8.8
ip name-server vrf MGT 8.8.8.8
ip domain lookup source-interface Vlan211
ip domain lookup vrf MGT source-interface Vlan211
ip domain name viavarejo.corp
!
!
!
login on-success log
!
!
!
!
!
!
!
vtp mode transparent
udld aggressive

no device-tracking logging theft
device-tracking tracking
!
!
crypto pki trustpoint TP-self-signed-2820647708
 enrollment selfsigned
 subject-name cn=IOS-Self-Signed-Certificate-2820647708
 revocation-check none
 rsakeypair TP-self-signed-2820647708
!
crypto pki trustpoint SLA-TrustPoint
 enrollment terminal
 revocation-check crl
!
!
crypto pki certificate chain TP-self-signed-2820647708
 certificate self-signed 01
  30820330 30820218 A0030201 02020101 300D0609 2A864886 F70D0101 05050030 
  31312F30 2D060355 04031326 494F532D 53656C66 2D536967 6E65642D 43657274 
  69666963 6174652D 32383230 36343737 3038301E 170D3231 30343039 31333232 
  34335A17 0D333030 31303130 30303030 305A3031 312F302D 06035504 03132649 
  4F532D53 656C662D 5369676E 65642D43 65727469 66696361 74652D32 38323036 
  34373730 38308201 22300D06 092A8648 86F70D01 01010500 0382010F 00308201 
  0A028201 0100BDBA ADA1B2EA 4A554B9F 658B7C94 80E4AE1B 3FBA0D17 E98CE3C5 
  39D78523 BF8D5395 D46BECF4 FCA4E752 9B9642DC F0F0D57F A647FB74 A617E96B 
  EF376CD3 B4595190 CEB61EBB E96203EE D80C38E2 B016BE36 FC973259 99814EB8 
  79FC28BF B37D004C FDC15FC3 A78FBDB5 C873B277 21B4786F D1DA297C EE302308 
  F1905307 308417A7 61552CE4 9F84C1C9 28EA14B5 7F822942 9D5BD91C 8FFF81AF 
  44B10A1C 1A5809E5 3FC6E887 7CBF8062 E0B90227 582823F8 264D9C8F 0566C262 
  CC8EDC08 36F25AB4 B1EF529F E3D51FED 18FEC01B 919354B7 5696E8C5 66C42C6F 
  678C9CB6 9B050908 869E1E45 1352CD4E 4FF87544 AED4D67B F3097ABB 4D098641 
  E7FAC6E8 72D70203 010001A3 53305130 0F060355 1D130101 FF040530 030101FF 
  301F0603 551D2304 18301680 140C5731 024F03EC ADD09064 12086E3E A7989EFF 
  F7301D06 03551D0E 04160414 0C573102 4F03ECAD D0906412 086E3EA7 989EFFF7 
  300D0609 2A864886 F70D0101 05050003 82010100 7F8D54B1 E7BCC50C A62AE905 
  C7C3D02D EC2AEA40 95BB86DC CACCE9F1 FC74AB18 EDD5F0FC C7359BE4 1A62173E 
  3E76E948 DB14F8B2 D61B43B3 EA01D98E F632F06A 5D407977 0EFE1464 10C93578 
  1997F066 B4E39075 03F1F6DA 77DC2F8E 59AFB0CC 0C845248 BE5AD998 66836324 
  205198C8 E0207E02 4452A7E1 D7E2EA58 1033CA25 5BD2B693 6D6D4C94 03ADB1F8 
  9C141095 309749CB 984D72DC 3247E6C8 EF528D16 ED14B31F DA7D9B49 32ACF5AA 
  7BF5E784 49252BB6 B1F3FEC9 110F560B 5ECA22BC 0FD83769 A3EC9AA6 EEF2322E 
  C15127E0 63FFF9D2 9CAA69F7 BCA5632A BEE207C9 C579DC0A C13279B0 E4E4418C 
  2CAEE832 57E3381B D2955129 2E61764E 18FE82FC
  	quit
crypto pki certificate chain SLA-TrustPoint
 certificate ca 01
  30820321 30820209 A0030201 02020101 300D0609 2A864886 F70D0101 0B050030 
  32310E30 0C060355 040A1305 43697363 6F312030 1E060355 04031317 43697363 
  6F204C69 63656E73 696E6720 526F6F74 20434130 1E170D31 33303533 30313934 
  3834375A 170D3338 30353330 31393438 34375A30 32310E30 0C060355 040A1305 
  43697363 6F312030 1E060355 04031317 43697363 6F204C69 63656E73 696E6720 
  526F6F74 20434130 82012230 0D06092A 864886F7 0D010101 05000382 010F0030 
  82010A02 82010100 A6BCBD96 131E05F7 145EA72C 2CD686E6 17222EA1 F1EFF64D 
  CBB4C798 212AA147 C655D8D7 9471380D 8711441E 1AAF071A 9CAE6388 8A38E520 
  1C394D78 462EF239 C659F715 B98C0A59 5BBB5CBD 0CFEBEA3 700A8BF7 D8F256EE 
  4AA4E80D DB6FD1C9 60B1FD18 FFC69C96 6FA68957 A2617DE7 104FDC5F EA2956AC 
  7390A3EB 2B5436AD C847A2C5 DAB553EB 69A9A535 58E9F3E3 C0BD23CF 58BD7188 
  68E69491 20F320E7 948E71D7 AE3BCC84 F10684C7 4BC8E00F 539BA42B 42C68BB7 
  C7479096 B4CB2D62 EA2F505D C7B062A4 6811D95B E8250FC4 5D5D5FB8 8F27D191 
  C55F0D76 61F9A4CD 3D992327 A8BB03BD 4E6D7069 7CBADF8B DF5F4368 95135E44 
  DFC7C6CF 04DD7FD1 02030100 01A34230 40300E06 03551D0F 0101FF04 04030201 
  06300F06 03551D13 0101FF04 05300301 01FF301D 0603551D 0E041604 1449DC85 
  4B3D31E5 1B3E6A17 606AF333 3D3B4C73 E8300D06 092A8648 86F70D01 010B0500 
  03820101 00507F24 D3932A66 86025D9F E838AE5C 6D4DF6B0 49631C78 240DA905 
  604EDCDE FF4FED2B 77FC460E CD636FDB DD44681E 3A5673AB 9093D3B1 6C9E3D8B 
  D98987BF E40CBD9E 1AECA0C2 2189BB5C 8FA85686 CD98B646 5575B146 8DFC66A8 
  467A3DF4 4D565700 6ADF0F0D CF835015 3C04FF7C 21E878AC 11BA9CD2 55A9232C 
  7CA7B7E6 C1AF74F6 152E99B7 B1FCF9BB E973DE7F 5BDDEB86 C71E3B49 1765308B 
  5FB0DA06 B92AFE7F 494E8A9E 07B85737 F3A58BE1 1A48A229 C37C1E69 39F08678 
  80DDCD16 D6BACECA EEBC7CF9 8428787B 35202CDC 60E4616A B623CDBD 230E3AFB 
  418616A9 4093E049 4D10AB75 27E86F73 932E35B5 8862FDAE 0275156F 719BB2F0 
  D697DF7F 28
  	quit
!
!
license boot level network-advantage addon dna-advantage
license smart transport callhome
!
!
diagnostic bootup level complete
!
spanning-tree mode rapid-pvst
spanning-tree loopguard default
spanning-tree extend system-id
spanning-tree uplinkfast
spanning-tree vlan 1-4093 priority 4096
memory free low-watermark processor 186772
!
no errdisable detect cause gbic-invalid
errdisable recovery cause udld
errdisable recovery cause bpduguard
errdisable recovery cause security-violation
errdisable recovery cause channel-misconfig
errdisable recovery cause pagp-flap
errdisable recovery cause dtp-flap
errdisable recovery cause link-flap
errdisable recovery cause gbic-invalid
errdisable recovery cause psecure-violation
errdisable recovery cause dhcp-rate-limit
errdisable recovery cause loopback
username suptelecom privilege 15 secret 9 $14$bt//$FUhZgywegbSAw.$d/J5ydSgOvjSXf2IQiQnzgxnDMUaZfdkVXZ4ai1e.3U
username ctis privilege 15 secret 9 $14$Hf.v$EQ54z90suOHRjU$oL1GpAlUS2hkrMptuOVmMqIojBxr2Dfn.CF355P0Ru2
username ondemand privilege 15 secret 9 $14$VbNx$QzDm758zKynVOE$p5dGY8B0aAoY/smmWJfzOqO9Z/6gdEOWfT0VXOROb8.
username field privilege 15 secret 9 $14$O4yA$0/QRw026xliXFU$/MCwGHwGjUfFKSVBsBoJxHFis2r6rTni.Xw45FMoqew
username ntt privilege 15 secret 9 $14$Ob2.$XiQWvGYQ8SJlx.$FURi2T2eew5fkdsIvpSYubepQ9Asl7/EMiMXXaD/Obo
!
redundancy
 mode sso
!
!
!
!
!
!
transceiver type all
 monitoring
!
vlan 202
 name VLAN_TRANSITO
!
vlan 211
 name REDE_GERENCIA
!
vlan 213
 name GERENCIA_AP
!
vlan 217
 name VLAN_COLETORES
!
vlan 219
 name PDM_PROD
!
vlan 220
 name PDM_BKP
!
vlan 221
 name PDM_MGMT
!
vlan 310
 name WIFI_CORP
!
vlan 320
 name WIFI_GUEST
!
vlan 321
 name WIFI_PARCEIROS
!
vlan 330
 name VLAN_LINK_1
!
vlan 340
 name VLAN_LINK_2
!
vlan 350
 name VLAN_LINK_3
!
vlan 400
 name TESTE-HOMOLOG
!
vlan 622
 name CAMERAS
!
vlan 720
 name VOZ
!
vlan 915
 name DADOS
!
!
class-map match-any system-cpp-police-ewlc-control
  description EWLC Control 
class-map match-any system-cpp-police-topology-control
  description Topology control
class-map match-any system-cpp-police-sw-forward
  description Sw forwarding, L2 LVX data packets, LOGGING, Transit Traffic
class-map match-any system-cpp-default
  description EWLC Data, Inter FED Traffic 
class-map match-any system-cpp-police-sys-data
  description Openflow, Exception, EGR Exception, NFL Sampled Data, RPF Failed
class-map match-any system-cpp-police-punt-webauth
  description Punt Webauth
class-map match-any system-cpp-police-l2lvx-control
  description L2 LVX control packets
class-map match-any system-cpp-police-forus
  description Forus Address resolution and Forus traffic
class-map match-any system-cpp-police-multicast-end-station
  description MCAST END STATION
class-map match-any system-cpp-police-high-rate-app
  description High Rate Applications 
class-map match-any system-cpp-police-multicast
  description MCAST Data
class-map match-any system-cpp-police-l2-control
  description L2 control
class-map match-any system-cpp-police-dot1x-auth
  description DOT1X Auth
class-map match-any system-cpp-police-data
  description ICMP redirect, ICMP_GEN and BROADCAST
class-map match-any system-cpp-police-stackwise-virt-control
  description Stackwise Virtual OOB
class-map match-any non-client-nrt-class
class-map match-any system-cpp-police-routing-control
  description Routing control and Low Latency
class-map match-any system-cpp-police-protocol-snooping
  description Protocol snooping
class-map match-any system-cpp-police-dhcp-snooping
  description DHCP snooping
class-map match-any system-cpp-police-ios-routing
  description L2 control, Topology control, Routing control, Low Latency
class-map match-any system-cpp-police-system-critical
  description System Critical and Gold Pkt
class-map match-any system-cpp-police-ios-feature
  description ICMPGEN,BROADCAST,ICMP,L2LVXCntrl,ProtoSnoop,PuntWebauth,MCASTData,Transit,DOT1XAuth,Swfwd,LOGGING,L2LVXData,ForusTraffic,ForusARP,McastEndStn,Openflow,Exception,EGRExcption,NflSampled,RpfFailed
!
policy-map system-cpp-policy
!
! 
!
!
!
!
!
!
!
!
!
!
interface Port-channel11
 description BARTIRA-SW11
 switchport trunk native vlan 211
 switchport trunk allowed vlan 211,213,217,219-221,310,320,321,400,622,720,915
 switchport mode trunk
 switchport nonegotiate
!
interface Port-channel12
 description BARTIRA-SW12
 switchport trunk native vlan 211
 switchport trunk allowed vlan 211,213,217,219-221,310,320,321,622,720,915
 switchport mode trunk
 switchport nonegotiate
!
interface Port-channel13
 description BARTIRA-SW13
 switchport trunk native vlan 211
 switchport trunk allowed vlan 211,213,217,219-221,310,320,321,622,720,915
 switchport mode trunk
 switchport nonegotiate
!
interface Port-channel14
 description BARTIRA-SW14
 switchport trunk native vlan 211
 switchport trunk allowed vlan 211,213,217,219-221,310,320,321,622,720,915
 switchport mode trunk
 switchport nonegotiate
!
interface Port-channel15
 description BARTIRA-SW15
 switchport trunk native vlan 211
 switchport trunk allowed vlan 211,213,217,219-221,310,320,321,622,720,915
 switchport mode trunk
 switchport nonegotiate
!
interface Port-channel16
 description BARTIRA-SW16
 switchport trunk native vlan 211
 switchport trunk allowed vlan 211,213,217,219-221,310,320,321,622,720,915
 switchport mode trunk
 switchport nonegotiate
!
interface Port-channel17
 description BARTIRA-SW17
 switchport trunk native vlan 211
 switchport trunk allowed vlan 211,213,217,219-221,310,320,321,622,720,915
 switchport mode trunk
 switchport nonegotiate
!
interface Port-channel18
 description BARTIRA-SW18
 switchport trunk native vlan 211
 switchport trunk allowed vlan 211,213,217,219-221,310,320,321,622,720,915
 switchport mode trunk
 switchport nonegotiate
!
interface Port-channel19
 description BARTIRA-SW19
 switchport trunk native vlan 211
 switchport trunk allowed vlan 211,213,217,219-221,310,320,321,622,720,915
 switchport mode trunk
 switchport nonegotiate
!
interface Port-channel20
 description BARTIRA-SW20
 switchport trunk native vlan 211
 switchport trunk allowed vlan 211,213,217,219-221,310,320,321,622,720,915
 switchport mode trunk
 switchport nonegotiate
!
interface Port-channel21
 description BARTIRA-SW21
 switchport trunk native vlan 211
 switchport trunk allowed vlan 211,213,217,219-221,310,320,321,622,720,915
 switchport mode trunk
 switchport nonegotiate
!
interface Port-channel22
 description BARTIRA-SW22
 switchport trunk native vlan 211
 switchport trunk allowed vlan 211,213,217,219-221,310,320,321,622,720,915
 switchport mode trunk
 switchport nonegotiate
!
interface Port-channel23
 description BARTIRA-SW23
 switchport trunk native vlan 211
 switchport trunk allowed vlan 211,213,217,219-221,310,320,321,622,720,915
 switchport mode trunk
 switchport nonegotiate
!
interface Port-channel24
 description BARTIRA-SW24
 switchport trunk native vlan 211
 switchport trunk allowed vlan 211,213,217,219-221,310,320,321,622,720,915
 switchport mode trunk
 switchport nonegotiate
!
interface Port-channel25
 description BARTIRA-SW25
 switchport trunk native vlan 211
 switchport trunk allowed vlan 211,213,217,219-221,310,320,321,622,720,915
 switchport mode trunk
 switchport nonegotiate
!
interface Port-channel26
 description BARTIRA-SW26
 switchport trunk native vlan 211
 switchport trunk allowed vlan 211,213,217,219-221,310,320,321,622,720,915
 switchport mode trunk
 switchport nonegotiate
!
interface Port-channel27
 description BARTIRA-SW27
 switchport trunk native vlan 211
 switchport trunk allowed vlan 211,213,217,219-221,310,320,321,622,720,915
 switchport mode trunk
 switchport nonegotiate
!
interface Port-channel28
 description BARTIRA-SW28
 switchport trunk native vlan 211
 switchport trunk allowed vlan 211,213,217,219-221,310,320,321,622,720,915
 switchport mode trunk
 switchport nonegotiate
!
interface Port-channel29
 description BARTIRA-SW29
 switchport trunk native vlan 211
 switchport trunk allowed vlan 211,213,217,219-221,310,320,321,622,720,915
 switchport mode trunk
 switchport nonegotiate
!
interface Port-channel30
 description BARTIRA-SW30
 switchport trunk native vlan 211
 switchport trunk allowed vlan 211,213,217,219-221,310,320,321,622,720,915
 switchport mode trunk
 switchport nonegotiate
!
interface Port-channel31
 description BARTIRA-SW31
 switchport trunk native vlan 211
 switchport trunk allowed vlan 211,213,217,219-221,310,320,321,622,720,915
 switchport mode trunk
 switchport nonegotiate
!
interface Port-channel32
 description BARTIRA-SW32
 switchport trunk native vlan 211
 switchport trunk allowed vlan 211,213,217,219-221,310,320,321,622,720,915
 switchport mode trunk
 switchport nonegotiate
!
interface Port-channel100
 description FIREWALL01
 switchport trunk native vlan 202
 switchport trunk allowed vlan 202,211,320,321,330,340,350,400
 switchport mode trunk
!
interface Port-channel101
 description FIREWALL02
 switchport trunk native vlan 202
 switchport trunk allowed vlan 202,211,320,321,330,340,350,400
 switchport mode trunk
!
interface GigabitEthernet0/0
 vrf forwarding Mgmt-vrf
 no ip address
 negotiation auto
!
interface TwentyFiveGigE1/0/1
 description BARTIRA-SW11
 switchport trunk native vlan 211
 switchport trunk allowed vlan 211,213,217,219-221,310,320,321,400,622,720,915
 switchport mode trunk
 switchport nonegotiate
 channel-group 11 mode active
!
interface TwentyFiveGigE1/0/2
 description BARTIRA-SW12
 switchport trunk native vlan 211
 switchport trunk allowed vlan 211,213,217,219-221,310,320,321,622,720,915
 switchport mode trunk
 switchport nonegotiate
 channel-group 12 mode active
!
interface TwentyFiveGigE1/0/3
 description BARTIRA-SW13
 switchport trunk native vlan 211
 switchport trunk allowed vlan 211,213,217,219-221,310,320,321,622,720,915
 switchport mode trunk
 switchport nonegotiate
 channel-group 13 mode active
!
interface TwentyFiveGigE1/0/4
 description BARTIRA-SW14
 switchport trunk native vlan 211
 switchport trunk allowed vlan 211,213,217,219-221,310,320,321,622,720,915
 switchport mode trunk
 switchport nonegotiate
 channel-group 14 mode active
!
interface TwentyFiveGigE1/0/5
 description BARTIRA-SW15
 switchport trunk native vlan 211
 switchport trunk allowed vlan 211,213,217,219-221,310,320,321,622,720,915
 switchport mode trunk
 switchport nonegotiate
 channel-group 15 mode active
!
interface TwentyFiveGigE1/0/6
 description BARTIRA-SW16
 switchport trunk native vlan 211
 switchport trunk allowed vlan 211,213,217,219-221,310,320,321,622,720,915
 switchport mode trunk
 switchport nonegotiate
 channel-group 16 mode active
!
interface TwentyFiveGigE1/0/7
 description BARTIRA-SW17
 switchport trunk native vlan 211
 switchport trunk allowed vlan 211,213,217,219-221,310,320,321,622,720,915
 switchport mode trunk
 switchport nonegotiate
 channel-group 17 mode active
!
interface TwentyFiveGigE1/0/8
 description BARTIRA-SW18
 switchport trunk native vlan 211
 switchport trunk allowed vlan 211,213,217,219-221,310,320,321,622,720,915
 switchport mode trunk
 switchport nonegotiate
 channel-group 18 mode active
!
interface TwentyFiveGigE1/0/9
 description BARTIRA-SW19
 switchport trunk native vlan 211
 switchport trunk allowed vlan 211,213,217,219-221,310,320,321,622,720,915
 switchport mode trunk
 switchport nonegotiate
 channel-group 19 mode active
!
interface TwentyFiveGigE1/0/10
 description BARTIRA-SW20
 switchport trunk native vlan 211
 switchport trunk allowed vlan 211,213,217,219-221,310,320,321,622,720,915
 switchport mode trunk
 switchport nonegotiate
 channel-group 20 mode active
!
interface TwentyFiveGigE1/0/11
 description BARTIRA-SW21
 switchport trunk native vlan 211
 switchport trunk allowed vlan 211,213,217,219-221,310,320,321,622,720,915
 switchport mode trunk
 switchport nonegotiate
 channel-group 21 mode active
!
interface TwentyFiveGigE1/0/12
 description BARTIRA-SW22
 switchport trunk native vlan 211
 switchport trunk allowed vlan 211,213,217,219-221,310,320,321,622,720,915
 switchport mode trunk
 switchport nonegotiate
 channel-group 22 mode active
!
interface TwentyFiveGigE1/0/13
 description BARTIRA-SW23
 switchport trunk native vlan 211
 switchport trunk allowed vlan 211,213,217,219-221,310,320,321,622,720,915
 switchport mode trunk
 switchport nonegotiate
 channel-group 23 mode active
!
interface TwentyFiveGigE1/0/14
 description BARTIRA-SW24
 switchport trunk native vlan 211
 switchport trunk allowed vlan 211,213,217,219-221,310,320,321,622,720,915
 switchport mode trunk
 switchport nonegotiate
 channel-group 24 mode active
!
interface TwentyFiveGigE1/0/15
 description BARTIRA-SW25
 switchport trunk native vlan 211
 switchport trunk allowed vlan 211,213,217,219-221,310,320,321,622,720,915
 switchport mode trunk
 switchport nonegotiate
 channel-group 25 mode active
!
interface TwentyFiveGigE1/0/16
 description BARTIRA-SW26
 switchport trunk native vlan 211
 switchport trunk allowed vlan 211,213,217,219-221,310,320,321,622,720,915
 switchport mode trunk
 switchport nonegotiate
 channel-group 26 mode active
!
interface TwentyFiveGigE1/0/17
 description BARTIRA-SW27
 switchport trunk native vlan 211
 switchport trunk allowed vlan 211,213,217,219-221,310,320,321,622,720,915
 switchport mode trunk
 switchport nonegotiate
 channel-group 27 mode active
!
interface TwentyFiveGigE1/0/18
 description BARTIRA-SW28
 switchport trunk native vlan 211
 switchport trunk allowed vlan 211,213,217,219-221,310,320,321,622,720,915
 switchport mode trunk
 switchport nonegotiate
 channel-group 28 mode active
!
interface TwentyFiveGigE1/0/19
 description BARTIRA-SW29
 switchport trunk native vlan 211
 switchport trunk allowed vlan 211,213,217,219-221,310,320,321,622,720,915
 switchport mode trunk
 switchport nonegotiate
 channel-group 29 mode active
!
interface TwentyFiveGigE1/0/20
 description BARTIRA-SW30
 switchport trunk native vlan 211
 switchport trunk allowed vlan 211,213,217,219-221,310,320,321,622,720,915
 switchport mode trunk
 switchport nonegotiate
 channel-group 30 mode active
!
interface TwentyFiveGigE1/0/21
 description BARTIRA-SW31
 switchport trunk native vlan 211
 switchport trunk allowed vlan 211,213,217,219-221,310,320,321,622,720,915
 switchport mode trunk
 switchport nonegotiate
 channel-group 31 mode active
!
interface TwentyFiveGigE1/0/22
 description BARTIRA-SW32
 switchport trunk native vlan 211
 switchport trunk allowed vlan 211,213,217,219-221,310,320,321,622,720,915
 switchport mode trunk
 switchport nonegotiate
 channel-group 32 mode active
!
interface TwentyFiveGigE1/0/23
!
interface TwentyFiveGigE1/0/24
!
interface TwentyFiveGigE1/0/25
!
interface TwentyFiveGigE1/0/26
!
interface TwentyFiveGigE1/0/27
!
interface TwentyFiveGigE1/0/28
!
interface TwentyFiveGigE1/0/29
!
interface TwentyFiveGigE1/0/30
!
interface TwentyFiveGigE1/0/31
!
interface TwentyFiveGigE1/0/32
!
interface TwentyFiveGigE1/0/33
!
interface TwentyFiveGigE1/0/34
!
interface TwentyFiveGigE1/0/35
!
interface TwentyFiveGigE1/0/36
!
interface TwentyFiveGigE1/0/37
!
interface TwentyFiveGigE1/0/38
!
interface TwentyFiveGigE1/0/39
!
interface TwentyFiveGigE1/0/40
!
interface TwentyFiveGigE1/0/41
 description LINK-1
 switchport access vlan 330
 switchport mode access
 spanning-tree portfast edge
!
interface TwentyFiveGigE1/0/42
 description LINK-3
 switchport access vlan 350
 switchport mode access
 spanning-tree portfast edge
!
interface TwentyFiveGigE1/0/43
 description MGT FIREWALL01
 switchport access vlan 211
 switchport mode access
 spanning-tree portfast edge
!
interface TwentyFiveGigE1/0/44
 description FIREWALL01
 switchport trunk native vlan 202
 switchport trunk allowed vlan 202,211,320,321,330,340,350,400
 switchport mode trunk
 channel-group 100 mode active
!
interface TwentyFiveGigE1/0/45
 description FIREWALL02
 switchport trunk native vlan 202
 switchport trunk allowed vlan 202,211,320,321,330,340,350,400
 switchport mode trunk
 channel-group 101 mode active
!
interface TwentyFiveGigE1/0/46
 stackwise-virtual dual-active-detection
!
interface TwentyFiveGigE1/0/47
 stackwise-virtual link 1
!
interface TwentyFiveGigE1/0/48
 stackwise-virtual link 1
!
interface HundredGigE1/0/49
!
interface HundredGigE1/0/50
!
interface HundredGigE1/0/51
!
interface HundredGigE1/0/52
!
interface TwentyFiveGigE2/0/1
 description BARTIRA-SW11
 switchport trunk native vlan 211
 switchport trunk allowed vlan 211,213,217,219-221,310,320,321,400,622,720,915
 switchport mode trunk
 switchport nonegotiate
 channel-group 11 mode active
!
interface TwentyFiveGigE2/0/2
 description BARTIRA-SW12
 switchport trunk native vlan 211
 switchport trunk allowed vlan 211,213,217,219-221,310,320,321,622,720,915
 switchport mode trunk
 switchport nonegotiate
 channel-group 12 mode active
!
interface TwentyFiveGigE2/0/3
 description BARTIRA-SW13
 switchport trunk native vlan 211
 switchport trunk allowed vlan 211,213,217,219-221,310,320,321,622,720,915
 switchport mode trunk
 switchport nonegotiate
 channel-group 13 mode active
!
interface TwentyFiveGigE2/0/4
 description BARTIRA-SW14
 switchport trunk native vlan 211
 switchport trunk allowed vlan 211,213,217,219-221,310,320,321,622,720,915
 switchport mode trunk
 switchport nonegotiate
 channel-group 14 mode active
!
interface TwentyFiveGigE2/0/5
 description BARTIRA-SW15
 switchport trunk native vlan 211
 switchport trunk allowed vlan 211,213,217,219-221,310,320,321,622,720,915
 switchport mode trunk
 switchport nonegotiate
 channel-group 15 mode active
!
interface TwentyFiveGigE2/0/6
 description BARTIRA-SW16
 switchport trunk native vlan 211
 switchport trunk allowed vlan 211,213,217,219-221,310,320,321,622,720,915
 switchport mode trunk
 switchport nonegotiate
 channel-group 16 mode active
!
interface TwentyFiveGigE2/0/7
 description BARTIRA-SW17
 switchport trunk native vlan 211
 switchport trunk allowed vlan 211,213,217,219-221,310,320,321,622,720,915
 switchport mode trunk
 switchport nonegotiate
 channel-group 17 mode active
!
interface TwentyFiveGigE2/0/8
 description BARTIRA-SW18
 switchport trunk native vlan 211
 switchport trunk allowed vlan 211,213,217,219-221,310,320,321,622,720,915
 switchport mode trunk
 switchport nonegotiate
 channel-group 18 mode active
!
interface TwentyFiveGigE2/0/9
 description BARTIRA-SW19
 switchport trunk native vlan 211
 switchport trunk allowed vlan 211,213,217,219-221,310,320,321,622,720,915
 switchport mode trunk
 switchport nonegotiate
 channel-group 19 mode active
!
interface TwentyFiveGigE2/0/10
 description BARTIRA-SW20
 switchport trunk native vlan 211
 switchport trunk allowed vlan 211,213,217,219-221,310,320,321,622,720,915
 switchport mode trunk
 switchport nonegotiate
 channel-group 20 mode active
!
interface TwentyFiveGigE2/0/11
 description BARTIRA-SW21
 switchport trunk native vlan 211
 switchport trunk allowed vlan 211,213,217,219-221,310,320,321,622,720,915
 switchport mode trunk
 switchport nonegotiate
 channel-group 21 mode active
!
interface TwentyFiveGigE2/0/12
 description BARTIRA-SW22
 switchport trunk native vlan 211
 switchport trunk allowed vlan 211,213,217,219-221,310,320,321,622,720,915
 switchport mode trunk
 switchport nonegotiate
 channel-group 22 mode active
!
interface TwentyFiveGigE2/0/13
 description BARTIRA-SW23
 switchport trunk native vlan 211
 switchport trunk allowed vlan 211,213,217,219-221,310,320,321,622,720,915
 switchport mode trunk
 switchport nonegotiate
 channel-group 23 mode active
!
interface TwentyFiveGigE2/0/14
 description BARTIRA-SW24
 switchport trunk native vlan 211
 switchport trunk allowed vlan 211,213,217,219-221,310,320,321,622,720,915
 switchport mode trunk
 switchport nonegotiate
 channel-group 24 mode active
!
interface TwentyFiveGigE2/0/15
 description BARTIRA-SW25
 switchport trunk native vlan 211
 switchport trunk allowed vlan 211,213,217,219-221,310,320,321,622,720,915
 switchport mode trunk
 switchport nonegotiate
 channel-group 25 mode active
!
interface TwentyFiveGigE2/0/16
 description BARTIRA-SW26
 switchport trunk native vlan 211
 switchport trunk allowed vlan 211,213,217,219-221,310,320,321,622,720,915
 switchport mode trunk
 switchport nonegotiate
 channel-group 26 mode active
!
interface TwentyFiveGigE2/0/17
 description BARTIRA-SW27
 switchport trunk native vlan 211
 switchport trunk allowed vlan 211,213,217,219-221,310,320,321,622,720,915
 switchport mode trunk
 switchport nonegotiate
 channel-group 27 mode active
!
interface TwentyFiveGigE2/0/18
 description BARTIRA-SW28
 switchport trunk native vlan 211
 switchport trunk allowed vlan 211,213,217,219-221,310,320,321,622,720,915
 switchport mode trunk
 switchport nonegotiate
 channel-group 28 mode active
!
interface TwentyFiveGigE2/0/19
 description BARTIRA-SW29
 switchport trunk native vlan 211
 switchport trunk allowed vlan 211,213,217,219-221,310,320,321,622,720,915
 switchport mode trunk
 switchport nonegotiate
 channel-group 29 mode active
!
interface TwentyFiveGigE2/0/20
 description BARTIRA-SW30
 switchport trunk native vlan 211
 switchport trunk allowed vlan 211,213,217,219-221,310,320,321,622,720,915
 switchport mode trunk
 switchport nonegotiate
 channel-group 30 mode active
!
interface TwentyFiveGigE2/0/21
 description BARTIRA-SW31
 switchport trunk native vlan 211
 switchport trunk allowed vlan 211,213,217,219-221,310,320,321,622,720,915
 switchport mode trunk
 switchport nonegotiate
 channel-group 31 mode active
!
interface TwentyFiveGigE2/0/22
 description BARTIRA-SW32
 switchport trunk native vlan 211
 switchport trunk allowed vlan 211,213,217,219-221,310,320,321,622,720,915
 switchport mode trunk
 switchport nonegotiate
 channel-group 32 mode active
!
interface TwentyFiveGigE2/0/23
!
interface TwentyFiveGigE2/0/24
!
interface TwentyFiveGigE2/0/25
!
interface TwentyFiveGigE2/0/26
!
interface TwentyFiveGigE2/0/27
!
interface TwentyFiveGigE2/0/28
!
interface TwentyFiveGigE2/0/29
!
interface TwentyFiveGigE2/0/30
!
interface TwentyFiveGigE2/0/31
!
interface TwentyFiveGigE2/0/32
!
interface TwentyFiveGigE2/0/33
!
interface TwentyFiveGigE2/0/34
!
interface TwentyFiveGigE2/0/35
!
interface TwentyFiveGigE2/0/36
!
interface TwentyFiveGigE2/0/37
!
interface TwentyFiveGigE2/0/38
!
interface TwentyFiveGigE2/0/39
!
interface TwentyFiveGigE2/0/40
!
interface TwentyFiveGigE2/0/41
 description LINK-2
 switchport access vlan 340
 switchport mode access
 spanning-tree portfast edge
!
interface TwentyFiveGigE2/0/42
!
interface TwentyFiveGigE2/0/43
 description MGT FIREWALL02
 switchport access vlan 211
 switchport mode access
 spanning-tree portfast edge
!
interface TwentyFiveGigE2/0/44
 description FIREWALL01
 switchport trunk native vlan 202
 switchport trunk allowed vlan 202,211,320,321,330,340,350,400
 switchport mode trunk
 channel-group 100 mode active
!
interface TwentyFiveGigE2/0/45
 description FIREWALL02
 switchport trunk native vlan 202
 switchport trunk allowed vlan 202,211,320,321,330,340,350,400
 switchport mode trunk
 channel-group 101 mode active
!
interface TwentyFiveGigE2/0/46
 stackwise-virtual dual-active-detection
!
interface TwentyFiveGigE2/0/47
 stackwise-virtual link 1
!
interface TwentyFiveGigE2/0/48
 stackwise-virtual link 1
!
interface HundredGigE2/0/49
!
interface HundredGigE2/0/50
!
interface HundredGigE2/0/51
!
interface HundredGigE2/0/52
!
interface Vlan1
 no ip address
 shutdown
!
interface Vlan202
 description TRANSITO
 ip address 10.202.64.241 255.255.255.248
 ip ospf message-digest-key 1 md5 7 04702E043E384464331D3425105E5E36286B
 ip ospf network point-to-point
 ip ospf 10 area 0
!
interface Vlan211
 description REDE_GERENCIA    
 vrf forwarding MGT
 ip address 10.211.16.5 255.255.255.0
!
interface Vlan213
 description GERENCIA_AP 
 ip address 10.213.65.1 255.255.255.0
 ip helper-address 10.128.8.75
 ip helper-address 10.128.8.76
!
interface Vlan217
 description VLAN_COLETOR
 ip address 10.217.12.254 255.255.255.0
 ip helper-address 10.128.8.75
 ip helper-address 10.128.8.76
!
interface Vlan219
 description PDM_PROD
 ip address 10.219.172.14 255.255.255.240
 ip helper-address 10.128.8.75
 ip helper-address 10.128.8.76
!
interface Vlan220
 description PDM_BKP
 ip address 10.219.172.30 255.255.255.240
 ip helper-address 10.128.8.75
 ip helper-address 10.128.8.76
!
interface Vlan221
 description PDM_MGMT
 ip address 10.219.172.46 255.255.255.240
 ip helper-address 10.128.8.75
 ip helper-address 10.128.8.76
!
interface Vlan310
 description WIFI-CORP
 ip address 172.22.122.1 255.255.254.0
 ip helper-address 10.128.8.75
 ip helper-address 10.128.8.76
 no ip redirects
 no ip proxy-arp
!
interface Vlan622
 description CAMERAS
 ip address 10.219.161.254 255.255.255.0
 ip helper-address 10.128.8.75
 ip helper-address 10.128.8.76
!
interface Vlan720
 description VOIP_FIXO
 ip address 10.218.206.254 255.255.255.0
 ip helper-address 10.128.8.75
 ip helper-address 10.128.8.76
!
interface Vlan915
 description DADOS
 ip address 10.115.64.100 255.255.240.0
 ip helper-address 10.128.8.75
 ip helper-address 10.128.8.76
 no ip redirects
 no ip proxy-arp
!
router ospf 10
 router-id 10.202.64.241
 area 0 authentication message-digest
 redistribute connected
 passive-interface default
 no passive-interface Vlan202
 bfd all-interfaces
!
ip forward-protocol nd
ip http server
ip http authentication local
ip http secure-server
ip http client source-interface Vlan211
ip route 0.0.0.0 0.0.0.0 10.202.64.246 name DEFAULT_GLOBAL
ip route vrf MGT 0.0.0.0 0.0.0.0 10.211.16.1
ip tacacs source-interface Vlan211 
ip tacacs source-interface Vlan211 vrf MGT
ip ssh version 2
!
!
!
!
!
snmp-server community cscvv!#!@ RW
snmp-server community OnDemand RO
snmp-server community f5MsE5qR89UtnUOs RO
snmp-server trap-source Vlan211
snmp-server enable traps snmp authentication linkdown linkup coldstart warmstart
snmp-server enable traps flowmon
snmp-server enable traps entity-perf throughput-notif
snmp-server enable traps call-home message-send-fail server-fail
snmp-server enable traps tty
snmp-server enable traps ospf state-change
snmp-server enable traps ospf errors
snmp-server enable traps ospf retransmit
snmp-server enable traps ospf lsa
snmp-server enable traps ospf cisco-specific state-change nssa-trans-change
snmp-server enable traps ospf cisco-specific state-change shamlink interface
snmp-server enable traps ospf cisco-specific state-change shamlink neighbor
snmp-server enable traps ospf cisco-specific errors
snmp-server enable traps ospf cisco-specific retransmit
snmp-server enable traps ospf cisco-specific lsa
snmp-server enable traps auth-framework sec-violation
snmp-server enable traps vtp
snmp-server enable traps vlancreate
snmp-server enable traps vlandelete
snmp-server enable traps port-security
snmp-server enable traps license
snmp-server enable traps cpu threshold
snmp-server enable traps memory bufferpeak
snmp-server enable traps stackwise
snmp-server enable traps fru-ctrl
snmp-server enable traps flash insertion
snmp-server enable traps flash removal
snmp-server enable traps power-ethernet police
snmp-server enable traps entity
snmp-server enable traps envmon
snmp-server enable traps cef resource-failure peer-state-change peer-fib-state-change inconsistency
snmp-server enable traps ipsla
snmp-server enable traps entity-diag boot-up-fail hm-test-recover hm-thresh-reached scheduled-test-fail
snmp-server enable traps bfd
snmp-server enable traps config-copy
snmp-server enable traps config
snmp-server enable traps config-ctid
snmp-server enable traps dhcp
snmp-server enable traps event-manager
snmp-server enable traps ospfv3 state-change
snmp-server enable traps ospfv3 errors
snmp-server enable traps bridge newroot topologychange
snmp-server enable traps stpx inconsistency root-inconsistency loop-inconsistency
snmp-server enable traps syslog
snmp-server enable traps local-auth
snmp-server enable traps vlan-membership
snmp-server enable traps errdisable
tacacs server ise002
 address ipv4 10.128.140.25
 key Viavarejo@1234telecom
tacacs server ise004
 address ipv4 10.129.31.25
 key Viavarejo@1234telecom
!
!
!
control-plane
 service-policy input system-cpp-policy
!
privilege interface level 7 switchport
privilege configure level 7 interface
privilege exec level 7 copy running-config startup-config
privilege exec level 7 copy running-config
privilege exec level 7 copy
privilege exec level 7 configure terminal
privilege exec level 7 configure
privilege exec level 7 terminal monitor
privilege exec level 7 terminal
privilege exec level 7 show running-config
privilege exec level 7 show
privilege exec level 7 clear mac address-table dynamic
privilege exec level 7 clear mac address-table
privilege exec level 7 clear mac
privilege exec level 7 clear port-security sticky interface
privilege exec level 7 clear port-security sticky
privilege exec level 7 clear port-security
privilege exec level 7 clear
!
line con 0
 exec-timeout 0 0
 stopbits 1
line aux 0
 stopbits 1
line vty 0 4
 exec-timeout 30 0
 logging synchronous
 monitor
 transport input all
line vty 5 15
 exec-timeout 30 0
 logging synchronous
 transport input all
!
call-home
 contact-email-addr marcelo.rissi@viavarejo.com.br
 vrf MGT
 aaa-authorization
 no http secure server-identity-check
 profile "CiscoTAC-1"
  active
  destination transport-method http
ntp server vrf MGT 10.128.8.75
!
!
!
!
!
!
end

BARTIRA-SW05#</msg>
<status status="PASS" starttime="20220629 17:03:08.673" endtime="20220629 17:03:19.573"/>
</kw>
<doc>Get a snapshot of platform information e current configuration</doc>
<tag>bartira</tag>
<tag>configuration</tag>
<tag>fabrica</tag>
<tag>platform</tag>
<status status="PASS" starttime="20220629 17:03:08.672" endtime="20220629 17:03:19.574"/>
</test>
<test id="s1-t3" name="Gather OSPF information">
<kw name="Profile the system for &quot;ospf&quot; on devices &quot;BARTIRA-SW05&quot; as &quot;./snapshots/current/current_snapshot_ospf&quot;" library="genie.libs.robot.GenieRobot" sourcename="Profile the system for &quot;${feature:[^&quot;]+}&quot; on devices &quot;${device:[^&quot;]+}&quot; as &quot;${name:[^&quot;]+}&quot;">
<doc>Profile system as per the provided features on the devices</doc>
<msg timestamp="20220629 17:03:19.575" level="INFO">Start learning feature ospf</msg>
<msg timestamp="20220629 17:03:28.406" level="INFO">Could not learn &lt;class 'genie.libs.parser.iosxe.show_ospf.ShowIpOspfVirtualLinks'&gt;
Show Command: show ip ospf virtual-links
Parser Output is empty</msg>
<msg timestamp="20220629 17:03:34.352" level="INFO">Could not learn &lt;class 'genie.libs.parser.iosxe.show_ospf.ShowIpOspfShamLinks'&gt;
Show Command: show ip ospf sham-links
Parser Output is empty</msg>
<msg timestamp="20220629 17:03:34.353" level="INFO">+====================================================================================================================================================+</msg>
<msg timestamp="20220629 17:03:34.354" level="INFO">| Commands for learning feature 'Ospf'                                                                                                               |</msg>
<msg timestamp="20220629 17:03:34.354" level="INFO">+====================================================================================================================================================+</msg>
<msg timestamp="20220629 17:03:34.354" level="INFO">| - Parsed commands                                                                                                                                  |</msg>
<msg timestamp="20220629 17:03:34.354" level="INFO">|----------------------------------------------------------------------------------------------------------------------------------------------------|</msg>
<msg timestamp="20220629 17:03:34.354" level="INFO">|   cmd: &lt;class 'genie.libs.parser.iosxe.show_ospf.ShowIpOspf'&gt;                                                                                      |</msg>
<msg timestamp="20220629 17:03:34.354" level="INFO">|   cmd: &lt;class 'genie.libs.parser.iosxe.show_protocols.ShowIpProtocols'&gt;, arguments: {'vrf':''}                                                     |</msg>
<msg timestamp="20220629 17:03:34.355" level="INFO">|   cmd: &lt;class 'genie.libs.parser.iosxe.show_ospf.ShowIpOspfMplsLdpInterface'&gt;, arguments: {'interface':''}                                         |</msg>
<msg timestamp="20220629 17:03:34.355" level="INFO">|   cmd: &lt;class 'genie.libs.parser.iosxe.show_ospf.ShowIpOspfMplsTrafficEngLink'&gt;                                                                    |</msg>
<msg timestamp="20220629 17:03:34.355" level="INFO">|   cmd: &lt;class 'genie.libs.parser.iosxe.show_ospf.ShowIpOspfDatabaseRouter'&gt;                                                                        |</msg>
<msg timestamp="20220629 17:03:34.355" level="INFO">|   cmd: &lt;class 'genie.libs.parser.iosxe.show_ospf.ShowIpOspfDatabaseNetwork'&gt;                                                                       |</msg>
<msg timestamp="20220629 17:03:34.355" level="INFO">|   cmd: &lt;class 'genie.libs.parser.iosxe.show_ospf.ShowIpOspfDatabaseExternal'&gt;                                                                      |</msg>
<msg timestamp="20220629 17:03:34.355" level="INFO">|   cmd: &lt;class 'genie.libs.parser.iosxe.show_ospf.ShowIpOspfDatabaseSummary'&gt;                                                                       |</msg>
<msg timestamp="20220629 17:03:34.355" level="INFO">|   cmd: &lt;class 'genie.libs.parser.iosxe.show_ospf.ShowIpOspfDatabaseOpaqueArea'&gt;                                                                    |</msg>
<msg timestamp="20220629 17:03:34.356" level="INFO">|   cmd: &lt;class 'genie.libs.parser.iosxe.show_ospf.ShowIpOspfInterface'&gt;, arguments: {'interface':''}                                                |</msg>
<msg timestamp="20220629 17:03:34.356" level="INFO">|   cmd: &lt;class 'genie.libs.parser.iosxe.show_ospf.ShowIpOspfNeighborDetail'&gt;, arguments: {'neighbor':''}                                            |</msg>
<msg timestamp="20220629 17:03:34.356" level="INFO">|====================================================================================================================================================|</msg>
<msg timestamp="20220629 17:03:34.356" level="INFO">| - Commands with empty output                                                                                                                       |</msg>
<msg timestamp="20220629 17:03:34.356" level="INFO">|----------------------------------------------------------------------------------------------------------------------------------------------------|</msg>
<msg timestamp="20220629 17:03:34.356" level="INFO">|   cmd: &lt;class 'genie.libs.parser.iosxe.show_ospf.ShowIpOspfVirtualLinks'&gt;                                                                          |</msg>
<msg timestamp="20220629 17:03:34.356" level="INFO">|   cmd: &lt;class 'genie.libs.parser.iosxe.show_ospf.ShowIpOspfShamLinks'&gt;                                                                             |</msg>
<msg timestamp="20220629 17:03:34.356" level="INFO">|====================================================================================================================================================|</msg>
<msg timestamp="20220629 17:03:34.737" level="INFO">Saved system profile as file: /home/marcelo/robot_framework/test_robot/./snapshots/current/current_snapshot_ospf_BARTIRA-SW05_ospf_pts.json</msg>
<msg timestamp="20220629 17:03:34.737" level="INFO">2022-06-29 17:03:21,703: %UNICON-INFO: +++ BARTIRA-SW05 with via 'cli': executing command 'show ip ospf' +++
show ip ospf
 Routing Process "ospf 10" with ID 10.202.64.241
 Start time: 00:02:05.668, Time elapsed: 7w3d
 Supports only single TOS(TOS0) routes
 Supports opaque LSA
 Supports Link-local Signaling (LLS)
 Supports area transit capability
 Supports NSSA (compatible with RFC 3101)
 Supports Database Exchange Summary List Optimization (RFC 5243)
 Event-log enabled, Maximum number of events: 1000, Mode: cyclic
 It is an autonomous system boundary router
 Redistributing External Routes from,
    connected, includes subnets in redistribution
 Router is not originating router-LSAs with maximum metric
 Initial SPF schedule delay 50 msecs
 Minimum hold time between two consecutive SPFs 200 msecs
 Maximum wait time between two consecutive SPFs 5000 msecs
 Incremental-SPF disabled
 Initial LSA throttle delay 50 msecs
 Minimum hold time for LSA throttle 200 msecs
 Maximum wait time for LSA throttle 5000 msecs
 Minimum LSA arrival 100 msecs
 LSA group pacing timer 240 secs
 Interface flood pacing timer 33 msecs
 Retransmission pacing timer 66 msecs
 EXCHANGE/LOADING adjacency limit: initial 300, process maximum 300
 Number of external LSA 10. Checksum Sum 0x053382
 Number of opaque AS LSA 0. Checksum Sum 0x000000
 Number of DCbitless external and opaque AS LSA 1
 Number of DoNotAge external and opaque AS LSA 0
 Number of areas in this router is 1. 1 normal 0 stub 0 nssa
 Number of areas transit capable is 0
 External flood list length 0
 IETF NSF helper support enabled
 Cisco NSF helper support enabled
 BFD is enabled
 Reference bandwidth unit is 100 mbps
    Area BACKBONE(0)
        Number of interfaces in this area is 1
	Area has message digest authentication
	SPF algorithm last executed 7w3d ago
	SPF algorithm executed 3 times
	Area ranges are
	Number of LSA 2. Checksum Sum 0x00DD79
	Number of opaque link LSA 0. Checksum Sum 0x000000
	Number of DCbitless LSA 1
	Number of indication LSA 0
	Number of DoNotAge LSA 0
	Flood list length 0
  Graceful Reload FSU Global status : Not Supported (global: Not Supported)

BARTIRA-SW05#

2022-06-29 17:03:22,212: %UNICON-INFO: +++ BARTIRA-SW05 with via 'cli': executing command 'show ip protocols' +++
show ip protocols
*** IP Routing is NSF aware ***

Routing Protocol is "ospf 10"
  Outgoing update filter list for all interfaces is not set
  Incoming update filter list for all interfaces is not set
  Router ID 10.202.64.241
  It is an autonomous system boundary router
 Redistributing External Routes from,
    connected, includes subnets in redistribution
  Number of areas in this router is 1. 1 normal 0 stub 0 nssa
  Maximum path: 4
  Routing for Networks:
  Routing on Interfaces Configured Explicitly (Area 0):
    Vlan202
  Passive Interface(s):
    Vlan1
    Vlan213
    Vlan217
    Vlan219
    Vlan220
    Vlan221
    Vlan310
    Vlan622
    Vlan720
    Vlan915
  Routing Information Sources:
    Gateway         Distance      Last Update
    10.202.64.246        110      7w3d
  Distance: (default is 110)

BARTIRA-SW05#

2022-06-29 17:03:22,751: %UNICON-INFO: +++ BARTIRA-SW05 with via 'cli': executing command 'show running-config | section router ospf 10' +++
show running-config | section router ospf 10
router ospf 10
 router-id 10.202.64.241
 area 0 authentication message-digest
 redistribute connected
 passive-interface default
 no passive-interface Vlan202
 bfd all-interfaces
BARTIRA-SW05#

2022-06-29 17:03:23,734: %UNICON-INFO: +++ BARTIRA-SW05 with via 'cli': executing command 'show ip ospf mpls ldp interface' +++
show ip ospf mpls ldp interface
Vlan202
  Process ID 10, Area 0
  LDP is not configured through LDP autoconfig
  LDP-IGP Synchronization : Not required
  Holddown timer is disabled
  Interface is up 
BARTIRA-SW05#

2022-06-29 17:03:24,176: %UNICON-INFO: +++ BARTIRA-SW05 with via 'cli': executing command 'show ip ospf mpls traffic-eng link' +++
show ip ospf mpls traffic-eng link

            OSPF Router with ID (10.202.64.241) (Process ID 10)

  Area 0 MPLS TE not initialized
BARTIRA-SW05#

2022-06-29 17:03:24,625: %UNICON-INFO: +++ BARTIRA-SW05 with via 'cli': executing command 'show running-config | section router ospf 10' +++
show running-config | section router ospf 10
router ospf 10
 router-id 10.202.64.241
 area 0 authentication message-digest
 redistribute connected
 passive-interface default
 no passive-interface Vlan202
 bfd all-interfaces
BARTIRA-SW05#

2022-06-29 17:03:25,625: %UNICON-INFO: +++ BARTIRA-SW05 with via 'cli': executing command 'show ip ospf database router' +++
show ip ospf database router

            OSPF Router with ID (10.202.64.241) (Process ID 10)

		Router Link States (Area 0)

  LS age: 1162
  Options: (No TOS-capability, DC)
  LS Type: Router Links
  Link State ID: 10.202.64.241
  Advertising Router: 10.202.64.241
  LS Seq Number: 800008D1
  Checksum: 0x2BFC
  Length: 48
  AS Boundary Router
  Number of Links: 2

    Link connected to: another Router (point-to-point)
     (Link ID) Neighboring Router ID: 10.202.64.246
     (Link Data) Router Interface address: 10.202.64.241
      Number of MTID metrics: 0
       TOS 0 Metrics: 1

    Link connected to: a Stub Network
     (Link ID) Network/subnet number: 10.202.64.240
     (Link Data) Network Mask: 255.255.255.248
      Number of MTID metrics: 0
       TOS 0 Metrics: 1


  LS age: 1508
  Options: (No TOS-capability, No DC)
  LS Type: Router Links
  Link State ID: 10.202.64.246
  Advertising Router: 10.202.64.246
  LS Seq Number: 800009DF
  Checksum: 0xB17D
  Length: 48
  AS Boundary Router
  Number of Links: 2

    Link connected to: another Router (point-to-point)
     (Link ID) Neighboring Router ID: 10.202.64.241
     (Link Data) Router Interface address: 10.202.64.246
      Number of MTID metrics: 0
       TOS 0 Metrics: 1

    Link connected to: a Stub Network
     (Link ID) Network/subnet number: 10.202.64.240
     (Link Data) Network Mask: 255.255.255.248
      Number of MTID metrics: 0
       TOS 0 Metrics: 1


BARTIRA-SW05#

2022-06-29 17:03:26,111: %UNICON-INFO: +++ BARTIRA-SW05 with via 'cli': executing command 'show ip ospf database network' +++
show ip ospf database network

            OSPF Router with ID (10.202.64.241) (Process ID 10)
BARTIRA-SW05#

2022-06-29 17:03:26,583: %UNICON-INFO: +++ BARTIRA-SW05 with via 'cli': executing command 'show ip ospf database external' +++
show ip ospf database external

            OSPF Router with ID (10.202.64.241) (Process ID 10)

		Type-5 AS External Link States

  LS age: 689
  Options: (No TOS-capability, No DC, Upward)
  LS Type: AS External Link
  Link State ID: 0.0.0.0 (External Network Number )
  Advertising Router: 10.202.64.246
  LS Seq Number: 800009E0
  Checksum: 0x30A3
  Length: 36
  Network Mask: /0
	Metric Type: 2 (Larger than any link state path)
	MTID: 0 
	Metric: 10 
	Forward Address: 0.0.0.0
	External Route Tag: 0

  LS age: 1163
  Options: (No TOS-capability, DC, Upward)
  LS Type: AS External Link
  Link State ID: 10.115.64.0 (External Network Number )
  Advertising Router: 10.202.64.241
  LS Seq Number: 800008CF
  Checksum: 0x1AF9
  Length: 36
  Network Mask: /20
	Metric Type: 2 (Larger than any link state path)
	MTID: 0 
	Metric: 20 
	Forward Address: 0.0.0.0
	External Route Tag: 0

  LS age: 1163
  Options: (No TOS-capability, DC, Upward)
  LS Type: AS External Link
  Link State ID: 10.213.65.0 (External Network Number )
  Advertising Router: 10.202.64.241
  LS Seq Number: 800008CF
  Checksum: 0xBDE3
  Length: 36
  Network Mask: /24
	Metric Type: 2 (Larger than any link state path)
	MTID: 0 
	Metric: 20 
	Forward Address: 0.0.0.0
	External Route Tag: 0

  LS age: 1163
  Options: (No TOS-capability, DC, Upward)
  LS Type: AS External Link
  Link State ID: 10.217.12.0 (External Network Number )
  Advertising Router: 10.202.64.241
  LS Seq Number: 800008CF
  Checksum: 0xD6FB
  Length: 36
  Network Mask: /24
	Metric Type: 2 (Larger than any link state path)
	MTID: 0 
	Metric: 20 
	Forward Address: 0.0.0.0
	External Route Tag: 0

  LS age: 1163
  Options: (No TOS-capability, DC, Upward)
  LS Type: AS External Link
  Link State ID: 10.218.206.0 (External Network Number )
  Advertising Router: 10.202.64.241
  LS Seq Number: 800008CF
  Checksum: 0x6CA2
  Length: 36
  Network Mask: /24
	Metric Type: 2 (Larger than any link state path)
	MTID: 0 
	Metric: 20 
	Forward Address: 0.0.0.0
	External Route Tag: 0

  LS age: 1163
  Options: (No TOS-capability, DC, Upward)
  LS Type: AS External Link
  Link State ID: 10.219.161.0 (External Network Number )
  Advertising Router: 10.202.64.241
  LS Seq Number: 800008CF
  Checksum: 0x51E9
  Length: 36
  Network Mask: /24
	Metric Type: 2 (Larger than any link state path)
	MTID: 0 
	Metric: 20 
	Forward Address: 0.0.0.0
	External Route Tag: 0

  LS age: 1163
  Options: (No TOS-capability, DC, Upward)
  LS Type: AS External Link
  Link State ID: 10.219.172.0 (External Network Number )
  Advertising Router: 10.202.64.241
  LS Seq Number: 800008CF
  Checksum: 0x7DC1
  Length: 36
  Network Mask: /28
	Metric Type: 2 (Larger than any link state path)
	MTID: 0 
	Metric: 20 
	Forward Address: 0.0.0.0
	External Route Tag: 0

  LS age: 1163
  Options: (No TOS-capability, DC, Upward)
  LS Type: AS External Link
  Link State ID: 10.219.172.16 (External Network Number )
  Advertising Router: 10.202.64.241
  LS Seq Number: 800008CF
  Checksum: 0xDC52
  Length: 36
  Network Mask: /28
	Metric Type: 2 (Larger than any link state path)
	MTID: 0 
	Metric: 20 
	Forward Address: 0.0.0.0
	External Route Tag: 0

  LS age: 1163
  Options: (No TOS-capability, DC, Upward)
  LS Type: AS External Link
  Link State ID: 10.219.172.32 (External Network Number )
  Advertising Router: 10.202.64.241
  LS Seq Number: 800008CF
  Checksum: 0x3CE2
  Length: 36
  Network Mask: /28
	Metric Type: 2 (Larger than any link state path)
	MTID: 0 
	Metric: 20 
	Forward Address: 0.0.0.0
	External Route Tag: 0

  LS age: 1163
  Options: (No TOS-capability, DC, Upward)
  LS Type: AS External Link
  Link State ID: 172.22.122.0 (External Network Number )
  Advertising Router: 10.202.64.241
  LS Seq Number: 800008CF
  Checksum: 0xFD88
  Length: 36
  Network Mask: /23
	Metric Type: 2 (Larger than any link state path)
	MTID: 0 
	Metric: 20 
	Forward Address: 0.0.0.0
	External Route Tag: 0

BARTIRA-SW05#

2022-06-29 17:03:27,075: %UNICON-INFO: +++ BARTIRA-SW05 with via 'cli': executing command 'show ip ospf database summary' +++
show ip ospf database summary

            OSPF Router with ID (10.202.64.241) (Process ID 10)
BARTIRA-SW05#

2022-06-29 17:03:27,521: %UNICON-INFO: +++ BARTIRA-SW05 with via 'cli': executing command 'show ip ospf database opaque-area' +++
show ip ospf database opaque-area

            OSPF Router with ID (10.202.64.241) (Process ID 10)
BARTIRA-SW05#

2022-06-29 17:03:28,016: %UNICON-INFO: +++ BARTIRA-SW05 with via 'cli': executing command 'show ip ospf virtual-links' +++
show ip ospf virtual-links
BARTIRA-SW05#

2022-06-29 17:03:28,484: %UNICON-INFO: +++ BARTIRA-SW05 with via 'cli': executing command 'show ip ospf interface' +++
show ip ospf interface
Vlan202 is up, line protocol is up 
  Internet Address 10.202.64.241/29, Interface ID 139, Area 0
  Attached via Interface Enable
  Process ID 10, Router ID 10.202.64.241, Network Type POINT_TO_POINT, Cost: 1
  Topology-MTID    Cost    Disabled    Shutdown      Topology Name
        0           1         no          no            Base
  Enabled by interface config, including secondary ip addresses
  Transmit Delay is 1 sec, State POINT_TO_POINT, BFD enabled
  Timer intervals configured, Hello 10, Dead 40, Wait 40, Retransmit 5
    oob-resync timeout 40
    Hello due in 00:00:07
  Supports Link-local Signaling (LLS)
  Cisco NSF helper support enabled
  IETF NSF helper support enabled
  Can be protected by per-prefix Loop-Free FastReroute
  Can be used for per-prefix Loop-Free FastReroute repair paths
  Not Protected by per-prefix TI-LFA
  Index 1/1/1, flood queue length 0
  Next 0x0(0)/0x0(0)/0x0(0)
  Last flood scan length is 10, maximum is 10
  Last flood scan time is 0 msec, maximum is 1 msec
  Neighbor Count is 1, Adjacent neighbor count is 1 
    Adjacent with neighbor 10.202.64.246
  Suppress hello for 0 neighbor(s)
  Cryptographic authentication enabled
    Youngest key id is 1
BARTIRA-SW05#

2022-06-29 17:03:28,943: %UNICON-INFO: +++ BARTIRA-SW05 with via 'cli': executing command 'show running-config | section router ospf 10' +++
show running-config | section router ospf 10
router ospf 10
 router-id 10.202.64.241
 area 0 authentication message-digest
 redistribute connected
 passive-interface default
 no passive-interface Vlan202
 bfd all-interfaces
BARTIRA-SW05#

2022-06-29 17:03:29,968: %UNICON-INFO: +++ BARTIRA-SW05 with via 'cli': executing command 'show ip ospf neighbor detail' +++
show ip ospf neighbor detail
 Neighbor 10.202.64.246, interface address 10.202.64.246
    In the area 0 via interface Vlan202
    Neighbor priority is 0, State is FULL, 6 state changes
    DR is 0.0.0.0 BDR is 0.0.0.0
    Options is 0x2 in Hello (E-bit)
    Options is 0x42 in DBD (E-bit, O-bit)
    Dead timer due in 00:00:33
    Neighbor is up for 7w3d    
    Index 1/1/1, retransmission queue length 0, number of retransmission 1
    First 0x0(0)/0x0(0)/0x0(0) Next 0x0(0)/0x0(0)/0x0(0)
    Last retransmission scan length is 1, maximum is 1
    Last retransmission scan time is 0 msec, maximum is 0 msec
BARTIRA-SW05#

2022-06-29 17:03:30,412: %UNICON-INFO: +++ BARTIRA-SW05 with via 'cli': executing command 'show ip ospf interface Vlan202' +++
show ip ospf interface Vlan202
Vlan202 is up, line protocol is up 
  Internet Address 10.202.64.241/29, Interface ID 139, Area 0
  Attached via Interface Enable
  Process ID 10, Router ID 10.202.64.241, Network Type POINT_TO_POINT, Cost: 1
  Topology-MTID    Cost    Disabled    Shutdown      Topology Name
        0           1         no          no            Base
  Enabled by interface config, including secondary ip addresses
  Transmit Delay is 1 sec, State POINT_TO_POINT, BFD enabled
  Timer intervals configured, Hello 10, Dead 40, Wait 40, Retransmit 5
    oob-resync timeout 40
    Hello due in 00:00:03
  Supports Link-local Signaling (LLS)
  Cisco NSF helper support enabled
  IETF NSF helper support enabled
  Can be protected by per-prefix Loop-Free FastReroute
  Can be used for per-prefix Loop-Free FastReroute repair paths
  Not Protected by per-prefix TI-LFA
  Index 1/1/1, flood queue length 0
  Next 0x0(0)/0x0(0)/0x0(0)
  Last flood scan length is 10, maximum is 10
  Last flood scan time is 0 msec, maximum is 1 msec
  Neighbor Count is 1, Adjacent neighbor count is 1 
    Adjacent with neighbor 10.202.64.246
  Suppress hello for 0 neighbor(s)
  Cryptographic authentication enabled
    Youngest key id is 1
BARTIRA-SW05#

2022-06-29 17:03:32,964: %UNICON-INFO: +++ BARTIRA-SW05 with via 'cli': executing command 'show running-config | section router ospf 10' +++
show running-config | section router ospf 10
router ospf 10
 router-id 10.202.64.241
 area 0 authentication message-digest
 redistribute connected
 passive-interface default
 no passive-interface Vlan202
 bfd all-interfaces
BARTIRA-SW05#

2022-06-29 17:03:33,966: %UNICON-INFO: +++ BARTIRA-SW05 with via 'cli': executing command 'show ip ospf sham-links' +++
show ip ospf sham-links
BARTIRA-SW05#</msg>
<status status="PASS" starttime="20220629 17:03:19.575" endtime="20220629 17:03:34.737"/>
</kw>
<doc>Get a snapshot of OSPF state</doc>
<tag>bartira</tag>
<tag>fabrica</tag>
<tag>ospf</tag>
<status status="PASS" starttime="20220629 17:03:19.574" endtime="20220629 17:03:34.738"/>
</test>
<test id="s1-t4" name="Compare Platform and Configuration">
<kw name="Compare profile &quot;./snapshots/current/stable_snapshot_platform&quot; with &quot;./snapshots/current/current_snapshot_platform&quot; on devices &quot;BARTIRA-SW05&quot;" library="genie.libs.robot.GenieRobot" sourcename="Compare profile &quot;${pts:[^&quot;]+}&quot; with &quot;${pts_compare:[^&quot;]+}&quot; on devices &quot;${devices:[^&quot;]+}&quot;">
<doc>Compare system profiles taken as snapshots during the run</doc>
<msg timestamp="20220629 17:03:34.742" level="FAIL">KeyError: './snapshots/current/stable_snapshot_platform'</msg>
<status status="FAIL" starttime="20220629 17:03:34.740" endtime="20220629 17:03:34.742"/>
</kw>
<doc>Compare the current platform information and configuration with stable</doc>
<tag>bartira</tag>
<tag>configuration</tag>
<tag>fabrica</tag>
<tag>platform</tag>
<status status="SKIP" starttime="20220629 17:03:34.739" endtime="20220629 17:03:34.743">Test failed but its tags matched '--SkipOnFailure' and it was marked skipped.

Original failure:
KeyError: './snapshots/current/stable_snapshot_platform'</status>
</test>
<test id="s1-t5" name="Compare OSPF">
<kw name="Compare profile &quot;./snapshots/current/stable_snapshot_ospf&quot; with &quot;./snapshots/current/current_snapshot_ospf&quot; on devices &quot;BARTIRA-SW05&quot;" library="genie.libs.robot.GenieRobot" sourcename="Compare profile &quot;${pts:[^&quot;]+}&quot; with &quot;${pts_compare:[^&quot;]+}&quot; on devices &quot;${devices:[^&quot;]+}&quot;">
<doc>Compare system profiles taken as snapshots during the run</doc>
<msg timestamp="20220629 17:03:34.746" level="FAIL">KeyError: './snapshots/current/stable_snapshot_ospf'</msg>
<status status="FAIL" starttime="20220629 17:03:34.745" endtime="20220629 17:03:34.746"/>
</kw>
<doc>Compare the current OSPF state with stable</doc>
<tag>bartira</tag>
<tag>fabrica</tag>
<tag>ospf</tag>
<status status="FAIL" starttime="20220629 17:03:34.744" endtime="20220629 17:03:34.747">KeyError: './snapshots/current/stable_snapshot_ospf'</status>
</test>
<status status="FAIL" starttime="20220629 17:03:02.020" endtime="20220629 17:03:34.748"/>
</suite>
<statistics>
<total>
<stat pass="3" fail="1" skip="1">All Tests</stat>
</total>
<tag>
<stat pass="3" fail="1" skip="1">bartira</stat>
<stat pass="1" fail="0" skip="1">configuration</stat>
<stat pass="1" fail="0" skip="0">connection</stat>
<stat pass="3" fail="1" skip="1">fabrica</stat>
<stat pass="1" fail="1" skip="0">ospf</stat>
<stat pass="1" fail="0" skip="1">platform</stat>
</tag>
<suite>
<stat pass="3" fail="1" skip="1" id="s1" name="Health Check Bartira">Health Check Bartira</stat>
</suite>
</statistics>
<errors>
<msg timestamp="20220629 17:03:02.015" level="WARN">Command line options --critical and --noncritical have been deprecated. Use --skiponfailure instead.</msg>
<msg timestamp="20220629 17:03:02.957" level="WARN">Keyword 'genie.libs.robot.GenieRobot.use genie testbed "${testbed}"' is deprecated. Please use the "use testbed "${testbed}" keyword instead.</msg>
<msg timestamp="20220629 17:03:02.960" level="WARN">Using the default YAML encoding key since no key was specified in configuration.
THIS IS A SHARED KEY AND IS NOT SECURE, PLEASE RUN `pyats secret keygen` AND ADD TO YOUR pyats.conf FILE BEFORE ENCODING ANY VALUES.</msg>
<msg timestamp="20220629 17:03:03.019" level="WARN">Could not load the trigger datafile correctly, did you specify 'uut' device alias?</msg>
</errors>
</robot>
