<?xml version="1.0" encoding="UTF-8"?>
<robot generator="Robot 5.0.1 (Python 3.8.10 on linux)" generated="20220630 15:26:25.005" rpa="false" schemaversion="3">
<suite id="s1" name="Test Connection" source="/home/marcelo/projetos/robot_framework/robot_cd_1088/test_connection.robot">
<test id="s1-t1" name="Connect to devices" line="12">
<kw name="use genie testbed &quot;${testbed}&quot;" library="genie.libs.robot.GenieRobot" sourcename="use genie testbed &quot;${testbed}&quot;">
<doc>*DEPRECATED* Please use the "use testbed "${testbed}" keyword instead.</doc>
<msg timestamp="20220630 15:26:26.543" level="WARN">Keyword 'genie.libs.robot.GenieRobot.use genie testbed "${testbed}"' is deprecated. Please use the "use testbed "${testbed}" keyword instead.</msg>
<msg timestamp="20220630 15:26:26.553" level="WARN">Using the default YAML encoding key since no key was specified in configuration.
THIS IS A SHARED KEY AND IS NOT SECURE, PLEASE RUN `pyats secret keygen` AND ADD TO YOUR pyats.conf FILE BEFORE ENCODING ANY VALUES.</msg>
<msg timestamp="20220630 15:26:26.605" level="INFO">+------------------------------------------------------------------------------+
|                            Genie datafiles used:                             |
+------------------------------------------------------------------------------+</msg>
<msg timestamp="20220630 15:26:26.606" level="INFO">Trigger datafile          | </msg>
<msg timestamp="20220630 15:26:26.606" level="INFO">Verification  datafile    | </msg>
<msg timestamp="20220630 15:26:26.606" level="INFO">Pts datafile              | /home/marcelo/projetos/robot_framework/env_robot/lib/python3.8/site-packages/genie/libs/sdk/genie_yamls/pts_datafile.yaml</msg>
<msg timestamp="20220630 15:26:26.606" level="INFO">Subsection datafile       | /home/marcelo/projetos/robot_framework/env_robot/lib/python3.8/site-packages/genie/libs/sdk/genie_yamls/subsection_datafile.yaml</msg>
<msg timestamp="20220630 15:26:26.606" level="INFO">Config datafile           | None</msg>
<msg timestamp="20220630 15:26:26.630" level="WARN">Could not load the trigger datafile correctly, did you specify 'uut' device alias?</msg>
<status status="PASS" starttime="20220630 15:26:26.542" endtime="20220630 15:26:26.630"/>
</kw>
<kw name="connect to device &quot;CD1088-SW05&quot;" library="ats.robot.pyATSRobot" sourcename="connect to device &quot;${device:[^&quot;]+}&quot;">
<doc>Connect to device connection as defined in testbed.yaml</doc>
<msg timestamp="20220630 15:26:26.631" level="INFO">Connecting to device 'Device CD1088-SW05, type iosxe'</msg>
<msg timestamp="20220630 15:26:26.631" level="INFO">kwargs: {}</msg>
<msg timestamp="20220630 15:26:31.833" level="INFO">2022-06-30 15:26:26,632: %UNICON-INFO: +++ CD1088-SW05 logfile /tmp/CD1088-SW05-cli-20220630T152626632.log +++

2022-06-30 15:26:26,633: %UNICON-INFO: +++ Unicon plugin iosxe (unicon.plugins.iosxe) +++
Password:

2022-06-30 15:26:28,899: %UNICON-INFO: +++ connection to spawn: ssh -l svc_telecom 10.211.34.5, id: 140067132647600 +++

2022-06-30 15:26:28,899: %UNICON-INFO: connection to CD1088-SW05


CD1088-SW05#

2022-06-30 15:26:29,131: %UNICON-INFO: +++ initializing handle +++

2022-06-30 15:26:29,203: %UNICON-INFO: +++ CD1088-SW05 with via 'cli': executing command 'term length 0' +++
term length 0
CD1088-SW05#

2022-06-30 15:26:29,645: %UNICON-INFO: +++ CD1088-SW05 with via 'cli': executing command 'term width 0' +++
term width 0
CD1088-SW05#

2022-06-30 15:26:30,139: %UNICON-INFO: +++ CD1088-SW05 with via 'cli': executing command 'show version' +++
show version
Cisco IOS XE Software, Version 17.03.05
Cisco IOS Software [Amsterdam], Catalyst L3 Switch Software (CAT9K_IOSXE), Version 17.3.5, RELEASE SOFTWARE (fc2)
Technical Support: http://www.cisco.com/techsupport
Copyright (c) 1986-2022 by Cisco Systems, Inc.
Compiled Wed 09-Feb-22 10:41 by mcpre


Cisco IOS-XE software, Copyright (c) 2005-2022 by cisco Systems, Inc.
All rights reserved.  Certain components of Cisco IOS-XE software are
licensed under the GNU General Public License ("GPL") Version 2.0.  The
software code licensed under GPL Version 2.0 is free software that comes
with ABSOLUTELY NO WARRANTY.  You can redistribute and/or modify such
GPL code under the terms of GPL Version 2.0.  For more details, see the
documentation or "License Notice" file accompanying the IOS-XE software,
or the applicable URL provided on the flyer accompanying the IOS-XE
software.


ROM: IOS-XE ROMMON
BOOTLDR: System Bootstrap, Version 17.3.1r[FC2], RELEASE SOFTWARE (P)

CD1088-SW05 uptime is 1 day, 16 hours, 5 minutes
Uptime for this control processor is 1 day, 16 hours, 7 minutes
System returned to ROM by Reload Command at 23:12:25 BRA Tue Jun 28 2022
System restarted at 23:20:51 BRA Tue Jun 28 2022
System image file is "flash:packages.conf"
Last reload reason: Reload Command



This product contains cryptographic features and is subject to United
States and local country laws governing import, export, transfer and
use. Delivery of Cisco cryptographic products does not imply
third-party authority to import, export, distribute or use encryption.
Importers, exporters, distributors and users are responsible for
compliance with U.S. and local country laws. By using this product you
agree to comply with applicable laws and regulations. If you are unable
to comply with U.S. and local laws, return this product immediately.

A summary of U.S. laws governing Cisco cryptographic products may be found at:
http://www.cisco.com/wwl/export/crypto/tool/stqrg.html

If you require further assistance please contact us by sending email to
export@cisco.com.


Technology Package License Information: 

------------------------------------------------------------------------------
Technology-package                                     Technology-package
Current                        Type                       Next reboot  
------------------------------------------------------------------------------
network-advantage   	Smart License                 	 network-advantage   
dna-advantage       	Subscription Smart License    	 dna-advantage                 
AIR License Level: AIR DNA Advantage
Next reload AIR license Level: AIR DNA Advantage


Smart Licensing Status: Registration Not Applicable/Not Applicable

cisco C9500-48Y4C (X86) processor with 2904148K/6147K bytes of memory.
Processor board ID FDO250609UC
9 Virtual Ethernet interfaces
96 TwentyFive Gigabit Ethernet interfaces
8 Hundred Gigabit Ethernet interfaces
32768K bytes of non-volatile configuration memory.
16002872K bytes of physical memory.
11161600K bytes of Bootflash at bootflash:.
11161600K bytes of Bootflash at bootflash-2:.
1638400K bytes of Crash Files at crashinfo:.
1638400K bytes of Crash Files at crashinfo-2:.

Base Ethernet MAC Address          : f8:7a:41:21:dd:60
Motherboard Assembly Number        : 4873
Motherboard Serial Number          : FDO250609UC
Model Revision Number              : V02
Motherboard Revision Number        : 5
Model Number                       : C9500-48Y4C         
System Serial Number               : FDO250609UC

Switch 02
---------
Base Ethernet MAC Address          : f8:7a:41:21:df:40
Motherboard Assembly Number        : 4873
Motherboard Serial Number          : FDO250609VP
Model Revision Number              : V02
Motherboard Revision Number        : 5
Model Number                       : C9500-48Y4C         
System Serial Number               : FDO250609VP

CD1088-SW05#

2022-06-30 15:26:30,537: %UNICON-INFO: +++ CD1088-SW05 with via 'cli': configure +++
config term
Enter configuration commands, one per line.  End with CNTL/Z.
CD1088-SW05(config)#no logging console
CD1088-SW05(config)#line console 0
CD1088-SW05(config-line)#exec-timeout 0
CD1088-SW05(config-line)#end
CD1088-SW05#</msg>
<status status="PASS" starttime="20220630 15:26:26.630" endtime="20220630 15:26:31.834"/>
</kw>
<doc>Define the hosts to connect and test connection</doc>
<tag>cd1088</tag>
<status status="PASS" starttime="20220630 15:26:26.541" endtime="20220630 15:26:31.835"/>
</test>
<status status="PASS" starttime="20220630 15:26:25.007" endtime="20220630 15:26:31.836"/>
</suite>
<statistics>
<total>
<stat pass="1" fail="0" skip="0">All Tests</stat>
</total>
<tag>
<stat pass="1" fail="0" skip="0">cd1088</stat>
</tag>
<suite>
<stat pass="1" fail="0" skip="0" id="s1" name="Test Connection">Test Connection</stat>
</suite>
</statistics>
<errors>
<msg timestamp="20220630 15:26:26.543" level="WARN">Keyword 'genie.libs.robot.GenieRobot.use genie testbed "${testbed}"' is deprecated. Please use the "use testbed "${testbed}" keyword instead.</msg>
<msg timestamp="20220630 15:26:26.553" level="WARN">Using the default YAML encoding key since no key was specified in configuration.
THIS IS A SHARED KEY AND IS NOT SECURE, PLEASE RUN `pyats secret keygen` AND ADD TO YOUR pyats.conf FILE BEFORE ENCODING ANY VALUES.</msg>
<msg timestamp="20220630 15:26:26.630" level="WARN">Could not load the trigger datafile correctly, did you specify 'uut' device alias?</msg>
</errors>
</robot>
