<?xml version="1.0" encoding="UTF-8"?>
<robot generator="Robot 6.0.1 (Python 3.8.10 on linux)" generated="20221214 12:37:55.713" rpa="false" schemaversion="3">
<suite id="s1" name="Monitor Interfaces" source="/home/marcelo/estudos/devnet/robot_framework/robot_lab/3-monitor_interfaces/monitor_interfaces.robot">
<kw name="Setup" type="SETUP">
<kw name="use genie testbed &quot;${testbed}&quot;" library="genie.libs.robot.GenieRobot" sourcename="use genie testbed &quot;${testbed}&quot;">
<doc>*DEPRECATED* Please use the "use testbed "${testbed}" keyword instead.</doc>
<msg timestamp="20221214 12:37:56.725" level="WARN">Keyword 'genie.libs.robot.GenieRobot.use genie testbed "${testbed}"' is deprecated. Please use the "use testbed "${testbed}" keyword instead.</msg>
<msg timestamp="20221214 12:37:56.729" level="WARN">Using the default YAML encoding key since no key was specified in configuration.
THIS IS A SHARED KEY AND IS NOT SECURE, PLEASE RUN `pyats secret keygen` AND ADD TO YOUR pyats.conf FILE BEFORE ENCODING ANY VALUES.</msg>
<msg timestamp="20221214 12:37:56.784" level="INFO">+------------------------------------------------------------------------------+
|                            Genie datafiles used:                             |
+------------------------------------------------------------------------------+</msg>
<msg timestamp="20221214 12:37:56.784" level="INFO">Trigger datafile          | </msg>
<msg timestamp="20221214 12:37:56.784" level="INFO">Verification  datafile    | </msg>
<msg timestamp="20221214 12:37:56.784" level="INFO">Pts datafile              | /home/marcelo/estudos/venv_estudos/lib/python3.8/site-packages/genie/libs/sdk/genie_yamls/pts_datafile.yaml</msg>
<msg timestamp="20221214 12:37:56.784" level="INFO">Subsection datafile       | /home/marcelo/estudos/venv_estudos/lib/python3.8/site-packages/genie/libs/sdk/genie_yamls/subsection_datafile.yaml</msg>
<msg timestamp="20221214 12:37:56.784" level="INFO">Config datafile           | None</msg>
<msg timestamp="20221214 12:37:56.808" level="WARN">Could not load the trigger datafile correctly, did you specify 'uut' device alias?</msg>
<status status="PASS" starttime="20221214 12:37:56.725" endtime="20221214 12:37:56.808"/>
</kw>
<kw name="connect to devices &quot;NXOS&quot;" library="ats.robot.pyATSRobot" sourcename="connect to devices &quot;${devices}&quot;">
<doc>Connect to devices via connection as defined in testbed.yaml.
Specify devices with semi-colon separated list, e.g. "R1;R2"</doc>
<msg timestamp="20221214 12:37:56.809" level="INFO">Connecting to device 'Device NXOS, type nxos'</msg>
<msg timestamp="20221214 12:37:56.809" level="INFO">kwargs: {}</msg>
<msg timestamp="20221214 12:38:02.674" level="INFO">2022-12-14 12:37:56,811: %UNICON-INFO: +++ NXOS logfile /tmp/NXOS-cli-20221214T123756810.log +++

2022-12-14 12:37:56,811: %UNICON-INFO: +++ Unicon plugin nxos (unicon.plugins.nxos) +++
User Access Verification


2022-12-14 12:37:57,410: %UNICON-INFO: +++ connection to spawn: ssh -l admin 192.168.15.212, id: 139905852028432 +++

2022-12-14 12:37:57,410: %UNICON-INFO: connection to NXOS
Password: 

Cisco NX-OS Software
Copyright (c) 2002-2018, Cisco Systems, Inc. All rights reserved.
Nexus 9000v software ("Nexus 9000v Software") and related documentation,
files or other reference materials ("Documentation") are
the proprietary property and confidential information of Cisco
Systems, Inc. ("Cisco") and are protected, without limitation,
pursuant to United States and International copyright and trademark
laws in the applicable jurisdiction which provide civil and criminal
penalties for copying or distribution without Cisco's authorization.

Any use or disclosure, in whole or in part, of the Nexus 9000v Software
or Documentation to any third party for any purposes is expressly
prohibited except as otherwise authorized by Cisco in writing.
The copyrights to certain works contained herein are owned by other
third parties and are used and distributed under license. Some parts
of this software may be covered under the GNU Public License or the
GNU Lesser General Public License. A copy of each such license is
available at
http://www.gnu.org/licenses/gpl.html and
http://www.gnu.org/licenses/lgpl.html
***************************************************************************
*  Nexus 9000v is strictly limited to use for evaluation, demonstration   *
*  and NX-OS education. Any use or disclosure, in whole or in part of     *
*  the Nexus 9000v Software or Documentation to any third party for any   *
*  purposes is expressly prohibited except as otherwise authorized by     *
*  Cisco in writing.                                                      *
***************************************************************************
NXOS# 

2022-12-14 12:37:58,946: %UNICON-INFO: +++ initializing handle +++

2022-12-14 12:37:59,013: %UNICON-INFO: +++ NXOS with via 'cli': executing command 'term length 0' +++
term length 0
NXOS# 

2022-12-14 12:38:00,206: %UNICON-INFO: +++ NXOS with via 'cli': executing command 'term width 511' +++
term width 511
NXOS# 

2022-12-14 12:38:00,453: %UNICON-INFO: +++ NXOS with via 'cli': executing command 'terminal session-timeout 0' +++
terminal session-timeout 0
NXOS# 

2022-12-14 12:38:00,598: %UNICON-INFO: +++ NXOS with via 'cli': configure +++
config term
Enter configuration commands, one per line. End with CNTL/Z.
NXOS(config)# no logging console
NXOS(config)# line console
NXOS(config-console)# exec-timeout 0
NXOS(config-console)# line vty
NXOS(config-line)# exec-timeout 0
NXOS(config-line)# terminal width 511
NXOS(config-line)# end
NXOS#</msg>
<status status="PASS" starttime="20221214 12:37:56.808" endtime="20221214 12:38:02.674"/>
</kw>
<status status="PASS" starttime="20221214 12:37:56.724" endtime="20221214 12:38:02.675"/>
</kw>
<test id="s1-t1" name="Check Interfaces errors" line="12">
<kw name="parse &quot;show interface&quot; on device &quot;NXOS&quot;" library="genie.libs.robot.GenieRobot" sourcename="parse &quot;${parser:[^&quot;]+}&quot; on device &quot;${device:[^&quot;]+}&quot;">
<var>${output}</var>
<doc>Call any `metaparser` parser and parse the device output.</doc>
<msg timestamp="20221214 12:38:07.013" level="INFO">2022-12-14 12:38:03,674: %UNICON-INFO: +++ NXOS with via 'cli': executing command 'show interface' +++
show interface
mgmt0 is down (Link not connected)
admin state is up,
  Hardware: Ethernet, address: 5095.e400.1600 (bia 5095.e400.1600)
  MTU 1500 bytes, BW 0 Kbit, DLY 10 usec
  reliability 255/255, txload 1/255, rxload 1/255
  Encapsulation ARPA, medium is broadcast
  auto-duplex, auto-speed
  Auto-Negotiation is turned on
  Auto-mdix is turned off
  EtherType is 0x0000 
  1 minute input rate 0 bits/sec, 0 packets/sec
  1 minute output rate 0 bits/sec, 0 packets/sec
  Rx
    0 input packets 0 unicast packets 0 multicast packets
    0 broadcast packets 0 bytes
  Tx
    0 output packets 0 unicast packets 0 multicast packets
    0 broadcast packets 0 bytes

Ethernet1/1 is up
admin state is up, Dedicated Interface
  Hardware: 100/1000/10000 Ethernet, address: 5095.e400.1607 (bia 5095.e400.1608)
  Internet Address is 192.168.15.212/24
  MTU 1500 bytes, BW 1000000 Kbit, DLY 10 usec
  reliability 255/255, txload 1/255, rxload 1/255
  Encapsulation ARPA, medium is broadcast
  full-duplex, 1000 Mb/s
  Beacon is turned off
  Auto-Negotiation is turned on  FEC mode is Auto
  Input flow-control is off, output flow-control is off
  Auto-mdix is turned off
  Switchport monitor is off 
  EtherType is 0x8100 
  EEE (efficient-ethernet) : n/a
  Last link flapped 03:59:44
  Last clearing of "show interface" counters never
  1 interface resets
  Load-Interval #1: 30 seconds
    30 seconds input rate 0 bits/sec, 0 packets/sec
    30 seconds output rate 0 bits/sec, 0 packets/sec
    input rate 0 bps, 0 pps; output rate 0 bps, 0 pps
  Load-Interval #2: 5 minute (300 seconds)
    300 seconds input rate 0 bits/sec, 0 packets/sec
    300 seconds output rate 0 bits/sec, 0 packets/sec
    input rate 0 bps, 0 pps; output rate 0 bps, 0 pps
  RX
    0 unicast packets  0 multicast packets  0 broadcast packets
    0 input packets  0 bytes
    0 jumbo packets  0 storm suppression packets
    0 runts  0 giants  0 CRC  0 no buffer
    0 input error  0 short frame  0 overrun   0 underrun  0 ignored
    0 watchdog  0 bad etype drop  0 bad proto drop  0 if down drop
    0 input with dribble  0 input discard
    0 Rx pause
  TX
    0 unicast packets  0 multicast packets  0 broadcast packets
    0 output packets  0 bytes
    0 jumbo packets
    0 output error  0 collision  0 deferred  0 late collision
    0 lost carrier  0 no carrier  0 babble  0 output discard
    0 Tx pause

Ethernet1/2 is down (Administratively down)
admin state is down, Dedicated Interface
  Hardware: 100/1000/10000 Ethernet, address: 507e.5800.1607 (bia 5095.e400.1609)
  Description: Hello
  Internet Address is 192.168.15.214/24
  MTU 1500 bytes, BW 10000000 Kbit, DLY 10 usec
  reliability 255/255, txload 1/255, rxload 1/255
  Encapsulation ARPA, medium is broadcast
  auto-duplex, auto-speed
  Beacon is turned off
  Auto-Negotiation is turned on  FEC mode is Auto
  Input flow-control is off, output flow-control is off
  Auto-mdix is turned off
  Switchport monitor is off 
  EtherType is 0x8100 
  EEE (efficient-ethernet) : n/a
  Last link flapped 01:09:43
  Last clearing of "show interface" counters never
  4 interface resets
  Load-Interval #1: 30 seconds
    30 seconds input rate 0 bits/sec, 0 packets/sec
    30 seconds output rate 0 bits/sec, 0 packets/sec
    input rate 0 bps, 0 pps; output rate 0 bps, 0 pps
  Load-Interval #2: 5 minute (300 seconds)
    300 seconds input rate 0 bits/sec, 0 packets/sec
    300 seconds output rate 0 bits/sec, 0 packets/sec
    input rate 0 bps, 0 pps; output rate 0 bps, 0 pps
  RX
    0 unicast packets  0 multicast packets  0 broadcast packets
    0 input packets  0 bytes
    0 jumbo packets  0 storm suppression packets
    0 runts  0 giants  0 CRC  0 no buffer
    0 input error  0 short frame  0 overrun   0 underrun  0 ignored
    0 watchdog  0 bad etype drop  0 bad proto drop  0 if down drop
    0 input with dribble  0 input discard
    0 Rx pause
  TX
    0 unicast packets  0 multicast packets  0 broadcast packets
    0 output packets  0 bytes
    0 jumbo packets
    0 output error  0 collision  0 deferred  0 late collision
    0 lost carrier  0 no carrier  0 babble  0 output discard
    0 Tx pause

Ethernet1/3 is up
admin state is up, Dedicated Interface
  Hardware: 100/1000/10000 Ethernet, address: 5095.e400.160a (bia 5095.e400.160a)
  MTU 1500 bytes, BW 1000000 Kbit, DLY 10 usec
  reliability 255/255, txload 1/255, rxload 1/255
  Encapsulation ARPA, medium is broadcast
  Port mode is access
  full-duplex, auto-speed
  Beacon is turned off
  Auto-Negotiation is turned on  FEC mode is Auto
  Input flow-control is off, output flow-control is off
  Auto-mdix is turned off
  Switchport monitor is off 
  EtherType is 0x8100 
  EEE (efficient-ethernet) : n/a
  Last link flapped 03:59:42
  Last clearing of "show interface" counters never
  1 interface resets
  Load-Interval #1: 30 seconds
    30 seconds input rate 0 bits/sec, 0 packets/sec
    30 seconds output rate 0 bits/sec, 0 packets/sec
    input rate 0 bps, 0 pps; output rate 0 bps, 0 pps
  Load-Interval #2: 5 minute (300 seconds)
    300 seconds input rate 0 bits/sec, 0 packets/sec
    300 seconds output rate 0 bits/sec, 0 packets/sec
    input rate 0 bps, 0 pps; output rate 0 bps, 0 pps
  RX
    0 unicast packets  0 multicast packets  0 broadcast packets
    0 input packets  0 bytes
    0 jumbo packets  0 storm suppression packets
    0 runts  0 giants  0 CRC  0 no buffer
    0 input error  0 short frame  0 overrun   0 underrun  0 ignored
    0 watchdog  0 bad etype drop  0 bad proto drop  0 if down drop
    0 input with dribble  0 input discard
    0 Rx pause
  TX
    0 unicast packets  0 multicast packets  0 broadcast packets
    0 output packets  0 bytes
    0 jumbo packets
    0 output error  0 collision  0 deferred  0 late collision
    0 lost carrier  0 no carrier  0 babble  0 output discard
    0 Tx pause

Ethernet1/4 is up
admin state is up, Dedicated Interface
  Hardware: 100/1000/10000 Ethernet, address: 5095.e400.160b (bia 5095.e400.160b)
  MTU 1500 bytes, BW 1000000 Kbit, DLY 10 usec
  reliability 255/255, txload 1/255, rxload 1/255
  Encapsulation ARPA, medium is broadcast
  Port mode is access
  full-duplex, auto-speed
  Beacon is turned off
  Auto-Negotiation is turned on  FEC mode is Auto
  Input flow-control is off, output flow-control is off
  Auto-mdix is turned off
  Switchport monitor is off 
  EtherType is 0x8100 
  EEE (efficient-ethernet) : n/a
  Last link flapped 03:59:42
  Last clearing of "show interface" counters never
  1 interface resets
  Load-Interval #1: 30 seconds
    30 seconds input rate 0 bits/sec, 0 packets/sec
    30 seconds output rate 0 bits/sec, 0 packets/sec
    input rate 0 bps, 0 pps; output rate 0 bps, 0 pps
  Load-Interval #2: 5 minute (300 seconds)
    300 seconds input rate 0 bits/sec, 0 packets/sec
    300 seconds output rate 0 bits/sec, 0 packets/sec
    input rate 0 bps, 0 pps; output rate 0 bps, 0 pps
  RX
    0 unicast packets  0 multicast packets  0 broadcast packets
    0 input packets  0 bytes
    0 jumbo packets  0 storm suppression packets
    0 runts  0 giants  0 CRC  0 no buffer
    0 input error  0 short frame  0 overrun   0 underrun  0 ignored
    0 watchdog  0 bad etype drop  0 bad proto drop  0 if down drop
    0 input with dribble  0 input discard
    0 Rx pause
  TX
    0 unicast packets  0 multicast packets  0 broadcast packets
    0 output packets  0 bytes
    0 jumbo packets
    0 output error  0 collision  0 deferred  0 late collision
    0 lost carrier  0 no carrier  0 babble  0 output discard
    0 Tx pause

Ethernet1/5 is up
admin state is up, Dedicated Interface
  Hardware: 100/1000/10000 Ethernet, address: 5095.e400.160c (bia 5095.e400.160c)
  MTU 1500 bytes, BW 1000000 Kbit, DLY 10 usec
  reliability 255/255, txload 1/255, rxload 1/255
  Encapsulation ARPA, medium is broadcast
  Port mode is access
  full-duplex, auto-speed
  Beacon is turned off
  Auto-Negotiation is turned on  FEC mode is Auto
  Input flow-control is off, output flow-control is off
  Auto-mdix is turned off
  Switchport monitor is off 
  EtherType is 0x8100 
  EEE (efficient-ethernet) : n/a
  Last link flapped 03:59:42
  Last clearing of "show interface" counters never
  1 interface resets
  Load-Interval #1: 30 seconds
    30 seconds input rate 0 bits/sec, 0 packets/sec
    30 seconds output rate 0 bits/sec, 0 packets/sec
    input rate 0 bps, 0 pps; output rate 0 bps, 0 pps
  Load-Interval #2: 5 minute (300 seconds)
    300 seconds input rate 0 bits/sec, 0 packets/sec
    300 seconds output rate 0 bits/sec, 0 packets/sec
    input rate 0 bps, 0 pps; output rate 0 bps, 0 pps
  RX
    0 unicast packets  0 multicast packets  0 broadcast packets
    0 input packets  0 bytes
    0 jumbo packets  0 storm suppression packets
    0 runts  0 giants  0 CRC  0 no buffer
    0 input error  0 short frame  0 overrun   0 underrun  0 ignored
    0 watchdog  0 bad etype drop  0 bad proto drop  0 if down drop
    0 input with dribble  0 input discard
    0 Rx pause
  TX
    0 unicast packets  0 multicast packets  0 broadcast packets
    0 output packets  0 bytes
    0 jumbo packets
    0 output error  0 collision  0 deferred  0 late collision
    0 lost carrier  0 no carrier  0 babble  0 output discard
    0 Tx pause

Ethernet1/6 is up
admin state is up, Dedicated Interface
  Hardware: 100/1000/10000 Ethernet, address: 5095.e400.160d (bia 5095.e400.160d)
  MTU 1500 bytes, BW 1000000 Kbit, DLY 10 usec
  reliability 255/255, txload 1/255, rxload 1/255
  Encapsulation ARPA, medium is broadcast
  Port mode is access
  full-duplex, auto-speed
  Beacon is turned off
  Auto-Negotiation is turned on  FEC mode is Auto
  Input flow-control is off, output flow-control is off
  Auto-mdix is turned off
  Switchport monitor is off 
  EtherType is 0x8100 
  EEE (efficient-ethernet) : n/a
  Last link flapped 03:59:42
  Last clearing of "show interface" counters never
  1 interface resets
  Load-Interval #1: 30 seconds
    30 seconds input rate 0 bits/sec, 0 packets/sec
    30 seconds output rate 0 bits/sec, 0 packets/sec
    input rate 0 bps, 0 pps; output rate 0 bps, 0 pps
  Load-Interval #2: 5 minute (300 seconds)
    300 seconds input rate 0 bits/sec, 0 packets/sec
    300 seconds output rate 0 bits/sec, 0 packets/sec
    input rate 0 bps, 0 pps; output rate 0 bps, 0 pps
  RX
    0 unicast packets  0 multicast packets  0 broadcast packets
    0 input packets  0 bytes
    0 jumbo packets  0 storm suppression packets
    0 runts  0 giants  0 CRC  0 no buffer
    0 input error  0 short frame  0 overrun   0 underrun  0 ignored
    0 watchdog  0 bad etype drop  0 bad proto drop  0 if down drop
    0 input with dribble  0 input discard
    0 Rx pause
  TX
    0 unicast packets  0 multicast packets  0 broadcast packets
    0 output packets  0 bytes
    0 jumbo packets
    0 output error  0 collision  0 deferred  0 late collision
    0 lost carrier  0 no carrier  0 babble  0 output discard
    0 Tx pause

Ethernet1/7 is up
admin state is up, Dedicated Interface
  Hardware: 100/1000/10000 Ethernet, address: 5095.e400.160e (bia 5095.e400.160e)
  MTU 1500 bytes, BW 1000000 Kbit, DLY 10 usec
  reliability 255/255, txload 1/255, rxload 1/255
  Encapsulation ARPA, medium is broadcast
  Port mode is access
  full-duplex, auto-speed
  Beacon is turned off
  Auto-Negotiation is turned on  FEC mode is Auto
  Input flow-control is off, output flow-control is off
  Auto-mdix is turned off
  Switchport monitor is off 
  EtherType is 0x8100 
  EEE (efficient-ethernet) : n/a
  Last link flapped 03:59:42
  Last clearing of "show interface" counters never
  1 interface resets
  Load-Interval #1: 30 seconds
    30 seconds input rate 0 bits/sec, 0 packets/sec
    30 seconds output rate 0 bits/sec, 0 packets/sec
    input rate 0 bps, 0 pps; output rate 0 bps, 0 pps
  Load-Interval #2: 5 minute (300 seconds)
    300 seconds input rate 0 bits/sec, 0 packets/sec
    300 seconds output rate 0 bits/sec, 0 packets/sec
    input rate 0 bps, 0 pps; output rate 0 bps, 0 pps
  RX
    0 unicast packets  0 multicast packets  0 broadcast packets
    0 input packets  0 bytes
    0 jumbo packets  0 storm suppression packets
    0 runts  0 giants  0 CRC  0 no buffer
    0 input error  0 short frame  0 overrun   0 underrun  0 ignored
    0 watchdog  0 bad etype drop  0 bad proto drop  0 if down drop
    0 input with dribble  0 input discard
    0 Rx pause
  TX
    0 unicast packets  0 multicast packets  0 broadcast packets
    0 output packets  0 bytes
    0 jumbo packets
    0 output error  0 collision  0 deferred  0 late collision
    0 lost carrier  0 no carrier  0 babble  0 output discard
    0 Tx pause

Ethernet1/8 is down (Link not connected)
admin state is up, Dedicated Interface
  Hardware: 100/1000/10000 Ethernet, address: 5095.e400.160f (bia 5095.e400.160f)
  MTU 1500 bytes, BW 10000000 Kbit, DLY 10 usec
  reliability 255/255, txload 1/255, rxload 1/255
  Encapsulation ARPA, medium is broadcast
  Port mode is access
  auto-duplex, auto-speed
  Beacon is turned off
  Auto-Negotiation is turned on  FEC mode is Auto
  Input flow-control is off, output flow-control is off
  Auto-mdix is turned off
  Switchport monitor is off 
  EtherType is 0x8100 
  EEE (efficient-ethernet) : n/a
  Last link flapped never
  Last clearing of "show interface" counters never
  0 interface resets
  Load-Interval #1: 30 seconds
    30 seconds input rate 0 bits/sec, 0 packets/sec
    30 seconds output rate 0 bits/sec, 0 packets/sec
    input rate 0 bps, 0 pps; output rate 0 bps, 0 pps
  Load-Interval #2: 5 minute (300 seconds)
    300 seconds input rate 0 bits/sec, 0 packets/sec
    300 seconds output rate 0 bits/sec, 0 packets/sec
    input rate 0 bps, 0 pps; output rate 0 bps, 0 pps
  RX
    0 unicast packets  0 multicast packets  0 broadcast packets
    0 input packets  0 bytes
    0 jumbo packets  0 storm suppression packets
    0 runts  0 giants  0 CRC  0 no buffer
    0 input error  0 short frame  0 overrun   0 underrun  0 ignored
    0 watchdog  0 bad etype drop  0 bad proto drop  0 if down drop
    0 input with dribble  0 input discard
    0 Rx pause
  TX
    0 unicast packets  0 multicast packets  0 broadcast packets
    0 output packets  0 bytes
    0 jumbo packets
    0 output error  0 collision  0 deferred  0 late collision
    0 lost carrier  0 no carrier  0 babble  0 output discard
    0 Tx pause

Ethernet1/9 is down (Link not connected)
admin state is up, Dedicated Interface
  Hardware: 100/1000/10000 Ethernet, address: 5095.e400.1610 (bia 5095.e400.1610)
  MTU 1500 bytes, BW 10000000 Kbit, DLY 10 usec
  reliability 255/255, txload 1/255, rxload 1/255
  Encapsulation ARPA, medium is broadcast
  Port mode is access
  auto-duplex, auto-speed
  Beacon is turned off
  Auto-Negotiation is turned on  FEC mode is Auto
  Input flow-control is off, output flow-control is off
  Auto-mdix is turned off
  Switchport monitor is off 
  EtherType is 0x8100 
  EEE (efficient-ethernet) : n/a
  Last link flapped never
  Last clearing of "show interface" counters never
  0 interface resets
  Load-Interval #1: 30 seconds
    30 seconds input rate 0 bits/sec, 0 packets/sec
    30 seconds output rate 0 bits/sec, 0 packets/sec
    input rate 0 bps, 0 pps; output rate 0 bps, 0 pps
  Load-Interval #2: 5 minute (300 seconds)
    300 seconds input rate 0 bits/sec, 0 packets/sec
    300 seconds output rate 0 bits/sec, 0 packets/sec
    input rate 0 bps, 0 pps; output rate 0 bps, 0 pps
  RX
    0 unicast packets  0 multicast packets  0 broadcast packets
    0 input packets  0 bytes
    0 jumbo packets  0 storm suppression packets
    0 runts  0 giants  0 CRC  0 no buffer
    0 input error  0 short frame  0 overrun   0 underrun  0 ignored
    0 watchdog  0 bad etype drop  0 bad proto drop  0 if down drop
    0 input with dribble  0 input discard
    0 Rx pause
  TX
    0 unicast packets  0 multicast packets  0 broadcast packets
    0 output packets  0 bytes
    0 jumbo packets
    0 output error  0 collision  0 deferred  0 late collision
    0 lost carrier  0 no carrier  0 babble  0 output discard
    0 Tx pause

Ethernet1/10 is down (Link not connected)
admin state is up, Dedicated Interface
  Hardware: 100/1000/10000 Ethernet, address: 5095.e400.1611 (bia 5095.e400.1611)
  MTU 1500 bytes, BW 10000000 Kbit, DLY 10 usec
  reliability 255/255, txload 1/255, rxload 1/255
  Encapsulation ARPA, medium is broadcast
  Port mode is access
  auto-duplex, auto-speed
  Beacon is turned off
  Auto-Negotiation is turned on  FEC mode is Auto
  Input flow-control is off, output flow-control is off
  Auto-mdix is turned off
  Switchport monitor is off 
  EtherType is 0x8100 
  EEE (efficient-ethernet) : n/a
  Last link flapped never
  Last clearing of "show interface" counters never
  0 interface resets
  Load-Interval #1: 30 seconds
    30 seconds input rate 0 bits/sec, 0 packets/sec
    30 seconds output rate 0 bits/sec, 0 packets/sec
    input rate 0 bps, 0 pps; output rate 0 bps, 0 pps
  Load-Interval #2: 5 minute (300 seconds)
    300 seconds input rate 0 bits/sec, 0 packets/sec
    300 seconds output rate 0 bits/sec, 0 packets/sec
    input rate 0 bps, 0 pps; output rate 0 bps, 0 pps
  RX
    0 unicast packets  0 multicast packets  0 broadcast packets
    0 input packets  0 bytes
    0 jumbo packets  0 storm suppression packets
    0 runts  0 giants  0 CRC  0 no buffer
    0 input error  0 short frame  0 overrun   0 underrun  0 ignored
    0 watchdog  0 bad etype drop  0 bad proto drop  0 if down drop
    0 input with dribble  0 input discard
    0 Rx pause
  TX
    0 unicast packets  0 multicast packets  0 broadcast packets
    0 output packets  0 bytes
    0 jumbo packets
    0 output error  0 collision  0 deferred  0 late collision
    0 lost carrier  0 no carrier  0 babble  0 output discard
    0 Tx pause

Ethernet1/11 is down (Link not connected)
admin state is up, Dedicated Interface
  Hardware: 100/1000/10000 Ethernet, address: 5095.e400.1612 (bia 5095.e400.1612)
  MTU 1500 bytes, BW 10000000 Kbit, DLY 10 usec
  reliability 255/255, txload 1/255, rxload 1/255
  Encapsulation ARPA, medium is broadcast
  Port mode is access
  auto-duplex, auto-speed
  Beacon is turned off
  Auto-Negotiation is turned on  FEC mode is Auto
  Input flow-control is off, output flow-control is off
  Auto-mdix is turned off
  Switchport monitor is off 
  EtherType is 0x8100 
  EEE (efficient-ethernet) : n/a
  Last link flapped never
  Last clearing of "show interface" counters never
  0 interface resets
  Load-Interval #1: 30 seconds
    30 seconds input rate 0 bits/sec, 0 packets/sec
    30 seconds output rate 0 bits/sec, 0 packets/sec
    input rate 0 bps, 0 pps; output rate 0 bps, 0 pps
  Load-Interval #2: 5 minute (300 seconds)
    300 seconds input rate 0 bits/sec, 0 packets/sec
    300 seconds output rate 0 bits/sec, 0 packets/sec
    input rate 0 bps, 0 pps; output rate 0 bps, 0 pps
  RX
    0 unicast packets  0 multicast packets  0 broadcast packets
    0 input packets  0 bytes
    0 jumbo packets  0 storm suppression packets
    0 runts  0 giants  0 CRC  0 no buffer
    0 input error  0 short frame  0 overrun   0 underrun  0 ignored
    0 watchdog  0 bad etype drop  0 bad proto drop  0 if down drop
    0 input with dribble  0 input discard
    0 Rx pause
  TX
    0 unicast packets  0 multicast packets  0 broadcast packets
    0 output packets  0 bytes
    0 jumbo packets
    0 output error  0 collision  0 deferred  0 late collision
    0 lost carrier  0 no carrier  0 babble  0 output discard
    0 Tx pause

Ethernet1/12 is down (Link not connected)
admin state is up, Dedicated Interface
  Hardware: 100/1000/10000 Ethernet, address: 5095.e400.1613 (bia 5095.e400.1613)
  MTU 1500 bytes, BW 10000000 Kbit, DLY 10 usec
  reliability 255/255, txload 1/255, rxload 1/255
  Encapsulation ARPA, medium is broadcast
  Port mode is access
  auto-duplex, auto-speed
  Beacon is turned off
  Auto-Negotiation is turned on  FEC mode is Auto
  Input flow-control is off, output flow-control is off
  Auto-mdix is turned off
  Switchport monitor is off 
  EtherType is 0x8100 
  EEE (efficient-ethernet) : n/a
  Last link flapped never
  Last clearing of "show interface" counters never
  0 interface resets
  Load-Interval #1: 30 seconds
    30 seconds input rate 0 bits/sec, 0 packets/sec
    30 seconds output rate 0 bits/sec, 0 packets/sec
    input rate 0 bps, 0 pps; output rate 0 bps, 0 pps
  Load-Interval #2: 5 minute (300 seconds)
    300 seconds input rate 0 bits/sec, 0 packets/sec
    300 seconds output rate 0 bits/sec, 0 packets/sec
    input rate 0 bps, 0 pps; output rate 0 bps, 0 pps
  RX
    0 unicast packets  0 multicast packets  0 broadcast packets
    0 input packets  0 bytes
    0 jumbo packets  0 storm suppression packets
    0 runts  0 giants  0 CRC  0 no buffer
    0 input error  0 short frame  0 overrun   0 underrun  0 ignored
    0 watchdog  0 bad etype drop  0 bad proto drop  0 if down drop
    0 input with dribble  0 input discard
    0 Rx pause
  TX
    0 unicast packets  0 multicast packets  0 broadcast packets
    0 output packets  0 bytes
    0 jumbo packets
    0 output error  0 collision  0 deferred  0 late collision
    0 lost carrier  0 no carrier  0 babble  0 output discard
    0 Tx pause

Ethernet1/13 is down (Link not connected)
admin state is up, Dedicated Interface
  Hardware: 100/1000/10000 Ethernet, address: 5095.e400.1614 (bia 5095.e400.1614)
  MTU 1500 bytes, BW 10000000 Kbit, DLY 10 usec
  reliability 255/255, txload 1/255, rxload 1/255
  Encapsulation ARPA, medium is broadcast
  Port mode is access
  auto-duplex, auto-speed
  Beacon is turned off
  Auto-Negotiation is turned on  FEC mode is Auto
  Input flow-control is off, output flow-control is off
  Auto-mdix is turned off
  Switchport monitor is off 
  EtherType is 0x8100 
  EEE (efficient-ethernet) : n/a
  Last link flapped never
  Last clearing of "show interface" counters never
  0 interface resets
  Load-Interval #1: 30 seconds
    30 seconds input rate 0 bits/sec, 0 packets/sec
    30 seconds output rate 0 bits/sec, 0 packets/sec
    input rate 0 bps, 0 pps; output rate 0 bps, 0 pps
  Load-Interval #2: 5 minute (300 seconds)
    300 seconds input rate 0 bits/sec, 0 packets/sec
    300 seconds output rate 0 bits/sec, 0 packets/sec
    input rate 0 bps, 0 pps; output rate 0 bps, 0 pps
  RX
    0 unicast packets  0 multicast packets  0 broadcast packets
    0 input packets  0 bytes
    0 jumbo packets  0 storm suppression packets
    0 runts  0 giants  0 CRC  0 no buffer
    0 input error  0 short frame  0 overrun   0 underrun  0 ignored
    0 watchdog  0 bad etype drop  0 bad proto drop  0 if down drop
    0 input with dribble  0 input discard
    0 Rx pause
  TX
    0 unicast packets  0 multicast packets  0 broadcast packets
    0 output packets  0 bytes
    0 jumbo packets
    0 output error  0 collision  0 deferred  0 late collision
    0 lost carrier  0 no carrier  0 babble  0 output discard
    0 Tx pause

Ethernet1/14 is down (Link not connected)
admin state is up, Dedicated Interface
  Hardware: 100/1000/10000 Ethernet, address: 5095.e400.1615 (bia 5095.e400.1615)
  MTU 1500 bytes, BW 10000000 Kbit, DLY 10 usec
  reliability 255/255, txload 1/255, rxload 1/255
  Encapsulation ARPA, medium is broadcast
  Port mode is access
  auto-duplex, auto-speed
  Beacon is turned off
  Auto-Negotiation is turned on  FEC mode is Auto
  Input flow-control is off, output flow-control is off
  Auto-mdix is turned off
  Switchport monitor is off 
  EtherType is 0x8100 
  EEE (efficient-ethernet) : n/a
  Last link flapped never
  Last clearing of "show interface" counters never
  0 interface resets
  Load-Interval #1: 30 seconds
    30 seconds input rate 0 bits/sec, 0 packets/sec
    30 seconds output rate 0 bits/sec, 0 packets/sec
    input rate 0 bps, 0 pps; output rate 0 bps, 0 pps
  Load-Interval #2: 5 minute (300 seconds)
    300 seconds input rate 0 bits/sec, 0 packets/sec
    300 seconds output rate 0 bits/sec, 0 packets/sec
    input rate 0 bps, 0 pps; output rate 0 bps, 0 pps
  RX
    0 unicast packets  0 multicast packets  0 broadcast packets
    0 input packets  0 bytes
    0 jumbo packets  0 storm suppression packets
    0 runts  0 giants  0 CRC  0 no buffer
    0 input error  0 short frame  0 overrun   0 underrun  0 ignored
    0 watchdog  0 bad etype drop  0 bad proto drop  0 if down drop
    0 input with dribble  0 input discard
    0 Rx pause
  TX
    0 unicast packets  0 multicast packets  0 broadcast packets
    0 output packets  0 bytes
    0 jumbo packets
    0 output error  0 collision  0 deferred  0 late collision
    0 lost carrier  0 no carrier  0 babble  0 output discard
    0 Tx pause

Ethernet1/15 is down (Link not connected)
admin state is up, Dedicated Interface
  Hardware: 100/1000/10000 Ethernet, address: 5095.e400.1616 (bia 5095.e400.1616)
  MTU 1500 bytes, BW 10000000 Kbit, DLY 10 usec
  reliability 255/255, txload 1/255, rxload 1/255
  Encapsulation ARPA, medium is broadcast
  Port mode is access
  auto-duplex, auto-speed
  Beacon is turned off
  Auto-Negotiation is turned on  FEC mode is Auto
  Input flow-control is off, output flow-control is off
  Auto-mdix is turned off
  Switchport monitor is off 
  EtherType is 0x8100 
  EEE (efficient-ethernet) : n/a
  Last link flapped never
  Last clearing of "show interface" counters never
  0 interface resets
  Load-Interval #1: 30 seconds
    30 seconds input rate 0 bits/sec, 0 packets/sec
    30 seconds output rate 0 bits/sec, 0 packets/sec
    input rate 0 bps, 0 pps; output rate 0 bps, 0 pps
  Load-Interval #2: 5 minute (300 seconds)
    300 seconds input rate 0 bits/sec, 0 packets/sec
    300 seconds output rate 0 bits/sec, 0 packets/sec
    input rate 0 bps, 0 pps; output rate 0 bps, 0 pps
  RX
    0 unicast packets  0 multicast packets  0 broadcast packets
    0 input packets  0 bytes
    0 jumbo packets  0 storm suppression packets
    0 runts  0 giants  0 CRC  0 no buffer
    0 input error  0 short frame  0 overrun   0 underrun  0 ignored
    0 watchdog  0 bad etype drop  0 bad proto drop  0 if down drop
    0 input with dribble  0 input discard
    0 Rx pause
  TX
    0 unicast packets  0 multicast packets  0 broadcast packets
    0 output packets  0 bytes
    0 jumbo packets
    0 output error  0 collision  0 deferred  0 late collision
    0 lost carrier  0 no carrier  0 babble  0 output discard
    0 Tx pause

Ethernet1/16 is down (Link not connected)
admin state is up, Dedicated Interface
  Hardware: 100/1000/10000 Ethernet, address: 5095.e400.1617 (bia 5095.e400.1617)
  MTU 1500 bytes, BW 10000000 Kbit, DLY 10 usec
  reliability 255/255, txload 1/255, rxload 1/255
  Encapsulation ARPA, medium is broadcast
  Port mode is access
  auto-duplex, auto-speed
  Beacon is turned off
  Auto-Negotiation is turned on  FEC mode is Auto
  Input flow-control is off, output flow-control is off
  Auto-mdix is turned off
  Switchport monitor is off 
  EtherType is 0x8100 
  EEE (efficient-ethernet) : n/a
  Last link flapped never
  Last clearing of "show interface" counters never
  0 interface resets
  Load-Interval #1: 30 seconds
    30 seconds input rate 0 bits/sec, 0 packets/sec
    30 seconds output rate 0 bits/sec, 0 packets/sec
    input rate 0 bps, 0 pps; output rate 0 bps, 0 pps
  Load-Interval #2: 5 minute (300 seconds)
    300 seconds input rate 0 bits/sec, 0 packets/sec
    300 seconds output rate 0 bits/sec, 0 packets/sec
    input rate 0 bps, 0 pps; output rate 0 bps, 0 pps
  RX
    0 unicast packets  0 multicast packets  0 broadcast packets
    0 input packets  0 bytes
    0 jumbo packets  0 storm suppression packets
    0 runts  0 giants  0 CRC  0 no buffer
    0 input error  0 short frame  0 overrun   0 underrun  0 ignored
    0 watchdog  0 bad etype drop  0 bad proto drop  0 if down drop
    0 input with dribble  0 input discard
    0 Rx pause
  TX
    0 unicast packets  0 multicast packets  0 broadcast packets
    0 output packets  0 bytes
    0 jumbo packets
    0 output error  0 collision  0 deferred  0 late collision
    0 lost carrier  0 no carrier  0 babble  0 output discard
    0 Tx pause

Ethernet1/17 is down (Link not connected)
admin state is up, Dedicated Interface
  Hardware: 100/1000/10000 Ethernet, address: 5095.e400.1618 (bia 5095.e400.1618)
  MTU 1500 bytes, BW 10000000 Kbit, DLY 10 usec
  reliability 255/255, txload 1/255, rxload 1/255
  Encapsulation ARPA, medium is broadcast
  Port mode is access
  auto-duplex, auto-speed
  Beacon is turned off
  Auto-Negotiation is turned on  FEC mode is Auto
  Input flow-control is off, output flow-control is off
  Auto-mdix is turned off
  Switchport monitor is off 
  EtherType is 0x8100 
  EEE (efficient-ethernet) : n/a
  Last link flapped never
  Last clearing of "show interface" counters never
  0 interface resets
  Load-Interval #1: 30 seconds
    30 seconds input rate 0 bits/sec, 0 packets/sec
    30 seconds output rate 0 bits/sec, 0 packets/sec
    input rate 0 bps, 0 pps; output rate 0 bps, 0 pps
  Load-Interval #2: 5 minute (300 seconds)
    300 seconds input rate 0 bits/sec, 0 packets/sec
    300 seconds output rate 0 bits/sec, 0 packets/sec
    input rate 0 bps, 0 pps; output rate 0 bps, 0 pps
  RX
    0 unicast packets  0 multicast packets  0 broadcast packets
    0 input packets  0 bytes
    0 jumbo packets  0 storm suppression packets
    0 runts  0 giants  0 CRC  0 no buffer
    0 input error  0 short frame  0 overrun   0 underrun  0 ignored
    0 watchdog  0 bad etype drop  0 bad proto drop  0 if down drop
    0 input with dribble  0 input discard
    0 Rx pause
  TX
    0 unicast packets  0 multicast packets  0 broadcast packets
    0 output packets  0 bytes
    0 jumbo packets
    0 output error  0 collision  0 deferred  0 late collision
    0 lost carrier  0 no carrier  0 babble  0 output discard
    0 Tx pause

Ethernet1/18 is down (Link not connected)
admin state is up, Dedicated Interface
  Hardware: 100/1000/10000 Ethernet, address: 5095.e400.1619 (bia 5095.e400.1619)
  MTU 1500 bytes, BW 10000000 Kbit, DLY 10 usec
  reliability 255/255, txload 1/255, rxload 1/255
  Encapsulation ARPA, medium is broadcast
  Port mode is access
  auto-duplex, auto-speed
  Beacon is turned off
  Auto-Negotiation is turned on  FEC mode is Auto
  Input flow-control is off, output flow-control is off
  Auto-mdix is turned off
  Switchport monitor is off 
  EtherType is 0x8100 
  EEE (efficient-ethernet) : n/a
  Last link flapped never
  Last clearing of "show interface" counters never
  0 interface resets
  Load-Interval #1: 30 seconds
    30 seconds input rate 0 bits/sec, 0 packets/sec
    30 seconds output rate 0 bits/sec, 0 packets/sec
    input rate 0 bps, 0 pps; output rate 0 bps, 0 pps
  Load-Interval #2: 5 minute (300 seconds)
    300 seconds input rate 0 bits/sec, 0 packets/sec
    300 seconds output rate 0 bits/sec, 0 packets/sec
    input rate 0 bps, 0 pps; output rate 0 bps, 0 pps
  RX
    0 unicast packets  0 multicast packets  0 broadcast packets
    0 input packets  0 bytes
    0 jumbo packets  0 storm suppression packets
    0 runts  0 giants  0 CRC  0 no buffer
    0 input error  0 short frame  0 overrun   0 underrun  0 ignored
    0 watchdog  0 bad etype drop  0 bad proto drop  0 if down drop
    0 input with dribble  0 input discard
    0 Rx pause
  TX
    0 unicast packets  0 multicast packets  0 broadcast packets
    0 output packets  0 bytes
    0 jumbo packets
    0 output error  0 collision  0 deferred  0 late collision
    0 lost carrier  0 no carrier  0 babble  0 output discard
    0 Tx pause

Ethernet1/19 is down (Link not connected)
admin state is up, Dedicated Interface
  Hardware: 100/1000/10000 Ethernet, address: 5095.e400.161a (bia 5095.e400.161a)
  MTU 1500 bytes, BW 10000000 Kbit, DLY 10 usec
  reliability 255/255, txload 1/255, rxload 1/255
  Encapsulation ARPA, medium is broadcast
  Port mode is access
  auto-duplex, auto-speed
  Beacon is turned off
  Auto-Negotiation is turned on  FEC mode is Auto
  Input flow-control is off, output flow-control is off
  Auto-mdix is turned off
  Switchport monitor is off 
  EtherType is 0x8100 
  EEE (efficient-ethernet) : n/a
  Last link flapped never
  Last clearing of "show interface" counters never
  0 interface resets
  Load-Interval #1: 30 seconds
    30 seconds input rate 0 bits/sec, 0 packets/sec
    30 seconds output rate 0 bits/sec, 0 packets/sec
    input rate 0 bps, 0 pps; output rate 0 bps, 0 pps
  Load-Interval #2: 5 minute (300 seconds)
    300 seconds input rate 0 bits/sec, 0 packets/sec
    300 seconds output rate 0 bits/sec, 0 packets/sec
    input rate 0 bps, 0 pps; output rate 0 bps, 0 pps
  RX
    0 unicast packets  0 multicast packets  0 broadcast packets
    0 input packets  0 bytes
    0 jumbo packets  0 storm suppression packets
    0 runts  0 giants  0 CRC  0 no buffer
    0 input error  0 short frame  0 overrun   0 underrun  0 ignored
    0 watchdog  0 bad etype drop  0 bad proto drop  0 if down drop
    0 input with dribble  0 input discard
    0 Rx pause
  TX
    0 unicast packets  0 multicast packets  0 broadcast packets
    0 output packets  0 bytes
    0 jumbo packets
    0 output error  0 collision  0 deferred  0 late collision
    0 lost carrier  0 no carrier  0 babble  0 output discard
    0 Tx pause

Ethernet1/20 is down (Link not connected)
admin state is up, Dedicated Interface
  Hardware: 100/1000/10000 Ethernet, address: 5095.e400.161b (bia 5095.e400.161b)
  MTU 1500 bytes, BW 10000000 Kbit, DLY 10 usec
  reliability 255/255, txload 1/255, rxload 1/255
  Encapsulation ARPA, medium is broadcast
  Port mode is access
  auto-duplex, auto-speed
  Beacon is turned off
  Auto-Negotiation is turned on  FEC mode is Auto
  Input flow-control is off, output flow-control is off
  Auto-mdix is turned off
  Switchport monitor is off 
  EtherType is 0x8100 
  EEE (efficient-ethernet) : n/a
  Last link flapped never
  Last clearing of "show interface" counters never
  0 interface resets
  Load-Interval #1: 30 seconds
    30 seconds input rate 0 bits/sec, 0 packets/sec
    30 seconds output rate 0 bits/sec, 0 packets/sec
    input rate 0 bps, 0 pps; output rate 0 bps, 0 pps
  Load-Interval #2: 5 minute (300 seconds)
    300 seconds input rate 0 bits/sec, 0 packets/sec
    300 seconds output rate 0 bits/sec, 0 packets/sec
    input rate 0 bps, 0 pps; output rate 0 bps, 0 pps
  RX
    0 unicast packets  0 multicast packets  0 broadcast packets
    0 input packets  0 bytes
    0 jumbo packets  0 storm suppression packets
    0 runts  0 giants  0 CRC  0 no buffer
    0 input error  0 short frame  0 overrun   0 underrun  0 ignored
    0 watchdog  0 bad etype drop  0 bad proto drop  0 if down drop
    0 input with dribble  0 input discard
    0 Rx pause
  TX
    0 unicast packets  0 multicast packets  0 broadcast packets
    0 output packets  0 bytes
    0 jumbo packets
    0 output error  0 collision  0 deferred  0 late collision
    0 lost carrier  0 no carrier  0 babble  0 output discard
    0 Tx pause

Ethernet1/21 is down (Link not connected)
admin state is up, Dedicated Interface
  Hardware: 100/1000/10000 Ethernet, address: 5095.e400.161c (bia 5095.e400.161c)
  MTU 1500 bytes, BW 10000000 Kbit, DLY 10 usec
  reliability 255/255, txload 1/255, rxload 1/255
  Encapsulation ARPA, medium is broadcast
  Port mode is access
  auto-duplex, auto-speed
  Beacon is turned off
  Auto-Negotiation is turned on  FEC mode is Auto
  Input flow-control is off, output flow-control is off
  Auto-mdix is turned off
  Switchport monitor is off 
  EtherType is 0x8100 
  EEE (efficient-ethernet) : n/a
  Last link flapped never
  Last clearing of "show interface" counters never
  0 interface resets
  Load-Interval #1: 30 seconds
    30 seconds input rate 0 bits/sec, 0 packets/sec
    30 seconds output rate 0 bits/sec, 0 packets/sec
    input rate 0 bps, 0 pps; output rate 0 bps, 0 pps
  Load-Interval #2: 5 minute (300 seconds)
    300 seconds input rate 0 bits/sec, 0 packets/sec
    300 seconds output rate 0 bits/sec, 0 packets/sec
    input rate 0 bps, 0 pps; output rate 0 bps, 0 pps
  RX
    0 unicast packets  0 multicast packets  0 broadcast packets
    0 input packets  0 bytes
    0 jumbo packets  0 storm suppression packets
    0 runts  0 giants  0 CRC  0 no buffer
    0 input error  0 short frame  0 overrun   0 underrun  0 ignored
    0 watchdog  0 bad etype drop  0 bad proto drop  0 if down drop
    0 input with dribble  0 input discard
    0 Rx pause
  TX
    0 unicast packets  0 multicast packets  0 broadcast packets
    0 output packets  0 bytes
    0 jumbo packets
    0 output error  0 collision  0 deferred  0 late collision
    0 lost carrier  0 no carrier  0 babble  0 output discard
    0 Tx pause

Ethernet1/22 is down (Link not connected)
admin state is up, Dedicated Interface
  Hardware: 100/1000/10000 Ethernet, address: 5095.e400.161d (bia 5095.e400.161d)
  MTU 1500 bytes, BW 10000000 Kbit, DLY 10 usec
  reliability 255/255, txload 1/255, rxload 1/255
  Encapsulation ARPA, medium is broadcast
  Port mode is access
  auto-duplex, auto-speed
  Beacon is turned off
  Auto-Negotiation is turned on  FEC mode is Auto
  Input flow-control is off, output flow-control is off
  Auto-mdix is turned off
  Switchport monitor is off 
  EtherType is 0x8100 
  EEE (efficient-ethernet) : n/a
  Last link flapped never
  Last clearing of "show interface" counters never
  0 interface resets
  Load-Interval #1: 30 seconds
    30 seconds input rate 0 bits/sec, 0 packets/sec
    30 seconds output rate 0 bits/sec, 0 packets/sec
    input rate 0 bps, 0 pps; output rate 0 bps, 0 pps
  Load-Interval #2: 5 minute (300 seconds)
    300 seconds input rate 0 bits/sec, 0 packets/sec
    300 seconds output rate 0 bits/sec, 0 packets/sec
    input rate 0 bps, 0 pps; output rate 0 bps, 0 pps
  RX
    0 unicast packets  0 multicast packets  0 broadcast packets
    0 input packets  0 bytes
    0 jumbo packets  0 storm suppression packets
    0 runts  0 giants  0 CRC  0 no buffer
    0 input error  0 short frame  0 overrun   0 underrun  0 ignored
    0 watchdog  0 bad etype drop  0 bad proto drop  0 if down drop
    0 input with dribble  0 input discard
    0 Rx pause
  TX
    0 unicast packets  0 multicast packets  0 broadcast packets
    0 output packets  0 bytes
    0 jumbo packets
    0 output error  0 collision  0 deferred  0 late collision
    0 lost carrier  0 no carrier  0 babble  0 output discard
    0 Tx pause

Ethernet1/23 is down (Link not connected)
admin state is up, Dedicated Interface
  Hardware: 100/1000/10000 Ethernet, address: 5095.e400.161e (bia 5095.e400.161e)
  MTU 1500 bytes, BW 10000000 Kbit, DLY 10 usec
  reliability 255/255, txload 1/255, rxload 1/255
  Encapsulation ARPA, medium is broadcast
  Port mode is access
  auto-duplex, auto-speed
  Beacon is turned off
  Auto-Negotiation is turned on  FEC mode is Auto
  Input flow-control is off, output flow-control is off
  Auto-mdix is turned off
  Switchport monitor is off 
  EtherType is 0x8100 
  EEE (efficient-ethernet) : n/a
  Last link flapped never
  Last clearing of "show interface" counters never
  0 interface resets
  Load-Interval #1: 30 seconds
    30 seconds input rate 0 bits/sec, 0 packets/sec
    30 seconds output rate 0 bits/sec, 0 packets/sec
    input rate 0 bps, 0 pps; output rate 0 bps, 0 pps
  Load-Interval #2: 5 minute (300 seconds)
    300 seconds input rate 0 bits/sec, 0 packets/sec
    300 seconds output rate 0 bits/sec, 0 packets/sec
    input rate 0 bps, 0 pps; output rate 0 bps, 0 pps
  RX
    0 unicast packets  0 multicast packets  0 broadcast packets
    0 input packets  0 bytes
    0 jumbo packets  0 storm suppression packets
    0 runts  0 giants  0 CRC  0 no buffer
    0 input error  0 short frame  0 overrun   0 underrun  0 ignored
    0 watchdog  0 bad etype drop  0 bad proto drop  0 if down drop
    0 input with dribble  0 input discard
    0 Rx pause
  TX
    0 unicast packets  0 multicast packets  0 broadcast packets
    0 output packets  0 bytes
    0 jumbo packets
    0 output error  0 collision  0 deferred  0 late collision
    0 lost carrier  0 no carrier  0 babble  0 output discard
    0 Tx pause

Ethernet1/24 is down (Link not connected)
admin state is up, Dedicated Interface
  Hardware: 100/1000/10000 Ethernet, address: 5095.e400.161f (bia 5095.e400.161f)
  MTU 1500 bytes, BW 10000000 Kbit, DLY 10 usec
  reliability 255/255, txload 1/255, rxload 1/255
  Encapsulation ARPA, medium is broadcast
  Port mode is access
  auto-duplex, auto-speed
  Beacon is turned off
  Auto-Negotiation is turned on  FEC mode is Auto
  Input flow-control is off, output flow-control is off
  Auto-mdix is turned off
  Switchport monitor is off 
  EtherType is 0x8100 
  EEE (efficient-ethernet) : n/a
  Last link flapped never
  Last clearing of "show interface" counters never
  0 interface resets
  Load-Interval #1: 30 seconds
    30 seconds input rate 0 bits/sec, 0 packets/sec
    30 seconds output rate 0 bits/sec, 0 packets/sec
    input rate 0 bps, 0 pps; output rate 0 bps, 0 pps
  Load-Interval #2: 5 minute (300 seconds)
    300 seconds input rate 0 bits/sec, 0 packets/sec
    300 seconds output rate 0 bits/sec, 0 packets/sec
    input rate 0 bps, 0 pps; output rate 0 bps, 0 pps
  RX
    0 unicast packets  0 multicast packets  0 broadcast packets
    0 input packets  0 bytes
    0 jumbo packets  0 storm suppression packets
    0 runts  0 giants  0 CRC  0 no buffer
    0 input error  0 short frame  0 overrun   0 underrun  0 ignored
    0 watchdog  0 bad etype drop  0 bad proto drop  0 if down drop
    0 input with dribble  0 input discard
    0 Rx pause
  TX
    0 unicast packets  0 multicast packets  0 broadcast packets
    0 output packets  0 bytes
    0 jumbo packets
    0 output error  0 collision  0 deferred  0 late collision
    0 lost carrier  0 no carrier  0 babble  0 output discard
    0 Tx pause

Ethernet1/25 is down (Link not connected)
admin state is up, Dedicated Interface
  Hardware: 100/1000/10000 Ethernet, address: 5095.e400.1620 (bia 5095.e400.1620)
  MTU 1500 bytes, BW 10000000 Kbit, DLY 10 usec
  reliability 255/255, txload 1/255, rxload 1/255
  Encapsulation ARPA, medium is broadcast
  Port mode is access
  auto-duplex, auto-speed
  Beacon is turned off
  Auto-Negotiation is turned on  FEC mode is Auto
  Input flow-control is off, output flow-control is off
  Auto-mdix is turned off
  Switchport monitor is off 
  EtherType is 0x8100 
  EEE (efficient-ethernet) : n/a
  Last link flapped never
  Last clearing of "show interface" counters never
  0 interface resets
  Load-Interval #1: 30 seconds
    30 seconds input rate 0 bits/sec, 0 packets/sec
    30 seconds output rate 0 bits/sec, 0 packets/sec
    input rate 0 bps, 0 pps; output rate 0 bps, 0 pps
  Load-Interval #2: 5 minute (300 seconds)
    300 seconds input rate 0 bits/sec, 0 packets/sec
    300 seconds output rate 0 bits/sec, 0 packets/sec
    input rate 0 bps, 0 pps; output rate 0 bps, 0 pps
  RX
    0 unicast packets  0 multicast packets  0 broadcast packets
    0 input packets  0 bytes
    0 jumbo packets  0 storm suppression packets
    0 runts  0 giants  0 CRC  0 no buffer
    0 input error  0 short frame  0 overrun   0 underrun  0 ignored
    0 watchdog  0 bad etype drop  0 bad proto drop  0 if down drop
    0 input with dribble  0 input discard
    0 Rx pause
  TX
    0 unicast packets  0 multicast packets  0 broadcast packets
    0 output packets  0 bytes
    0 jumbo packets
    0 output error  0 collision  0 deferred  0 late collision
    0 lost carrier  0 no carrier  0 babble  0 output discard
    0 Tx pause

Ethernet1/26 is down (Link not connected)
admin state is up, Dedicated Interface
  Hardware: 100/1000/10000 Ethernet, address: 5095.e400.1621 (bia 5095.e400.1621)
  MTU 1500 bytes, BW 10000000 Kbit, DLY 10 usec
  reliability 255/255, txload 1/255, rxload 1/255
  Encapsulation ARPA, medium is broadcast
  Port mode is access
  auto-duplex, auto-speed
  Beacon is turned off
  Auto-Negotiation is turned on  FEC mode is Auto
  Input flow-control is off, output flow-control is off
  Auto-mdix is turned off
  Switchport monitor is off 
  EtherType is 0x8100 
  EEE (efficient-ethernet) : n/a
  Last link flapped never
  Last clearing of "show interface" counters never
  0 interface resets
  Load-Interval #1: 30 seconds
    30 seconds input rate 0 bits/sec, 0 packets/sec
    30 seconds output rate 0 bits/sec, 0 packets/sec
    input rate 0 bps, 0 pps; output rate 0 bps, 0 pps
  Load-Interval #2: 5 minute (300 seconds)
    300 seconds input rate 0 bits/sec, 0 packets/sec
    300 seconds output rate 0 bits/sec, 0 packets/sec
    input rate 0 bps, 0 pps; output rate 0 bps, 0 pps
  RX
    0 unicast packets  0 multicast packets  0 broadcast packets
    0 input packets  0 bytes
    0 jumbo packets  0 storm suppression packets
    0 runts  0 giants  0 CRC  0 no buffer
    0 input error  0 short frame  0 overrun   0 underrun  0 ignored
    0 watchdog  0 bad etype drop  0 bad proto drop  0 if down drop
    0 input with dribble  0 input discard
    0 Rx pause
  TX
    0 unicast packets  0 multicast packets  0 broadcast packets
    0 output packets  0 bytes
    0 jumbo packets
    0 output error  0 collision  0 deferred  0 late collision
    0 lost carrier  0 no carrier  0 babble  0 output discard
    0 Tx pause

Ethernet1/27 is down (Link not connected)
admin state is up, Dedicated Interface
  Hardware: 100/1000/10000 Ethernet, address: 5095.e400.1622 (bia 5095.e400.1622)
  MTU 1500 bytes, BW 10000000 Kbit, DLY 10 usec
  reliability 255/255, txload 1/255, rxload 1/255
  Encapsulation ARPA, medium is broadcast
  Port mode is access
  auto-duplex, auto-speed
  Beacon is turned off
  Auto-Negotiation is turned on  FEC mode is Auto
  Input flow-control is off, output flow-control is off
  Auto-mdix is turned off
  Switchport monitor is off 
  EtherType is 0x8100 
  EEE (efficient-ethernet) : n/a
  Last link flapped never
  Last clearing of "show interface" counters never
  0 interface resets
  Load-Interval #1: 30 seconds
    30 seconds input rate 0 bits/sec, 0 packets/sec
    30 seconds output rate 0 bits/sec, 0 packets/sec
    input rate 0 bps, 0 pps; output rate 0 bps, 0 pps
  Load-Interval #2: 5 minute (300 seconds)
    300 seconds input rate 0 bits/sec, 0 packets/sec
    300 seconds output rate 0 bits/sec, 0 packets/sec
    input rate 0 bps, 0 pps; output rate 0 bps, 0 pps
  RX
    0 unicast packets  0 multicast packets  0 broadcast packets
    0 input packets  0 bytes
    0 jumbo packets  0 storm suppression packets
    0 runts  0 giants  0 CRC  0 no buffer
    0 input error  0 short frame  0 overrun   0 underrun  0 ignored
    0 watchdog  0 bad etype drop  0 bad proto drop  0 if down drop
    0 input with dribble  0 input discard
    0 Rx pause
  TX
    0 unicast packets  0 multicast packets  0 broadcast packets
    0 output packets  0 bytes
    0 jumbo packets
    0 output error  0 collision  0 deferred  0 late collision
    0 lost carrier  0 no carrier  0 babble  0 output discard
    0 Tx pause

Ethernet1/28 is down (Link not connected)
admin state is up, Dedicated Interface
  Hardware: 100/1000/10000 Ethernet, address: 5095.e400.1623 (bia 5095.e400.1623)
  MTU 1500 bytes, BW 10000000 Kbit, DLY 10 usec
  reliability 255/255, txload 1/255, rxload 1/255
  Encapsulation ARPA, medium is broadcast
  Port mode is access
  auto-duplex, auto-speed
  Beacon is turned off
  Auto-Negotiation is turned on  FEC mode is Auto
  Input flow-control is off, output flow-control is off
  Auto-mdix is turned off
  Switchport monitor is off 
  EtherType is 0x8100 
  EEE (efficient-ethernet) : n/a
  Last link flapped never
  Last clearing of "show interface" counters never
  0 interface resets
  Load-Interval #1: 30 seconds
    30 seconds input rate 0 bits/sec, 0 packets/sec
    30 seconds output rate 0 bits/sec, 0 packets/sec
    input rate 0 bps, 0 pps; output rate 0 bps, 0 pps
  Load-Interval #2: 5 minute (300 seconds)
    300 seconds input rate 0 bits/sec, 0 packets/sec
    300 seconds output rate 0 bits/sec, 0 packets/sec
    input rate 0 bps, 0 pps; output rate 0 bps, 0 pps
  RX
    0 unicast packets  0 multicast packets  0 broadcast packets
    0 input packets  0 bytes
    0 jumbo packets  0 storm suppression packets
    0 runts  0 giants  0 CRC  0 no buffer
    0 input error  0 short frame  0 overrun   0 underrun  0 ignored
    0 watchdog  0 bad etype drop  0 bad proto drop  0 if down drop
    0 input with dribble  0 input discard
    0 Rx pause
  TX
    0 unicast packets  0 multicast packets  0 broadcast packets
    0 output packets  0 bytes
    0 jumbo packets
    0 output error  0 collision  0 deferred  0 late collision
    0 lost carrier  0 no carrier  0 babble  0 output discard
    0 Tx pause

Ethernet1/29 is down (Link not connected)
admin state is up, Dedicated Interface
  Hardware: 100/1000/10000 Ethernet, address: 5095.e400.1624 (bia 5095.e400.1624)
  MTU 1500 bytes, BW 10000000 Kbit, DLY 10 usec
  reliability 255/255, txload 1/255, rxload 1/255
  Encapsulation ARPA, medium is broadcast
  Port mode is access
  auto-duplex, auto-speed
  Beacon is turned off
  Auto-Negotiation is turned on  FEC mode is Auto
  Input flow-control is off, output flow-control is off
  Auto-mdix is turned off
  Switchport monitor is off 
  EtherType is 0x8100 
  EEE (efficient-ethernet) : n/a
  Last link flapped never
  Last clearing of "show interface" counters never
  0 interface resets
  Load-Interval #1: 30 seconds
    30 seconds input rate 0 bits/sec, 0 packets/sec
    30 seconds output rate 0 bits/sec, 0 packets/sec
    input rate 0 bps, 0 pps; output rate 0 bps, 0 pps
  Load-Interval #2: 5 minute (300 seconds)
    300 seconds input rate 0 bits/sec, 0 packets/sec
    300 seconds output rate 0 bits/sec, 0 packets/sec
    input rate 0 bps, 0 pps; output rate 0 bps, 0 pps
  RX
    0 unicast packets  0 multicast packets  0 broadcast packets
    0 input packets  0 bytes
    0 jumbo packets  0 storm suppression packets
    0 runts  0 giants  0 CRC  0 no buffer
    0 input error  0 short frame  0 overrun   0 underrun  0 ignored
    0 watchdog  0 bad etype drop  0 bad proto drop  0 if down drop
    0 input with dribble  0 input discard
    0 Rx pause
  TX
    0 unicast packets  0 multicast packets  0 broadcast packets
    0 output packets  0 bytes
    0 jumbo packets
    0 output error  0 collision  0 deferred  0 late collision
    0 lost carrier  0 no carrier  0 babble  0 output discard
    0 Tx pause

Ethernet1/30 is down (Link not connected)
admin state is up, Dedicated Interface
  Hardware: 100/1000/10000 Ethernet, address: 5095.e400.1625 (bia 5095.e400.1625)
  MTU 1500 bytes, BW 10000000 Kbit, DLY 10 usec
  reliability 255/255, txload 1/255, rxload 1/255
  Encapsulation ARPA, medium is broadcast
  Port mode is access
  auto-duplex, auto-speed
  Beacon is turned off
  Auto-Negotiation is turned on  FEC mode is Auto
  Input flow-control is off, output flow-control is off
  Auto-mdix is turned off
  Switchport monitor is off 
  EtherType is 0x8100 
  EEE (efficient-ethernet) : n/a
  Last link flapped never
  Last clearing of "show interface" counters never
  0 interface resets
  Load-Interval #1: 30 seconds
    30 seconds input rate 0 bits/sec, 0 packets/sec
    30 seconds output rate 0 bits/sec, 0 packets/sec
    input rate 0 bps, 0 pps; output rate 0 bps, 0 pps
  Load-Interval #2: 5 minute (300 seconds)
    300 seconds input rate 0 bits/sec, 0 packets/sec
    300 seconds output rate 0 bits/sec, 0 packets/sec
    input rate 0 bps, 0 pps; output rate 0 bps, 0 pps
  RX
    0 unicast packets  0 multicast packets  0 broadcast packets
    0 input packets  0 bytes
    0 jumbo packets  0 storm suppression packets
    0 runts  0 giants  0 CRC  0 no buffer
    0 input error  0 short frame  0 overrun   0 underrun  0 ignored
    0 watchdog  0 bad etype drop  0 bad proto drop  0 if down drop
    0 input with dribble  0 input discard
    0 Rx pause
  TX
    0 unicast packets  0 multicast packets  0 broadcast packets
    0 output packets  0 bytes
    0 jumbo packets
    0 output error  0 collision  0 deferred  0 late collision
    0 lost carrier  0 no carrier  0 babble  0 output discard
    0 Tx pause

Ethernet1/31 is down (Link not connected)
admin state is up, Dedicated Interface
  Hardware: 100/1000/10000 Ethernet, address: 5095.e400.1626 (bia 5095.e400.1626)
  MTU 1500 bytes, BW 10000000 Kbit, DLY 10 usec
  reliability 255/255, txload 1/255, rxload 1/255
  Encapsulation ARPA, medium is broadcast
  Port mode is access
  auto-duplex, auto-speed
  Beacon is turned off
  Auto-Negotiation is turned on  FEC mode is Auto
  Input flow-control is off, output flow-control is off
  Auto-mdix is turned off
  Switchport monitor is off 
  EtherType is 0x8100 
  EEE (efficient-ethernet) : n/a
  Last link flapped never
  Last clearing of "show interface" counters never
  0 interface resets
  Load-Interval #1: 30 seconds
    30 seconds input rate 0 bits/sec, 0 packets/sec
    30 seconds output rate 0 bits/sec, 0 packets/sec
    input rate 0 bps, 0 pps; output rate 0 bps, 0 pps
  Load-Interval #2: 5 minute (300 seconds)
    300 seconds input rate 0 bits/sec, 0 packets/sec
    300 seconds output rate 0 bits/sec, 0 packets/sec
    input rate 0 bps, 0 pps; output rate 0 bps, 0 pps
  RX
    0 unicast packets  0 multicast packets  0 broadcast packets
    0 input packets  0 bytes
    0 jumbo packets  0 storm suppression packets
    0 runts  0 giants  0 CRC  0 no buffer
    0 input error  0 short frame  0 overrun   0 underrun  0 ignored
    0 watchdog  0 bad etype drop  0 bad proto drop  0 if down drop
    0 input with dribble  0 input discard
    0 Rx pause
  TX
    0 unicast packets  0 multicast packets  0 broadcast packets
    0 output packets  0 bytes
    0 jumbo packets
    0 output error  0 collision  0 deferred  0 late collision
    0 lost carrier  0 no carrier  0 babble  0 output discard
    0 Tx pause

Ethernet1/32 is down (Link not connected)
admin state is up, Dedicated Interface
  Hardware: 100/1000/10000 Ethernet, address: 5095.e400.1627 (bia 5095.e400.1627)
  MTU 1500 bytes, BW 10000000 Kbit, DLY 10 usec
  reliability 255/255, txload 1/255, rxload 1/255
  Encapsulation ARPA, medium is broadcast
  Port mode is access
  auto-duplex, auto-speed
  Beacon is turned off
  Auto-Negotiation is turned on  FEC mode is Auto
  Input flow-control is off, output flow-control is off
  Auto-mdix is turned off
  Switchport monitor is off 
  EtherType is 0x8100 
  EEE (efficient-ethernet) : n/a
  Last link flapped never
  Last clearing of "show interface" counters never
  0 interface resets
  Load-Interval #1: 30 seconds
    30 seconds input rate 0 bits/sec, 0 packets/sec
    30 seconds output rate 0 bits/sec, 0 packets/sec
    input rate 0 bps, 0 pps; output rate 0 bps, 0 pps
  Load-Interval #2: 5 minute (300 seconds)
    300 seconds input rate 0 bits/sec, 0 packets/sec
    300 seconds output rate 0 bits/sec, 0 packets/sec
    input rate 0 bps, 0 pps; output rate 0 bps, 0 pps
  RX
    0 unicast packets  0 multicast packets  0 broadcast packets
    0 input packets  0 bytes
    0 jumbo packets  0 storm suppression packets
    0 runts  0 giants  0 CRC  0 no buffer
    0 input error  0 short frame  0 overrun   0 underrun  0 ignored
    0 watchdog  0 bad etype drop  0 bad proto drop  0 if down drop
    0 input with dribble  0 input discard
    0 Rx pause
  TX
    0 unicast packets  0 multicast packets  0 broadcast packets
    0 output packets  0 bytes
    0 jumbo packets
    0 output error  0 collision  0 deferred  0 late collision
    0 lost carrier  0 no carrier  0 babble  0 output discard
    0 Tx pause

Ethernet1/33 is down (Link not connected)
admin state is up, Dedicated Interface
  Hardware: 100/1000/10000 Ethernet, address: 5095.e400.1628 (bia 5095.e400.1628)
  MTU 1500 bytes, BW 10000000 Kbit, DLY 10 usec
  reliability 255/255, txload 1/255, rxload 1/255
  Encapsulation ARPA, medium is broadcast
  Port mode is access
  auto-duplex, auto-speed
  Beacon is turned off
  Auto-Negotiation is turned on  FEC mode is Auto
  Input flow-control is off, output flow-control is off
  Auto-mdix is turned off
  Switchport monitor is off 
  EtherType is 0x8100 
  EEE (efficient-ethernet) : n/a
  Last link flapped never
  Last clearing of "show interface" counters never
  0 interface resets
  Load-Interval #1: 30 seconds
    30 seconds input rate 0 bits/sec, 0 packets/sec
    30 seconds output rate 0 bits/sec, 0 packets/sec
    input rate 0 bps, 0 pps; output rate 0 bps, 0 pps
  Load-Interval #2: 5 minute (300 seconds)
    300 seconds input rate 0 bits/sec, 0 packets/sec
    300 seconds output rate 0 bits/sec, 0 packets/sec
    input rate 0 bps, 0 pps; output rate 0 bps, 0 pps
  RX
    0 unicast packets  0 multicast packets  0 broadcast packets
    0 input packets  0 bytes
    0 jumbo packets  0 storm suppression packets
    0 runts  0 giants  0 CRC  0 no buffer
    0 input error  0 short frame  0 overrun   0 underrun  0 ignored
    0 watchdog  0 bad etype drop  0 bad proto drop  0 if down drop
    0 input with dribble  0 input discard
    0 Rx pause
  TX
    0 unicast packets  0 multicast packets  0 broadcast packets
    0 output packets  0 bytes
    0 jumbo packets
    0 output error  0 collision  0 deferred  0 late collision
    0 lost carrier  0 no carrier  0 babble  0 output discard
    0 Tx pause

Ethernet1/34 is down (Link not connected)
admin state is up, Dedicated Interface
  Hardware: 100/1000/10000 Ethernet, address: 5095.e400.1629 (bia 5095.e400.1629)
  MTU 1500 bytes, BW 10000000 Kbit, DLY 10 usec
  reliability 255/255, txload 1/255, rxload 1/255
  Encapsulation ARPA, medium is broadcast
  Port mode is access
  auto-duplex, auto-speed
  Beacon is turned off
  Auto-Negotiation is turned on  FEC mode is Auto
  Input flow-control is off, output flow-control is off
  Auto-mdix is turned off
  Switchport monitor is off 
  EtherType is 0x8100 
  EEE (efficient-ethernet) : n/a
  Last link flapped never
  Last clearing of "show interface" counters never
  0 interface resets
  Load-Interval #1: 30 seconds
    30 seconds input rate 0 bits/sec, 0 packets/sec
    30 seconds output rate 0 bits/sec, 0 packets/sec
    input rate 0 bps, 0 pps; output rate 0 bps, 0 pps
  Load-Interval #2: 5 minute (300 seconds)
    300 seconds input rate 0 bits/sec, 0 packets/sec
    300 seconds output rate 0 bits/sec, 0 packets/sec
    input rate 0 bps, 0 pps; output rate 0 bps, 0 pps
  RX
    0 unicast packets  0 multicast packets  0 broadcast packets
    0 input packets  0 bytes
    0 jumbo packets  0 storm suppression packets
    0 runts  0 giants  0 CRC  0 no buffer
    0 input error  0 short frame  0 overrun   0 underrun  0 ignored
    0 watchdog  0 bad etype drop  0 bad proto drop  0 if down drop
    0 input with dribble  0 input discard
    0 Rx pause
  TX
    0 unicast packets  0 multicast packets  0 broadcast packets
    0 output packets  0 bytes
    0 jumbo packets
    0 output error  0 collision  0 deferred  0 late collision
    0 lost carrier  0 no carrier  0 babble  0 output discard
    0 Tx pause

Ethernet1/35 is down (Link not connected)
admin state is up, Dedicated Interface
  Hardware: 100/1000/10000 Ethernet, address: 5095.e400.162a (bia 5095.e400.162a)
  MTU 1500 bytes, BW 10000000 Kbit, DLY 10 usec
  reliability 255/255, txload 1/255, rxload 1/255
  Encapsulation ARPA, medium is broadcast
  Port mode is access
  auto-duplex, auto-speed
  Beacon is turned off
  Auto-Negotiation is turned on  FEC mode is Auto
  Input flow-control is off, output flow-control is off
  Auto-mdix is turned off
  Switchport monitor is off 
  EtherType is 0x8100 
  EEE (efficient-ethernet) : n/a
  Last link flapped never
  Last clearing of "show interface" counters never
  0 interface resets
  Load-Interval #1: 30 seconds
    30 seconds input rate 0 bits/sec, 0 packets/sec
    30 seconds output rate 0 bits/sec, 0 packets/sec
    input rate 0 bps, 0 pps; output rate 0 bps, 0 pps
  Load-Interval #2: 5 minute (300 seconds)
    300 seconds input rate 0 bits/sec, 0 packets/sec
    300 seconds output rate 0 bits/sec, 0 packets/sec
    input rate 0 bps, 0 pps; output rate 0 bps, 0 pps
  RX
    0 unicast packets  0 multicast packets  0 broadcast packets
    0 input packets  0 bytes
    0 jumbo packets  0 storm suppression packets
    0 runts  0 giants  0 CRC  0 no buffer
    0 input error  0 short frame  0 overrun   0 underrun  0 ignored
    0 watchdog  0 bad etype drop  0 bad proto drop  0 if down drop
    0 input with dribble  0 input discard
    0 Rx pause
  TX
    0 unicast packets  0 multicast packets  0 broadcast packets
    0 output packets  0 bytes
    0 jumbo packets
    0 output error  0 collision  0 deferred  0 late collision
    0 lost carrier  0 no carrier  0 babble  0 output discard
    0 Tx pause

Ethernet1/36 is down (Link not connected)
admin state is up, Dedicated Interface
  Hardware: 100/1000/10000 Ethernet, address: 5095.e400.162b (bia 5095.e400.162b)
  MTU 1500 bytes, BW 10000000 Kbit, DLY 10 usec
  reliability 255/255, txload 1/255, rxload 1/255
  Encapsulation ARPA, medium is broadcast
  Port mode is access
  auto-duplex, auto-speed
  Beacon is turned off
  Auto-Negotiation is turned on  FEC mode is Auto
  Input flow-control is off, output flow-control is off
  Auto-mdix is turned off
  Switchport monitor is off 
  EtherType is 0x8100 
  EEE (efficient-ethernet) : n/a
  Last link flapped never
  Last clearing of "show interface" counters never
  0 interface resets
  Load-Interval #1: 30 seconds
    30 seconds input rate 0 bits/sec, 0 packets/sec
    30 seconds output rate 0 bits/sec, 0 packets/sec
    input rate 0 bps, 0 pps; output rate 0 bps, 0 pps
  Load-Interval #2: 5 minute (300 seconds)
    300 seconds input rate 0 bits/sec, 0 packets/sec
    300 seconds output rate 0 bits/sec, 0 packets/sec
    input rate 0 bps, 0 pps; output rate 0 bps, 0 pps
  RX
    0 unicast packets  0 multicast packets  0 broadcast packets
    0 input packets  0 bytes
    0 jumbo packets  0 storm suppression packets
    0 runts  0 giants  0 CRC  0 no buffer
    0 input error  0 short frame  0 overrun   0 underrun  0 ignored
    0 watchdog  0 bad etype drop  0 bad proto drop  0 if down drop
    0 input with dribble  0 input discard
    0 Rx pause
  TX
    0 unicast packets  0 multicast packets  0 broadcast packets
    0 output packets  0 bytes
    0 jumbo packets
    0 output error  0 collision  0 deferred  0 late collision
    0 lost carrier  0 no carrier  0 babble  0 output discard
    0 Tx pause

Ethernet1/37 is down (Link not connected)
admin state is up, Dedicated Interface
  Hardware: 100/1000/10000 Ethernet, address: 5095.e400.162c (bia 5095.e400.162c)
  MTU 1500 bytes, BW 10000000 Kbit, DLY 10 usec
  reliability 255/255, txload 1/255, rxload 1/255
  Encapsulation ARPA, medium is broadcast
  Port mode is access
  auto-duplex, auto-speed
  Beacon is turned off
  Auto-Negotiation is turned on  FEC mode is Auto
  Input flow-control is off, output flow-control is off
  Auto-mdix is turned off
  Switchport monitor is off 
  EtherType is 0x8100 
  EEE (efficient-ethernet) : n/a
  Last link flapped never
  Last clearing of "show interface" counters never
  0 interface resets
  Load-Interval #1: 30 seconds
    30 seconds input rate 0 bits/sec, 0 packets/sec
    30 seconds output rate 0 bits/sec, 0 packets/sec
    input rate 0 bps, 0 pps; output rate 0 bps, 0 pps
  Load-Interval #2: 5 minute (300 seconds)
    300 seconds input rate 0 bits/sec, 0 packets/sec
    300 seconds output rate 0 bits/sec, 0 packets/sec
    input rate 0 bps, 0 pps; output rate 0 bps, 0 pps
  RX
    0 unicast packets  0 multicast packets  0 broadcast packets
    0 input packets  0 bytes
    0 jumbo packets  0 storm suppression packets
    0 runts  0 giants  0 CRC  0 no buffer
    0 input error  0 short frame  0 overrun   0 underrun  0 ignored
    0 watchdog  0 bad etype drop  0 bad proto drop  0 if down drop
    0 input with dribble  0 input discard
    0 Rx pause
  TX
    0 unicast packets  0 multicast packets  0 broadcast packets
    0 output packets  0 bytes
    0 jumbo packets
    0 output error  0 collision  0 deferred  0 late collision
    0 lost carrier  0 no carrier  0 babble  0 output discard
    0 Tx pause

Ethernet1/38 is down (Link not connected)
admin state is up, Dedicated Interface
  Hardware: 100/1000/10000 Ethernet, address: 5095.e400.162d (bia 5095.e400.162d)
  MTU 1500 bytes, BW 10000000 Kbit, DLY 10 usec
  reliability 255/255, txload 1/255, rxload 1/255
  Encapsulation ARPA, medium is broadcast
  Port mode is access
  auto-duplex, auto-speed
  Beacon is turned off
  Auto-Negotiation is turned on  FEC mode is Auto
  Input flow-control is off, output flow-control is off
  Auto-mdix is turned off
  Switchport monitor is off 
  EtherType is 0x8100 
  EEE (efficient-ethernet) : n/a
  Last link flapped never
  Last clearing of "show interface" counters never
  0 interface resets
  Load-Interval #1: 30 seconds
    30 seconds input rate 0 bits/sec, 0 packets/sec
    30 seconds output rate 0 bits/sec, 0 packets/sec
    input rate 0 bps, 0 pps; output rate 0 bps, 0 pps
  Load-Interval #2: 5 minute (300 seconds)
    300 seconds input rate 0 bits/sec, 0 packets/sec
    300 seconds output rate 0 bits/sec, 0 packets/sec
    input rate 0 bps, 0 pps; output rate 0 bps, 0 pps
  RX
    0 unicast packets  0 multicast packets  0 broadcast packets
    0 input packets  0 bytes
    0 jumbo packets  0 storm suppression packets
    0 runts  0 giants  0 CRC  0 no buffer
    0 input error  0 short frame  0 overrun   0 underrun  0 ignored
    0 watchdog  0 bad etype drop  0 bad proto drop  0 if down drop
    0 input with dribble  0 input discard
    0 Rx pause
  TX
    0 unicast packets  0 multicast packets  0 broadcast packets
    0 output packets  0 bytes
    0 jumbo packets
    0 output error  0 collision  0 deferred  0 late collision
    0 lost carrier  0 no carrier  0 babble  0 output discard
    0 Tx pause

Ethernet1/39 is down (Link not connected)
admin state is up, Dedicated Interface
  Hardware: 100/1000/10000 Ethernet, address: 5095.e400.162e (bia 5095.e400.162e)
  MTU 1500 bytes, BW 10000000 Kbit, DLY 10 usec
  reliability 255/255, txload 1/255, rxload 1/255
  Encapsulation ARPA, medium is broadcast
  Port mode is access
  auto-duplex, auto-speed
  Beacon is turned off
  Auto-Negotiation is turned on  FEC mode is Auto
  Input flow-control is off, output flow-control is off
  Auto-mdix is turned off
  Switchport monitor is off 
  EtherType is 0x8100 
  EEE (efficient-ethernet) : n/a
  Last link flapped never
  Last clearing of "show interface" counters never
  0 interface resets
  Load-Interval #1: 30 seconds
    30 seconds input rate 0 bits/sec, 0 packets/sec
    30 seconds output rate 0 bits/sec, 0 packets/sec
    input rate 0 bps, 0 pps; output rate 0 bps, 0 pps
  Load-Interval #2: 5 minute (300 seconds)
    300 seconds input rate 0 bits/sec, 0 packets/sec
    300 seconds output rate 0 bits/sec, 0 packets/sec
    input rate 0 bps, 0 pps; output rate 0 bps, 0 pps
  RX
    0 unicast packets  0 multicast packets  0 broadcast packets
    0 input packets  0 bytes
    0 jumbo packets  0 storm suppression packets
    0 runts  0 giants  0 CRC  0 no buffer
    0 input error  0 short frame  0 overrun   0 underrun  0 ignored
    0 watchdog  0 bad etype drop  0 bad proto drop  0 if down drop
    0 input with dribble  0 input discard
    0 Rx pause
  TX
    0 unicast packets  0 multicast packets  0 broadcast packets
    0 output packets  0 bytes
    0 jumbo packets
    0 output error  0 collision  0 deferred  0 late collision
    0 lost carrier  0 no carrier  0 babble  0 output discard
    0 Tx pause

Ethernet1/40 is down (Link not connected)
admin state is up, Dedicated Interface
  Hardware: 100/1000/10000 Ethernet, address: 5095.e400.162f (bia 5095.e400.162f)
  MTU 1500 bytes, BW 10000000 Kbit, DLY 10 usec
  reliability 255/255, txload 1/255, rxload 1/255
  Encapsulation ARPA, medium is broadcast
  Port mode is access
  auto-duplex, auto-speed
  Beacon is turned off
  Auto-Negotiation is turned on  FEC mode is Auto
  Input flow-control is off, output flow-control is off
  Auto-mdix is turned off
  Switchport monitor is off 
  EtherType is 0x8100 
  EEE (efficient-ethernet) : n/a
  Last link flapped never
  Last clearing of "show interface" counters never
  0 interface resets
  Load-Interval #1: 30 seconds
    30 seconds input rate 0 bits/sec, 0 packets/sec
    30 seconds output rate 0 bits/sec, 0 packets/sec
    input rate 0 bps, 0 pps; output rate 0 bps, 0 pps
  Load-Interval #2: 5 minute (300 seconds)
    300 seconds input rate 0 bits/sec, 0 packets/sec
    300 seconds output rate 0 bits/sec, 0 packets/sec
    input rate 0 bps, 0 pps; output rate 0 bps, 0 pps
  RX
    0 unicast packets  0 multicast packets  0 broadcast packets
    0 input packets  0 bytes
    0 jumbo packets  0 storm suppression packets
    0 runts  0 giants  0 CRC  0 no buffer
    0 input error  0 short frame  0 overrun   0 underrun  0 ignored
    0 watchdog  0 bad etype drop  0 bad proto drop  0 if down drop
    0 input with dribble  0 input discard
    0 Rx pause
  TX
    0 unicast packets  0 multicast packets  0 broadcast packets
    0 output packets  0 bytes
    0 jumbo packets
    0 output error  0 collision  0 deferred  0 late collision
    0 lost carrier  0 no carrier  0 babble  0 output discard
    0 Tx pause

Ethernet1/41 is down (Link not connected)
admin state is up, Dedicated Interface
  Hardware: 100/1000/10000 Ethernet, address: 5095.e400.1630 (bia 5095.e400.1630)
  MTU 1500 bytes, BW 10000000 Kbit, DLY 10 usec
  reliability 255/255, txload 1/255, rxload 1/255
  Encapsulation ARPA, medium is broadcast
  Port mode is access
  auto-duplex, auto-speed
  Beacon is turned off
  Auto-Negotiation is turned on  FEC mode is Auto
  Input flow-control is off, output flow-control is off
  Auto-mdix is turned off
  Switchport monitor is off 
  EtherType is 0x8100 
  EEE (efficient-ethernet) : n/a
  Last link flapped never
  Last clearing of "show interface" counters never
  0 interface resets
  Load-Interval #1: 30 seconds
    30 seconds input rate 0 bits/sec, 0 packets/sec
    30 seconds output rate 0 bits/sec, 0 packets/sec
    input rate 0 bps, 0 pps; output rate 0 bps, 0 pps
  Load-Interval #2: 5 minute (300 seconds)
    300 seconds input rate 0 bits/sec, 0 packets/sec
    300 seconds output rate 0 bits/sec, 0 packets/sec
    input rate 0 bps, 0 pps; output rate 0 bps, 0 pps
  RX
    0 unicast packets  0 multicast packets  0 broadcast packets
    0 input packets  0 bytes
    0 jumbo packets  0 storm suppression packets
    0 runts  0 giants  0 CRC  0 no buffer
    0 input error  0 short frame  0 overrun   0 underrun  0 ignored
    0 watchdog  0 bad etype drop  0 bad proto drop  0 if down drop
    0 input with dribble  0 input discard
    0 Rx pause
  TX
    0 unicast packets  0 multicast packets  0 broadcast packets
    0 output packets  0 bytes
    0 jumbo packets
    0 output error  0 collision  0 deferred  0 late collision
    0 lost carrier  0 no carrier  0 babble  0 output discard
    0 Tx pause

Ethernet1/42 is down (Link not connected)
admin state is up, Dedicated Interface
  Hardware: 100/1000/10000 Ethernet, address: 5095.e400.1631 (bia 5095.e400.1631)
  MTU 1500 bytes, BW 10000000 Kbit, DLY 10 usec
  reliability 255/255, txload 1/255, rxload 1/255
  Encapsulation ARPA, medium is broadcast
  Port mode is access
  auto-duplex, auto-speed
  Beacon is turned off
  Auto-Negotiation is turned on  FEC mode is Auto
  Input flow-control is off, output flow-control is off
  Auto-mdix is turned off
  Switchport monitor is off 
  EtherType is 0x8100 
  EEE (efficient-ethernet) : n/a
  Last link flapped never
  Last clearing of "show interface" counters never
  0 interface resets
  Load-Interval #1: 30 seconds
    30 seconds input rate 0 bits/sec, 0 packets/sec
    30 seconds output rate 0 bits/sec, 0 packets/sec
    input rate 0 bps, 0 pps; output rate 0 bps, 0 pps
  Load-Interval #2: 5 minute (300 seconds)
    300 seconds input rate 0 bits/sec, 0 packets/sec
    300 seconds output rate 0 bits/sec, 0 packets/sec
    input rate 0 bps, 0 pps; output rate 0 bps, 0 pps
  RX
    0 unicast packets  0 multicast packets  0 broadcast packets
    0 input packets  0 bytes
    0 jumbo packets  0 storm suppression packets
    0 runts  0 giants  0 CRC  0 no buffer
    0 input error  0 short frame  0 overrun   0 underrun  0 ignored
    0 watchdog  0 bad etype drop  0 bad proto drop  0 if down drop
    0 input with dribble  0 input discard
    0 Rx pause
  TX
    0 unicast packets  0 multicast packets  0 broadcast packets
    0 output packets  0 bytes
    0 jumbo packets
    0 output error  0 collision  0 deferred  0 late collision
    0 lost carrier  0 no carrier  0 babble  0 output discard
    0 Tx pause

Ethernet1/43 is down (Link not connected)
admin state is up, Dedicated Interface
  Hardware: 100/1000/10000 Ethernet, address: 5095.e400.1632 (bia 5095.e400.1632)
  MTU 1500 bytes, BW 10000000 Kbit, DLY 10 usec
  reliability 255/255, txload 1/255, rxload 1/255
  Encapsulation ARPA, medium is broadcast
  Port mode is access
  auto-duplex, auto-speed
  Beacon is turned off
  Auto-Negotiation is turned on  FEC mode is Auto
  Input flow-control is off, output flow-control is off
  Auto-mdix is turned off
  Switchport monitor is off 
  EtherType is 0x8100 
  EEE (efficient-ethernet) : n/a
  Last link flapped never
  Last clearing of "show interface" counters never
  0 interface resets
[...]
  MTU 1500 bytes, BW 10000000 Kbit, DLY 10 usec
  reliability 255/255, txload 1/255, rxload 1/255
  Encapsulation ARPA, medium is broadcast
  Port mode is access
  auto-duplex, auto-speed
  Beacon is turned off
  Auto-Negotiation is turned on  FEC mode is Auto
  Input flow-control is off, output flow-control is off
  Auto-mdix is turned off
  Switchport monitor is off 
  EtherType is 0x8100 
  EEE (efficient-ethernet) : n/a
  Last link flapped never
  Last clearing of "show interface" counters never
  0 interface resets
  Load-Interval #1: 30 seconds
    30 seconds input rate 0 bits/sec, 0 packets/sec
    30 seconds output rate 0 bits/sec, 0 packets/sec
    input rate 0 bps, 0 pps; output rate 0 bps, 0 pps
  Load-Interval #2: 5 minute (300 seconds)
    300 seconds input rate 0 bits/sec, 0 packets/sec
    300 seconds output rate 0 bits/sec, 0 packets/sec
    input rate 0 bps, 0 pps; output rate 0 bps, 0 pps
  RX
    0 unicast packets  0 multicast packets  0 broadcast packets
    0 input packets  0 bytes
    0 jumbo packets  0 storm suppression packets
    0 runts  0 giants  0 CRC  0 no buffer
    0 input error  0 short frame  0 overrun   0 underrun  0 ignored
    0 watchdog  0 bad etype drop  0 bad proto drop  0 if down drop
    0 input with dribble  0 input discard
    0 Rx pause
  TX
    0 unicast packets  0 multicast packets  0 broadcast packets
    0 output packets  0 bytes
    0 jumbo packets
    0 output error  0 collision  0 deferred  0 late collision
    0 lost carrier  0 no carrier  0 babble  0 output discard
    0 Tx pause

Ethernet1/121 is down (Link not connected)
admin state is up, Dedicated Interface
  Hardware: 100/1000/10000 Ethernet, address: 5095.e400.1680 (bia 5095.e400.1680)
  MTU 1500 bytes, BW 10000000 Kbit, DLY 10 usec
  reliability 255/255, txload 1/255, rxload 1/255
  Encapsulation ARPA, medium is broadcast
  Port mode is access
  auto-duplex, auto-speed
  Beacon is turned off
  Auto-Negotiation is turned on  FEC mode is Auto
  Input flow-control is off, output flow-control is off
  Auto-mdix is turned off
  Switchport monitor is off 
  EtherType is 0x8100 
  EEE (efficient-ethernet) : n/a
  Last link flapped never
  Last clearing of "show interface" counters never
  0 interface resets
  Load-Interval #1: 30 seconds
    30 seconds input rate 0 bits/sec, 0 packets/sec
    30 seconds output rate 0 bits/sec, 0 packets/sec
    input rate 0 bps, 0 pps; output rate 0 bps, 0 pps
  Load-Interval #2: 5 minute (300 seconds)
    300 seconds input rate 0 bits/sec, 0 packets/sec
    300 seconds output rate 0 bits/sec, 0 packets/sec
    input rate 0 bps, 0 pps; output rate 0 bps, 0 pps
  RX
    0 unicast packets  0 multicast packets  0 broadcast packets
    0 input packets  0 bytes
    0 jumbo packets  0 storm suppression packets
    0 runts  0 giants  0 CRC  0 no buffer
    0 input error  0 short frame  0 overrun   0 underrun  0 ignored
    0 watchdog  0 bad etype drop  0 bad proto drop  0 if down drop
    0 input with dribble  0 input discard
    0 Rx pause
  TX
    0 unicast packets  0 multicast packets  0 broadcast packets
    0 output packets  0 bytes
    0 jumbo packets
    0 output error  0 collision  0 deferred  0 late collision
    0 lost carrier  0 no carrier  0 babble  0 output discard
    0 Tx pause

Ethernet1/122 is down (Link not connected)
admin state is up, Dedicated Interface
  Hardware: 100/1000/10000 Ethernet, address: 5095.e400.1681 (bia 5095.e400.1681)
  MTU 1500 bytes, BW 10000000 Kbit, DLY 10 usec
  reliability 255/255, txload 1/255, rxload 1/255
  Encapsulation ARPA, medium is broadcast
  Port mode is access
  auto-duplex, auto-speed
  Beacon is turned off
  Auto-Negotiation is turned on  FEC mode is Auto
  Input flow-control is off, output flow-control is off
  Auto-mdix is turned off
  Switchport monitor is off 
  EtherType is 0x8100 
  EEE (efficient-ethernet) : n/a
  Last link flapped never
  Last clearing of "show interface" counters never
  0 interface resets
  Load-Interval #1: 30 seconds
    30 seconds input rate 0 bits/sec, 0 packets/sec
    30 seconds output rate 0 bits/sec, 0 packets/sec
    input rate 0 bps, 0 pps; output rate 0 bps, 0 pps
  Load-Interval #2: 5 minute (300 seconds)
    300 seconds input rate 0 bits/sec, 0 packets/sec
    300 seconds output rate 0 bits/sec, 0 packets/sec
    input rate 0 bps, 0 pps; output rate 0 bps, 0 pps
  RX
    0 unicast packets  0 multicast packets  0 broadcast packets
    0 input packets  0 bytes
    0 jumbo packets  0 storm suppression packets
    0 runts  0 giants  0 CRC  0 no buffer
    0 input error  0 short frame  0 overrun   0 underrun  0 ignored
    0 watchdog  0 bad etype drop  0 bad proto drop  0 if down drop
    0 input with dribble  0 input discard
    0 Rx pause
  TX
    0 unicast packets  0 multicast packets  0 broadcast packets
    0 output packets  0 bytes
    0 jumbo packets
    0 output error  0 collision  0 deferred  0 late collision
    0 lost carrier  0 no carrier  0 babble  0 output discard
    0 Tx pause

Ethernet1/123 is down (Link not connected)
admin state is up, Dedicated Interface
  Hardware: 100/1000/10000 Ethernet, address: 5095.e400.1682 (bia 5095.e400.1682)
  MTU 1500 bytes, BW 10000000 Kbit, DLY 10 usec
  reliability 255/255, txload 1/255, rxload 1/255
  Encapsulation ARPA, medium is broadcast
  Port mode is access
  auto-duplex, auto-speed
  Beacon is turned off
  Auto-Negotiation is turned on  FEC mode is Auto
  Input flow-control is off, output flow-control is off
  Auto-mdix is turned off
  Switchport monitor is off 
  EtherType is 0x8100 
  EEE (efficient-ethernet) : n/a
  Last link flapped never
  Last clearing of "show interface" counters never
  0 interface resets
  Load-Interval #1: 30 seconds
    30 seconds input rate 0 bits/sec, 0 packets/sec
    30 seconds output rate 0 bits/sec, 0 packets/sec
    input rate 0 bps, 0 pps; output rate 0 bps, 0 pps
  Load-Interval #2: 5 minute (300 seconds)
    300 seconds input rate 0 bits/sec, 0 packets/sec
    300 seconds output rate 0 bits/sec, 0 packets/sec
    input rate 0 bps, 0 pps; output rate 0 bps, 0 pps
  RX
    0 unicast packets  0 multicast packets  0 broadcast packets
    0 input packets  0 bytes
    0 jumbo packets  0 storm suppression packets
    0 runts  0 giants  0 CRC  0 no buffer
    0 input error  0 short frame  0 overrun   0 underrun  0 ignored
    0 watchdog  0 bad etype drop  0 bad proto drop  0 if down drop
    0 input with dribble  0 input discard
    0 Rx pause
  TX
    0 unicast packets  0 multicast packets  0 broadcast packets
    0 output packets  0 bytes
    0 jumbo packets
    0 output error  0 collision  0 deferred  0 late collision
    0 lost carrier  0 no carrier  0 babble  0 output discard
    0 Tx pause

Ethernet1/124 is down (Link not connected)
admin state is up, Dedicated Interface
  Hardware: 100/1000/10000 Ethernet, address: 5095.e400.1683 (bia 5095.e400.1683)
  MTU 1500 bytes, BW 10000000 Kbit, DLY 10 usec
  reliability 255/255, txload 1/255, rxload 1/255
  Encapsulation ARPA, medium is broadcast
  Port mode is access
  auto-duplex, auto-speed
  Beacon is turned off
  Auto-Negotiation is turned on  FEC mode is Auto
  Input flow-control is off, output flow-control is off
  Auto-mdix is turned off
  Switchport monitor is off 
  EtherType is 0x8100 
  EEE (efficient-ethernet) : n/a
  Last link flapped never
  Last clearing of "show interface" counters never
  0 interface resets
  Load-Interval #1: 30 seconds
    30 seconds input rate 0 bits/sec, 0 packets/sec
    30 seconds output rate 0 bits/sec, 0 packets/sec
    input rate 0 bps, 0 pps; output rate 0 bps, 0 pps
  Load-Interval #2: 5 minute (300 seconds)
    300 seconds input rate 0 bits/sec, 0 packets/sec
    300 seconds output rate 0 bits/sec, 0 packets/sec
    input rate 0 bps, 0 pps; output rate 0 bps, 0 pps
  RX
    0 unicast packets  0 multicast packets  0 broadcast packets
    0 input packets  0 bytes
    0 jumbo packets  0 storm suppression packets
    0 runts  0 giants  0 CRC  0 no buffer
    0 input error  0 short frame  0 overrun   0 underrun  0 ignored
    0 watchdog  0 bad etype drop  0 bad proto drop  0 if down drop
    0 input with dribble  0 input discard
    0 Rx pause
  TX
    0 unicast packets  0 multicast packets  0 broadcast packets
    0 output packets  0 bytes
    0 jumbo packets
    0 output error  0 collision  0 deferred  0 late collision
    0 lost carrier  0 no carrier  0 babble  0 output discard
    0 Tx pause

Ethernet1/125 is down (Link not connected)
admin state is up, Dedicated Interface
  Hardware: 100/1000/10000 Ethernet, address: 5095.e400.1684 (bia 5095.e400.1684)
  MTU 1500 bytes, BW 10000000 Kbit, DLY 10 usec
  reliability 255/255, txload 1/255, rxload 1/255
  Encapsulation ARPA, medium is broadcast
  Port mode is access
  auto-duplex, auto-speed
  Beacon is turned off
  Auto-Negotiation is turned on  FEC mode is Auto
  Input flow-control is off, output flow-control is off
  Auto-mdix is turned off
  Switchport monitor is off 
  EtherType is 0x8100 
  EEE (efficient-ethernet) : n/a
  Last link flapped never
  Last clearing of "show interface" counters never
  0 interface resets
  Load-Interval #1: 30 seconds
    30 seconds input rate 0 bits/sec, 0 packets/sec
    30 seconds output rate 0 bits/sec, 0 packets/sec
    input rate 0 bps, 0 pps; output rate 0 bps, 0 pps
  Load-Interval #2: 5 minute (300 seconds)
    300 seconds input rate 0 bits/sec, 0 packets/sec
    300 seconds output rate 0 bits/sec, 0 packets/sec
    input rate 0 bps, 0 pps; output rate 0 bps, 0 pps
  RX
    0 unicast packets  0 multicast packets  0 broadcast packets
    0 input packets  0 bytes
    0 jumbo packets  0 storm suppression packets
    0 runts  0 giants  0 CRC  0 no buffer
    0 input error  0 short frame  0 overrun   0 underrun  0 ignored
    0 watchdog  0 bad etype drop  0 bad proto drop  0 if down drop
    0 input with dribble  0 input discard
    0 Rx pause
  TX
    0 unicast packets  0 multicast packets  0 broadcast packets
    0 output packets  0 bytes
    0 jumbo packets
    0 output error  0 collision  0 deferred  0 late collision
    0 lost carrier  0 no carrier  0 babble  0 output discard
    0 Tx pause

Ethernet1/126 is down (Link not connected)
admin state is up, Dedicated Interface
  Hardware: 100/1000/10000 Ethernet, address: 5095.e400.1685 (bia 5095.e400.1685)
  MTU 1500 bytes, BW 10000000 Kbit, DLY 10 usec
  reliability 255/255, txload 1/255, rxload 1/255
  Encapsulation ARPA, medium is broadcast
  Port mode is access
  auto-duplex, auto-speed
  Beacon is turned off
  Auto-Negotiation is turned on  FEC mode is Auto
  Input flow-control is off, output flow-control is off
  Auto-mdix is turned off
  Switchport monitor is off 
  EtherType is 0x8100 
  EEE (efficient-ethernet) : n/a
  Last link flapped never
  Last clearing of "show interface" counters never
  0 interface resets
  Load-Interval #1: 30 seconds
    30 seconds input rate 0 bits/sec, 0 packets/sec
    30 seconds output rate 0 bits/sec, 0 packets/sec
    input rate 0 bps, 0 pps; output rate 0 bps, 0 pps
  Load-Interval #2: 5 minute (300 seconds)
    300 seconds input rate 0 bits/sec, 0 packets/sec
    300 seconds output rate 0 bits/sec, 0 packets/sec
    input rate 0 bps, 0 pps; output rate 0 bps, 0 pps
  RX
    0 unicast packets  0 multicast packets  0 broadcast packets
    0 input packets  0 bytes
    0 jumbo packets  0 storm suppression packets
    0 runts  0 giants  0 CRC  0 no buffer
    0 input error  0 short frame  0 overrun   0 underrun  0 ignored
    0 watchdog  0 bad etype drop  0 bad proto drop  0 if down drop
    0 input with dribble  0 input discard
    0 Rx pause
  TX
    0 unicast packets  0 multicast packets  0 broadcast packets
    0 output packets  0 bytes
    0 jumbo packets
    0 output error  0 collision  0 deferred  0 late collision
    0 lost carrier  0 no carrier  0 babble  0 output discard
    0 Tx pause

Ethernet1/127 is down (Link not connected)
admin state is up, Dedicated Interface
  Hardware: 100/1000/10000 Ethernet, address: 5095.e400.1686 (bia 5095.e400.1686)
  MTU 1500 bytes, BW 10000000 Kbit, DLY 10 usec
  reliability 255/255, txload 1/255, rxload 1/255
  Encapsulation ARPA, medium is broadcast
  Port mode is access
  auto-duplex, auto-speed
  Beacon is turned off
  Auto-Negotiation is turned on  FEC mode is Auto
  Input flow-control is off, output flow-control is off
  Auto-mdix is turned off
  Switchport monitor is off 
  EtherType is 0x8100 
  EEE (efficient-ethernet) : n/a
  Last link flapped never
  Last clearing of "show interface" counters never
  0 interface resets
  Load-Interval #1: 30 seconds
    30 seconds input rate 0 bits/sec, 0 packets/sec
    30 seconds output rate 0 bits/sec, 0 packets/sec
    input rate 0 bps, 0 pps; output rate 0 bps, 0 pps
  Load-Interval #2: 5 minute (300 seconds)
    300 seconds input rate 0 bits/sec, 0 packets/sec
    300 seconds output rate 0 bits/sec, 0 packets/sec
    input rate 0 bps, 0 pps; output rate 0 bps, 0 pps
  RX
    0 unicast packets  0 multicast packets  0 broadcast packets
    0 input packets  0 bytes
    0 jumbo packets  0 storm suppression packets
    0 runts  0 giants  0 CRC  0 no buffer
    0 input error  0 short frame  0 overrun   0 underrun  0 ignored
    0 watchdog  0 bad etype drop  0 bad proto drop  0 if down drop
    0 input with dribble  0 input discard
    0 Rx pause
  TX
    0 unicast packets  0 multicast packets  0 broadcast packets
    0 output packets  0 bytes
    0 jumbo packets
    0 output error  0 collision  0 deferred  0 late collision
    0 lost carrier  0 no carrier  0 babble  0 output discard
    0 Tx pause

Ethernet1/128 is down (Link not connected)
admin state is up, Dedicated Interface
  Hardware: 100/1000/10000 Ethernet, address: 5095.e400.1687 (bia 5095.e400.1687)
  MTU 1500 bytes, BW 10000000 Kbit, DLY 10 usec
  reliability 255/255, txload 1/255, rxload 1/255
  Encapsulation ARPA, medium is broadcast
  Port mode is access
  auto-duplex, auto-speed
  Beacon is turned off
  Auto-Negotiation is turned on  FEC mode is Auto
  Input flow-control is off, output flow-control is off
  Auto-mdix is turned off
  Switchport monitor is off 
  EtherType is 0x8100 
  EEE (efficient-ethernet) : n/a
  Last link flapped never
  Last clearing of "show interface" counters never
  0 interface resets
  Load-Interval #1: 30 seconds
    30 seconds input rate 0 bits/sec, 0 packets/sec
    30 seconds output rate 0 bits/sec, 0 packets/sec
    input rate 0 bps, 0 pps; output rate 0 bps, 0 pps
  Load-Interval #2: 5 minute (300 seconds)
    300 seconds input rate 0 bits/sec, 0 packets/sec
    300 seconds output rate 0 bits/sec, 0 packets/sec
    input rate 0 bps, 0 pps; output rate 0 bps, 0 pps
  RX
    0 unicast packets  0 multicast packets  0 broadcast packets
    0 input packets  0 bytes
    0 jumbo packets  0 storm suppression packets
    0 runts  0 giants  0 CRC  0 no buffer
    0 input error  0 short frame  0 overrun   0 underrun  0 ignored
    0 watchdog  0 bad etype drop  0 bad proto drop  0 if down drop
    0 input with dribble  0 input discard
    0 Rx pause
  TX
    0 unicast packets  0 multicast packets  0 broadcast packets
    0 output packets  0 bytes
    0 jumbo packets
    0 output error  0 collision  0 deferred  0 late collision
    0 lost carrier  0 no carrier  0 babble  0 output discard
    0 Tx pause

loopback1 is up
admin state is up,
  Hardware: Loopback
  Internet Address is 40.0.0.1/24
  MTU 1500 bytes, BW 8000000 Kbit, DLY 5000 usec
  reliability 255/255, txload 1/255, rxload 1/255
  Encapsulation LOOPBACK, medium is broadcast
  Auto-mdix is turned off
    0 packets input 0 bytes
    0 multicast frames 0 compressed
    0 input errors 0 frame 0 overrun 0 fifo
    0 packets output 0 bytes 0 underruns
    0 output errors 0 collisions 0 fifo
    0 out_carrier_errors

NXOS#</msg>
<msg timestamp="20221214 12:38:07.018" level="INFO">${output} = {'mgmt0': {'port_channel': {'port_channel_member': False}, 'link_state': 'down', 'oper_status': 'down', 'enabled': True, 'admin_state': 'up', 'types': 'Ethernet', 'mac_address': '5095.e400.1600', 'phy...</msg>
<status status="PASS" starttime="20221214 12:38:02.676" endtime="20221214 12:38:07.018"/>
</kw>
<kw name="Get Dictionary Items" library="Collections">
<var>${items}</var>
<arg>${output}</arg>
<arg>True</arg>
<doc>Returns items of the given ``dictionary`` as a list.</doc>
<msg timestamp="20221214 12:38:07.023" level="INFO">${items} = ['Ethernet1/1', {'port_channel': {'port_channel_member': False}, 'link_state': 'up', 'oper_status': 'up', 'enabled': True, 'admin_state': 'up', 'dedicated_interface': True, 'types': '100/1000/10000 Et...</msg>
<status status="PASS" starttime="20221214 12:38:07.019" endtime="20221214 12:38:07.023"/>
</kw>
<kw name=":FOR">
<arg>${key}</arg>
<arg>${value}</arg>
<arg>IN</arg>
<arg>@{items}</arg>
<msg timestamp="20221214 12:38:07.024" level="FAIL">Support for the old FOR loop syntax has been removed. Replace ':FOR' with 'FOR', end the loop with 'END', and remove escaping backslashes.</msg>
<status status="FAIL" starttime="20221214 12:38:07.024" endtime="20221214 12:38:07.024"/>
</kw>
<kw name="\">
<arg>Log</arg>
<arg>"Checking for CRC error"</arg>
<status status="NOT RUN" starttime="20221214 12:38:07.025" endtime="20221214 12:38:07.025"/>
</kw>
<kw name="\">
<arg>${crc_value}=</arg>
<arg>evaluate</arg>
<arg>$value.get("counter", {}).get("in_crc_errors", 0)</arg>
<status status="NOT RUN" starttime="20221214 12:38:07.025" endtime="20221214 12:38:07.025"/>
</kw>
<kw name="\">
<arg>${crc_value}=</arg>
<arg>Convert To String</arg>
<arg>${crc_value}</arg>
<status status="NOT RUN" starttime="20221214 12:38:07.026" endtime="20221214 12:38:07.026"/>
</kw>
<kw name="\">
<arg>Run keyword And Continue On Failure</arg>
<arg>should be equal</arg>
<arg>${crc_value}</arg>
<arg>0</arg>
<status status="NOT RUN" starttime="20221214 12:38:07.026" endtime="20221214 12:38:07.027"/>
</kw>
<kw name="\">
<arg>Log</arg>
<arg>"Checking for late collision error"</arg>
<status status="NOT RUN" starttime="20221214 12:38:07.027" endtime="20221214 12:38:07.027"/>
</kw>
<kw name="\">
<arg>${late_value}=</arg>
<arg>evaluate</arg>
<arg>$value.get("counter", {}).get("late_collision", 0)</arg>
<status status="NOT RUN" starttime="20221214 12:38:07.028" endtime="20221214 12:38:07.028"/>
</kw>
<kw name="\">
<arg>${late_value}=</arg>
<arg>Convert To String</arg>
<arg>${late_value}</arg>
<status status="NOT RUN" starttime="20221214 12:38:07.028" endtime="20221214 12:38:07.028"/>
</kw>
<kw name="\">
<arg>Run keyword And Continue On Failure</arg>
<arg>should be equal</arg>
<arg>${late_value}</arg>
<arg>0</arg>
<status status="NOT RUN" starttime="20221214 12:38:07.029" endtime="20221214 12:38:07.029"/>
</kw>
<status status="FAIL" starttime="20221214 12:38:02.675" endtime="20221214 12:38:07.030">Support for the old FOR loop syntax has been removed. Replace ':FOR' with 'FOR', end the loop with 'END', and remove escaping backslashes.</status>
</test>
<status status="FAIL" starttime="20221214 12:37:55.715" endtime="20221214 12:38:07.031"/>
</suite>
<statistics>
<total>
<stat pass="0" fail="1" skip="0">All Tests</stat>
</total>
<tag>
</tag>
<suite>
<stat pass="0" fail="1" skip="0" id="s1" name="Monitor Interfaces">Monitor Interfaces</stat>
</suite>
</statistics>
<errors>
<msg timestamp="20221214 12:37:56.725" level="WARN">Keyword 'genie.libs.robot.GenieRobot.use genie testbed "${testbed}"' is deprecated. Please use the "use testbed "${testbed}" keyword instead.</msg>
<msg timestamp="20221214 12:37:56.729" level="WARN">Using the default YAML encoding key since no key was specified in configuration.
THIS IS A SHARED KEY AND IS NOT SECURE, PLEASE RUN `pyats secret keygen` AND ADD TO YOUR pyats.conf FILE BEFORE ENCODING ANY VALUES.</msg>
<msg timestamp="20221214 12:37:56.808" level="WARN">Could not load the trigger datafile correctly, did you specify 'uut' device alias?</msg>
</errors>
</robot>
